{"/home/dev/repos/club/packages/mcp/src/helpers.ts": {"path":"/home/dev/repos/club/packages/mcp/src/helpers.ts","statementMap":{"0":{"start":{"line":15,"column":2},"end":{"line":15,"column":null}},"1":{"start":{"line":24,"column":2},"end":{"line":24,"column":null}},"2":{"start":{"line":24,"column":29},"end":{"line":24,"column":null}},"3":{"start":{"line":25,"column":2},"end":{"line":25,"column":null}},"4":{"start":{"line":25,"column":24},"end":{"line":25,"column":null}},"5":{"start":{"line":25,"column":60},"end":{"line":25,"column":81}},"6":{"start":{"line":26,"column":2},"end":{"line":26,"column":null}},"7":{"start":{"line":35,"column":2},"end":{"line":35,"column":null}},"8":{"start":{"line":44,"column":12},"end":{"line":44,"column":null}},"9":{"start":{"line":45,"column":2},"end":{"line":45,"column":null}},"10":{"start":{"line":58,"column":2},"end":{"line":58,"column":null}},"11":{"start":{"line":58,"column":55},"end":{"line":58,"column":null}},"12":{"start":{"line":59,"column":2},"end":{"line":59,"column":null}},"13":{"start":{"line":59,"column":53},"end":{"line":59,"column":null}},"14":{"start":{"line":60,"column":2},"end":{"line":60,"column":null}},"15":{"start":{"line":77,"column":2},"end":{"line":77,"column":null}},"16":{"start":{"line":77,"column":16},"end":{"line":77,"column":null}},"17":{"start":{"line":78,"column":2},"end":{"line":78,"column":null}},"18":{"start":{"line":99,"column":2},"end":{"line":120,"column":null}},"19":{"start":{"line":100,"column":31},"end":{"line":100,"column":null}},"20":{"start":{"line":101,"column":18},"end":{"line":101,"column":null}},"21":{"start":{"line":102,"column":39},"end":{"line":102,"column":null}},"22":{"start":{"line":105,"column":10},"end":{"line":111,"column":null}},"23":{"start":{"line":106,"column":6},"end":{"line":106,"column":null}},"24":{"start":{"line":106,"column":19},"end":{"line":106,"column":null}},"25":{"start":{"line":107,"column":6},"end":{"line":107,"column":null}},"26":{"start":{"line":108,"column":6},"end":{"line":108,"column":null}},"27":{"start":{"line":109,"column":6},"end":{"line":109,"column":null}},"28":{"start":{"line":109,"column":17},"end":{"line":109,"column":null}},"29":{"start":{"line":110,"column":6},"end":{"line":110,"column":null}},"30":{"start":{"line":113,"column":4},"end":{"line":117,"column":null}},"31":{"start":{"line":114,"column":6},"end":{"line":114,"column":null}},"32":{"start":{"line":114,"column":47},"end":{"line":114,"column":null}},"33":{"start":{"line":115,"column":6},"end":{"line":115,"column":null}},"34":{"start":{"line":116,"column":6},"end":{"line":116,"column":null}},"35":{"start":{"line":119,"column":4},"end":{"line":119,"column":null}},"36":{"start":{"line":181,"column":28},"end":{"line":181,"column":null}},"37":{"start":{"line":185,"column":2},"end":{"line":185,"column":null}},"38":{"start":{"line":186,"column":2},"end":{"line":190,"column":null}},"39":{"start":{"line":187,"column":4},"end":{"line":189,"column":null}},"40":{"start":{"line":194,"column":2},"end":{"line":197,"column":null}},"41":{"start":{"line":195,"column":4},"end":{"line":195,"column":null}},"42":{"start":{"line":196,"column":4},"end":{"line":196,"column":null}},"43":{"start":{"line":203,"column":22},"end":{"line":203,"column":null}},"44":{"start":{"line":221,"column":2},"end":{"line":343,"column":null}},"45":{"start":{"line":223,"column":17},"end":{"line":223,"column":null}},"46":{"start":{"line":224,"column":6},"end":{"line":224,"column":null}},"47":{"start":{"line":227,"column":20},"end":{"line":227,"column":null}},"48":{"start":{"line":230,"column":19},"end":{"line":230,"column":null}},"49":{"start":{"line":231,"column":19},"end":{"line":231,"column":null}},"50":{"start":{"line":232,"column":6},"end":{"line":232,"column":null}},"51":{"start":{"line":232,"column":29},"end":{"line":232,"column":null}},"52":{"start":{"line":233,"column":6},"end":{"line":233,"column":null}},"53":{"start":{"line":236,"column":22},"end":{"line":236,"column":null}},"54":{"start":{"line":237,"column":21},"end":{"line":237,"column":null}},"55":{"start":{"line":238,"column":21},"end":{"line":238,"column":null}},"56":{"start":{"line":239,"column":24},"end":{"line":239,"column":null}},"57":{"start":{"line":242,"column":6},"end":{"line":243,"column":null}},"58":{"start":{"line":243,"column":8},"end":{"line":243,"column":null}},"59":{"start":{"line":246,"column":6},"end":{"line":246,"column":null}},"60":{"start":{"line":247,"column":19},"end":{"line":247,"column":null}},"61":{"start":{"line":249,"column":6},"end":{"line":267,"column":null}},"62":{"start":{"line":253,"column":30},"end":{"line":253,"column":null}},"63":{"start":{"line":254,"column":8},"end":{"line":257,"column":null}},"64":{"start":{"line":255,"column":22},"end":{"line":255,"column":null}},"65":{"start":{"line":256,"column":10},"end":{"line":256,"column":null}},"66":{"start":{"line":258,"column":8},"end":{"line":261,"column":null}},"67":{"start":{"line":259,"column":22},"end":{"line":259,"column":null}},"68":{"start":{"line":260,"column":10},"end":{"line":260,"column":null}},"69":{"start":{"line":262,"column":8},"end":{"line":265,"column":null}},"70":{"start":{"line":263,"column":22},"end":{"line":263,"column":null}},"71":{"start":{"line":264,"column":10},"end":{"line":264,"column":null}},"72":{"start":{"line":266,"column":8},"end":{"line":266,"column":null}},"73":{"start":{"line":268,"column":16},"end":{"line":268,"column":null}},"74":{"start":{"line":272,"column":6},"end":{"line":272,"column":null}},"75":{"start":{"line":273,"column":6},"end":{"line":273,"column":null}},"76":{"start":{"line":276,"column":19},"end":{"line":276,"column":null}},"77":{"start":{"line":277,"column":6},"end":{"line":277,"column":null}},"78":{"start":{"line":277,"column":29},"end":{"line":277,"column":null}},"79":{"start":{"line":278,"column":6},"end":{"line":278,"column":null}},"80":{"start":{"line":278,"column":29},"end":{"line":278,"column":35}},"81":{"start":{"line":281,"column":19},"end":{"line":281,"column":null}},"82":{"start":{"line":282,"column":6},"end":{"line":282,"column":null}},"83":{"start":{"line":282,"column":29},"end":{"line":282,"column":null}},"84":{"start":{"line":286,"column":6},"end":{"line":288,"column":null}},"85":{"start":{"line":287,"column":20},"end":{"line":287,"column":74}},"86":{"start":{"line":291,"column":22},"end":{"line":291,"column":null}},"87":{"start":{"line":295,"column":19},"end":{"line":295,"column":null}},"88":{"start":{"line":296,"column":24},"end":{"line":296,"column":null}},"89":{"start":{"line":297,"column":22},"end":{"line":301,"column":null}},"90":{"start":{"line":298,"column":16},"end":{"line":298,"column":null}},"91":{"start":{"line":302,"column":6},"end":{"line":321,"column":null}},"92":{"start":{"line":314,"column":26},"end":{"line":314,"column":null}},"93":{"start":{"line":315,"column":8},"end":{"line":320,"column":null}},"94":{"start":{"line":316,"column":10},"end":{"line":316,"column":null}},"95":{"start":{"line":317,"column":10},"end":{"line":317,"column":null}},"96":{"start":{"line":322,"column":6},"end":{"line":324,"column":null}},"97":{"start":{"line":327,"column":17},"end":{"line":327,"column":null}},"98":{"start":{"line":328,"column":6},"end":{"line":328,"column":null}},"99":{"start":{"line":328,"column":15},"end":{"line":328,"column":null}},"100":{"start":{"line":329,"column":6},"end":{"line":329,"column":null}},"101":{"start":{"line":330,"column":6},"end":{"line":330,"column":null}},"102":{"start":{"line":333,"column":17},"end":{"line":333,"column":null}},"103":{"start":{"line":334,"column":20},"end":{"line":334,"column":null}},"104":{"start":{"line":335,"column":6},"end":{"line":335,"column":null}},"105":{"start":{"line":335,"column":15},"end":{"line":335,"column":null}},"106":{"start":{"line":336,"column":6},"end":{"line":336,"column":null}},"107":{"start":{"line":336,"column":18},"end":{"line":336,"column":null}},"108":{"start":{"line":337,"column":24},"end":{"line":337,"column":null}},"109":{"start":{"line":338,"column":22},"end":{"line":338,"column":null}},"110":{"start":{"line":338,"column":43},"end":{"line":338,"column":67}},"111":{"start":{"line":339,"column":6},"end":{"line":339,"column":null}},"112":{"start":{"line":342,"column":6},"end":{"line":342,"column":null}}},"fnMap":{"0":{"name":"str","decl":{"start":{"line":14,"column":16},"end":{"line":14,"column":20}},"loc":{"start":{"line":14,"column":40},"end":{"line":16,"column":null}},"line":14},"1":{"name":"strArray","decl":{"start":{"line":23,"column":16},"end":{"line":23,"column":25}},"loc":{"start":{"line":23,"column":47},"end":{"line":27,"column":null}},"line":23},"2":{"name":"(anonymous_2)","decl":{"start":{"line":25,"column":33},"end":{"line":25,"column":41}},"loc":{"start":{"line":25,"column":60},"end":{"line":25,"column":81}},"line":25},"3":{"name":"num","decl":{"start":{"line":34,"column":16},"end":{"line":34,"column":20}},"loc":{"start":{"line":34,"column":52},"end":{"line":36,"column":null}},"line":34},"4":{"name":"clampLimit","decl":{"start":{"line":43,"column":16},"end":{"line":43,"column":27}},"loc":{"start":{"line":43,"column":47},"end":{"line":46,"column":null}},"line":43},"5":{"name":"resolveRoom","decl":{"start":{"line":57,"column":16},"end":{"line":57,"column":28}},"loc":{"start":{"line":57,"column":73},"end":{"line":61,"column":null}},"line":57},"6":{"name":"matchesMention","decl":{"start":{"line":73,"column":16},"end":{"line":73,"column":null}},"loc":{"start":{"line":76,"column":11},"end":{"line":79,"column":null}},"line":76},"7":{"name":"listenForMatch","decl":{"start":{"line":94,"column":16},"end":{"line":94,"column":null}},"loc":{"start":{"line":98,"column":22},"end":{"line":121,"column":null}},"line":98},"8":{"name":"(anonymous_8)","decl":{"start":{"line":99,"column":13},"end":{"line":99,"column":22}},"loc":{"start":{"line":99,"column":34},"end":{"line":120,"column":3}},"line":99},"9":{"name":"(anonymous_9)","decl":{"start":{"line":102,"column":41},"end":{"line":102,"column":53}},"loc":{"start":{"line":102,"column":53},"end":{"line":102,"column":56}},"line":102},"10":{"name":"(anonymous_10)","decl":{"start":{"line":105,"column":10},"end":{"line":105,"column":25}},"loc":{"start":{"line":105,"column":25},"end":{"line":111,"column":null}},"line":105},"11":{"name":"(anonymous_11)","decl":{"start":{"line":113,"column":13},"end":{"line":113,"column":24}},"loc":{"start":{"line":113,"column":30},"end":{"line":117,"column":5}},"line":113},"12":{"name":"startThinkingHeartbeat","decl":{"start":{"line":184,"column":9},"end":{"line":184,"column":32}},"loc":{"start":{"line":184,"column":77},"end":{"line":191,"column":null}},"line":184},"13":{"name":"(anonymous_13)","decl":{"start":{"line":186,"column":22},"end":{"line":186,"column":40}},"loc":{"start":{"line":186,"column":40},"end":{"line":190,"column":5}},"line":186},"14":{"name":"(anonymous_14)","decl":{"start":{"line":187,"column":42},"end":{"line":187,"column":54}},"loc":{"start":{"line":187,"column":54},"end":{"line":189,"column":5}},"line":187},"15":{"name":"stopThinkingHeartbeat","decl":{"start":{"line":193,"column":9},"end":{"line":193,"column":39}},"loc":{"start":{"line":193,"column":39},"end":{"line":198,"column":null}},"line":193},"16":{"name":"dispatchTool","decl":{"start":{"line":216,"column":22},"end":{"line":216,"column":null}},"loc":{"start":{"line":220,"column":19},"end":{"line":344,"column":null}},"line":220},"17":{"name":"(anonymous_17)","decl":{"start":{"line":278,"column":18},"end":{"line":278,"column":23}},"loc":{"start":{"line":278,"column":29},"end":{"line":278,"column":35}},"line":278},"18":{"name":"(anonymous_18)","decl":{"start":{"line":287,"column":9},"end":{"line":287,"column":14}},"loc":{"start":{"line":287,"column":20},"end":{"line":287,"column":74}},"line":287},"19":{"name":"(anonymous_19)","decl":{"start":{"line":297,"column":28},"end":{"line":297,"column":null}},"loc":{"start":{"line":298,"column":16},"end":{"line":298,"column":null}},"line":298},"20":{"name":"(anonymous_20)","decl":{"start":{"line":338,"column":32},"end":{"line":338,"column":37}},"loc":{"start":{"line":338,"column":43},"end":{"line":338,"column":67}},"line":338}},"branchMap":{"0":{"loc":{"start":{"line":15,"column":9},"end":{"line":15,"column":null}},"type":"cond-expr","locations":[{"start":{"line":15,"column":33},"end":{"line":15,"column":37}},{"start":{"line":15,"column":37},"end":{"line":15,"column":null}}],"line":15},"1":{"loc":{"start":{"line":24,"column":2},"end":{"line":24,"column":null}},"type":"if","locations":[{"start":{"line":24,"column":2},"end":{"line":24,"column":null}},{"start":{},"end":{}}],"line":24},"2":{"loc":{"start":{"line":24,"column":36},"end":{"line":24,"column":null}},"type":"cond-expr","locations":[{"start":{"line":24,"column":47},"end":{"line":24,"column":53}},{"start":{"line":24,"column":53},"end":{"line":24,"column":null}}],"line":24},"3":{"loc":{"start":{"line":25,"column":2},"end":{"line":25,"column":null}},"type":"if","locations":[{"start":{"line":25,"column":2},"end":{"line":25,"column":null}},{"start":{},"end":{}}],"line":25},"4":{"loc":{"start":{"line":35,"column":9},"end":{"line":35,"column":null}},"type":"cond-expr","locations":[{"start":{"line":35,"column":33},"end":{"line":35,"column":37}},{"start":{"line":35,"column":37},"end":{"line":35,"column":null}}],"line":35},"5":{"loc":{"start":{"line":44,"column":12},"end":{"line":44,"column":null}},"type":"cond-expr","locations":[{"start":{"line":44,"column":58},"end":{"line":44,"column":62}},{"start":{"line":44,"column":62},"end":{"line":44,"column":null}}],"line":44},"6":{"loc":{"start":{"line":44,"column":12},"end":{"line":44,"column":58}},"type":"binary-expr","locations":[{"start":{"line":44,"column":12},"end":{"line":44,"column":37}},{"start":{"line":44,"column":37},"end":{"line":44,"column":58}}],"line":44},"7":{"loc":{"start":{"line":58,"column":2},"end":{"line":58,"column":null}},"type":"if","locations":[{"start":{"line":58,"column":2},"end":{"line":58,"column":null}},{"start":{},"end":{}}],"line":58},"8":{"loc":{"start":{"line":58,"column":6},"end":{"line":58,"column":55}},"type":"binary-expr","locations":[{"start":{"line":58,"column":6},"end":{"line":58,"column":38}},{"start":{"line":58,"column":38},"end":{"line":58,"column":55}}],"line":58},"9":{"loc":{"start":{"line":59,"column":2},"end":{"line":59,"column":null}},"type":"if","locations":[{"start":{"line":59,"column":2},"end":{"line":59,"column":null}},{"start":{},"end":{}}],"line":59},"10":{"loc":{"start":{"line":59,"column":6},"end":{"line":59,"column":53}},"type":"binary-expr","locations":[{"start":{"line":59,"column":6},"end":{"line":59,"column":37}},{"start":{"line":59,"column":37},"end":{"line":59,"column":53}}],"line":59},"11":{"loc":{"start":{"line":77,"column":2},"end":{"line":77,"column":null}},"type":"if","locations":[{"start":{"line":77,"column":2},"end":{"line":77,"column":null}},{"start":{},"end":{}}],"line":77},"12":{"loc":{"start":{"line":106,"column":6},"end":{"line":106,"column":null}},"type":"if","locations":[{"start":{"line":106,"column":6},"end":{"line":106,"column":null}},{"start":{},"end":{}}],"line":106},"13":{"loc":{"start":{"line":109,"column":6},"end":{"line":109,"column":null}},"type":"if","locations":[{"start":{"line":109,"column":6},"end":{"line":109,"column":null}},{"start":{},"end":{}}],"line":109},"14":{"loc":{"start":{"line":114,"column":6},"end":{"line":114,"column":null}},"type":"if","locations":[{"start":{"line":114,"column":6},"end":{"line":114,"column":null}},{"start":{},"end":{}}],"line":114},"15":{"loc":{"start":{"line":194,"column":2},"end":{"line":197,"column":null}},"type":"if","locations":[{"start":{"line":194,"column":2},"end":{"line":197,"column":null}},{"start":{},"end":{}}],"line":194},"16":{"loc":{"start":{"line":221,"column":2},"end":{"line":343,"column":null}},"type":"switch","locations":[{"start":{"line":222,"column":4},"end":{"line":225,"column":null}},{"start":{"line":226,"column":4},"end":{"line":234,"column":null}},{"start":{"line":235,"column":4},"end":{"line":274,"column":null}},{"start":{"line":275,"column":4},"end":{"line":279,"column":null}},{"start":{"line":280,"column":4},"end":{"line":289,"column":null}},{"start":{"line":290,"column":4},"end":{"line":325,"column":null}},{"start":{"line":326,"column":4},"end":{"line":331,"column":null}},{"start":{"line":332,"column":4},"end":{"line":340,"column":null}},{"start":{"line":341,"column":4},"end":{"line":342,"column":null}}],"line":221},"17":{"loc":{"start":{"line":232,"column":6},"end":{"line":232,"column":null}},"type":"if","locations":[{"start":{"line":232,"column":6},"end":{"line":232,"column":null}},{"start":{},"end":{}}],"line":232},"18":{"loc":{"start":{"line":242,"column":6},"end":{"line":243,"column":null}},"type":"if","locations":[{"start":{"line":242,"column":6},"end":{"line":243,"column":null}},{"start":{},"end":{}}],"line":242},"19":{"loc":{"start":{"line":242,"column":10},"end":{"line":242,"column":null}},"type":"binary-expr","locations":[{"start":{"line":242,"column":10},"end":{"line":242,"column":22}},{"start":{"line":242,"column":22},"end":{"line":242,"column":45}},{"start":{"line":242,"column":45},"end":{"line":242,"column":68}},{"start":{"line":242,"column":68},"end":{"line":242,"column":null}}],"line":242},"20":{"loc":{"start":{"line":249,"column":6},"end":{"line":267,"column":null}},"type":"if","locations":[{"start":{"line":249,"column":6},"end":{"line":267,"column":null}},{"start":{},"end":{}}],"line":249},"21":{"loc":{"start":{"line":249,"column":10},"end":{"line":249,"column":74}},"type":"binary-expr","locations":[{"start":{"line":249,"column":10},"end":{"line":249,"column":31}},{"start":{"line":249,"column":31},"end":{"line":249,"column":52}},{"start":{"line":249,"column":52},"end":{"line":249,"column":74}}],"line":249},"22":{"loc":{"start":{"line":277,"column":6},"end":{"line":277,"column":null}},"type":"if","locations":[{"start":{"line":277,"column":6},"end":{"line":277,"column":null}},{"start":{},"end":{}}],"line":277},"23":{"loc":{"start":{"line":282,"column":6},"end":{"line":282,"column":null}},"type":"if","locations":[{"start":{"line":282,"column":6},"end":{"line":282,"column":null}},{"start":{},"end":{}}],"line":282},"24":{"loc":{"start":{"line":287,"column":33},"end":{"line":287,"column":74}},"type":"cond-expr","locations":[{"start":{"line":287,"column":56},"end":{"line":287,"column":70}},{"start":{"line":287,"column":70},"end":{"line":287,"column":74}}],"line":287},"25":{"loc":{"start":{"line":291,"column":22},"end":{"line":291,"column":null}},"type":"binary-expr","locations":[{"start":{"line":291,"column":22},"end":{"line":291,"column":43}},{"start":{"line":291,"column":43},"end":{"line":291,"column":null}}],"line":291},"26":{"loc":{"start":{"line":295,"column":19},"end":{"line":295,"column":null}},"type":"binary-expr","locations":[{"start":{"line":295,"column":19},"end":{"line":295,"column":37}},{"start":{"line":295,"column":37},"end":{"line":295,"column":null}}],"line":295},"27":{"loc":{"start":{"line":296,"column":24},"end":{"line":296,"column":null}},"type":"binary-expr","locations":[{"start":{"line":296,"column":24},"end":{"line":296,"column":47}},{"start":{"line":296,"column":47},"end":{"line":296,"column":null}}],"line":296},"28":{"loc":{"start":{"line":298,"column":34},"end":{"line":298,"column":54}},"type":"cond-expr","locations":[{"start":{"line":298,"column":41},"end":{"line":298,"column":52}},{"start":{"line":298,"column":52},"end":{"line":298,"column":54}}],"line":298},"29":{"loc":{"start":{"line":302,"column":6},"end":{"line":321,"column":null}},"type":"if","locations":[{"start":{"line":302,"column":6},"end":{"line":321,"column":null}},{"start":{},"end":{}}],"line":302},"30":{"loc":{"start":{"line":314,"column":26},"end":{"line":314,"column":null}},"type":"binary-expr","locations":[{"start":{"line":314,"column":26},"end":{"line":314,"column":46}},{"start":{"line":314,"column":46},"end":{"line":314,"column":null}}],"line":314},"31":{"loc":{"start":{"line":322,"column":13},"end":{"line":324,"column":null}},"type":"cond-expr","locations":[{"start":{"line":323,"column":10},"end":{"line":323,"column":null}},{"start":{"line":324,"column":10},"end":{"line":324,"column":null}}],"line":322},"32":{"loc":{"start":{"line":328,"column":6},"end":{"line":328,"column":null}},"type":"if","locations":[{"start":{"line":328,"column":6},"end":{"line":328,"column":null}},{"start":{},"end":{}}],"line":328},"33":{"loc":{"start":{"line":335,"column":6},"end":{"line":335,"column":null}},"type":"if","locations":[{"start":{"line":335,"column":6},"end":{"line":335,"column":null}},{"start":{},"end":{}}],"line":335},"34":{"loc":{"start":{"line":336,"column":6},"end":{"line":336,"column":null}},"type":"if","locations":[{"start":{"line":336,"column":6},"end":{"line":336,"column":null}},{"start":{},"end":{}}],"line":336},"35":{"loc":{"start":{"line":339,"column":36},"end":{"line":339,"column":null}},"type":"binary-expr","locations":[{"start":{"line":339,"column":36},"end":{"line":339,"column":47}},{"start":{"line":339,"column":47},"end":{"line":339,"column":null}}],"line":339}},"s":{"0":46,"1":53,"2":3,"3":50,"4":9,"5":22,"6":41,"7":19,"8":25,"9":25,"10":30,"11":5,"12":25,"13":6,"14":19,"15":25,"16":6,"17":19,"18":13,"19":13,"20":13,"21":13,"22":13,"23":13,"24":0,"25":13,"26":13,"27":13,"28":13,"29":13,"30":13,"31":8,"32":1,"33":7,"34":7,"35":13,"36":1,"37":4,"38":4,"39":3,"40":19,"41":4,"42":4,"43":1,"44":37,"45":2,"46":1,"47":6,"48":6,"49":6,"50":6,"51":5,"52":1,"53":15,"54":15,"55":15,"56":15,"57":15,"58":2,"59":13,"60":13,"61":13,"62":7,"63":7,"64":5,"65":4,"66":6,"67":2,"68":2,"69":6,"70":1,"71":1,"72":6,"73":11,"74":11,"75":11,"76":2,"77":2,"78":1,"79":1,"80":2,"81":2,"82":2,"83":1,"84":1,"85":3,"86":9,"87":9,"88":9,"89":9,"90":9,"91":9,"92":4,"93":4,"94":4,"95":4,"96":9,"97":0,"98":0,"99":0,"100":0,"101":0,"102":0,"103":0,"104":0,"105":0,"106":0,"107":0,"108":0,"109":0,"110":0,"111":0,"112":1},"f":{"0":46,"1":53,"2":22,"3":19,"4":25,"5":30,"6":25,"7":13,"8":13,"9":0,"10":13,"11":8,"12":4,"13":3,"14":0,"15":19,"16":37,"17":2,"18":3,"19":9,"20":0},"b":{"0":[23,23],"1":[3,50],"2":[2,1],"3":[9,41],"4":[11,8],"5":[13,12],"6":[25,16],"7":[5,25],"8":[30,7],"9":[6,19],"10":[25,8],"11":[6,19],"12":[0,13],"13":[13,0],"14":[1,7],"15":[4,15],"16":[2,6,15,2,2,9,0,0,1],"17":[5,1],"18":[2,13],"19":[15,6,3,2],"20":[7,6],"21":[13,8,6],"22":[1,1],"23":[1,1],"24":[1,2],"25":[9,0],"26":[9,8],"27":[9,4],"28":[1,8],"29":[4,5],"30":[4,0],"31":[4,5],"32":[0,0],"33":[0,0],"34":[0,0],"35":[0,0]},"meta":{"lastBranch":36,"lastFunction":21,"lastStatement":113,"seen":{"f:14:16:14:20":0,"s:15:2:15:Infinity":0,"b:15:33:15:37:15:37:15:Infinity":0,"f:23:16:23:25":1,"b:24:2:24:Infinity:undefined:undefined:undefined:undefined":1,"s:24:2:24:Infinity":1,"s:24:29:24:Infinity":2,"b:24:47:24:53:24:53:24:Infinity":2,"b:25:2:25:Infinity:undefined:undefined:undefined:undefined":3,"s:25:2:25:Infinity":3,"s:25:24:25:Infinity":4,"f:25:33:25:41":2,"s:25:60:25:81":5,"s:26:2:26:Infinity":6,"f:34:16:34:20":3,"s:35:2:35:Infinity":7,"b:35:33:35:37:35:37:35:Infinity":4,"f:43:16:43:27":4,"s:44:12:44:Infinity":8,"b:44:58:44:62:44:62:44:Infinity":5,"b:44:12:44:37:44:37:44:58":6,"s:45:2:45:Infinity":9,"f:57:16:57:28":5,"b:58:2:58:Infinity:undefined:undefined:undefined:undefined":7,"s:58:2:58:Infinity":10,"b:58:6:58:38:58:38:58:55":8,"s:58:55:58:Infinity":11,"b:59:2:59:Infinity:undefined:undefined:undefined:undefined":9,"s:59:2:59:Infinity":12,"b:59:6:59:37:59:37:59:53":10,"s:59:53:59:Infinity":13,"s:60:2:60:Infinity":14,"f:73:16:73:Infinity":6,"b:77:2:77:Infinity:undefined:undefined:undefined:undefined":11,"s:77:2:77:Infinity":15,"s:77:16:77:Infinity":16,"s:78:2:78:Infinity":17,"f:94:16:94:Infinity":7,"s:99:2:120:Infinity":18,"f:99:13:99:22":8,"s:100:31:100:Infinity":19,"s:101:18:101:Infinity":20,"s:102:39:102:Infinity":21,"f:102:41:102:53":9,"s:105:10:111:Infinity":22,"f:105:10:105:25":10,"b:106:6:106:Infinity:undefined:undefined:undefined:undefined":12,"s:106:6:106:Infinity":23,"s:106:19:106:Infinity":24,"s:107:6:107:Infinity":25,"s:108:6:108:Infinity":26,"b:109:6:109:Infinity:undefined:undefined:undefined:undefined":13,"s:109:6:109:Infinity":27,"s:109:17:109:Infinity":28,"s:110:6:110:Infinity":29,"s:113:4:117:Infinity":30,"f:113:13:113:24":11,"b:114:6:114:Infinity:undefined:undefined:undefined:undefined":14,"s:114:6:114:Infinity":31,"s:114:47:114:Infinity":32,"s:115:6:115:Infinity":33,"s:116:6:116:Infinity":34,"s:119:4:119:Infinity":35,"s:181:28:181:Infinity":36,"f:184:9:184:32":12,"s:185:2:185:Infinity":37,"s:186:2:190:Infinity":38,"f:186:22:186:40":13,"s:187:4:189:Infinity":39,"f:187:42:187:54":14,"f:193:9:193:39":15,"b:194:2:197:Infinity:undefined:undefined:undefined:undefined":15,"s:194:2:197:Infinity":40,"s:195:4:195:Infinity":41,"s:196:4:196:Infinity":42,"s:203:22:203:Infinity":43,"f:216:22:216:Infinity":16,"b:222:4:225:Infinity:226:4:234:Infinity:235:4:274:Infinity:275:4:279:Infinity:280:4:289:Infinity:290:4:325:Infinity:326:4:331:Infinity:332:4:340:Infinity:341:4:342:Infinity":16,"s:221:2:343:Infinity":44,"s:223:17:223:Infinity":45,"s:224:6:224:Infinity":46,"s:227:20:227:Infinity":47,"s:230:19:230:Infinity":48,"s:231:19:231:Infinity":49,"b:232:6:232:Infinity:undefined:undefined:undefined:undefined":17,"s:232:6:232:Infinity":50,"s:232:29:232:Infinity":51,"s:233:6:233:Infinity":52,"s:236:22:236:Infinity":53,"s:237:21:237:Infinity":54,"s:238:21:238:Infinity":55,"s:239:24:239:Infinity":56,"b:242:6:243:Infinity:undefined:undefined:undefined:undefined":18,"s:242:6:243:Infinity":57,"b:242:10:242:22:242:22:242:45:242:45:242:68:242:68:242:Infinity":19,"s:243:8:243:Infinity":58,"s:246:6:246:Infinity":59,"s:247:19:247:Infinity":60,"b:249:6:267:Infinity:undefined:undefined:undefined:undefined":20,"s:249:6:267:Infinity":61,"b:249:10:249:31:249:31:249:52:249:52:249:74":21,"s:253:30:253:Infinity":62,"s:254:8:257:Infinity":63,"s:255:22:255:Infinity":64,"s:256:10:256:Infinity":65,"s:258:8:261:Infinity":66,"s:259:22:259:Infinity":67,"s:260:10:260:Infinity":68,"s:262:8:265:Infinity":69,"s:263:22:263:Infinity":70,"s:264:10:264:Infinity":71,"s:266:8:266:Infinity":72,"s:268:16:268:Infinity":73,"s:272:6:272:Infinity":74,"s:273:6:273:Infinity":75,"s:276:19:276:Infinity":76,"b:277:6:277:Infinity:undefined:undefined:undefined:undefined":22,"s:277:6:277:Infinity":77,"s:277:29:277:Infinity":78,"s:278:6:278:Infinity":79,"f:278:18:278:23":17,"s:278:29:278:35":80,"s:281:19:281:Infinity":81,"b:282:6:282:Infinity:undefined:undefined:undefined:undefined":23,"s:282:6:282:Infinity":82,"s:282:29:282:Infinity":83,"s:286:6:288:Infinity":84,"f:287:9:287:14":18,"s:287:20:287:74":85,"b:287:56:287:70:287:70:287:74":24,"s:291:22:291:Infinity":86,"b:291:22:291:43:291:43:291:Infinity":25,"s:295:19:295:Infinity":87,"b:295:19:295:37:295:37:295:Infinity":26,"s:296:24:296:Infinity":88,"b:296:24:296:47:296:47:296:Infinity":27,"s:297:22:301:Infinity":89,"f:297:28:297:Infinity":19,"s:298:16:298:Infinity":90,"b:298:41:298:52:298:52:298:54":28,"b:302:6:321:Infinity:undefined:undefined:undefined:undefined":29,"s:302:6:321:Infinity":91,"s:314:26:314:Infinity":92,"b:314:26:314:46:314:46:314:Infinity":30,"s:315:8:320:Infinity":93,"s:316:10:316:Infinity":94,"s:317:10:317:Infinity":95,"s:322:6:324:Infinity":96,"b:323:10:323:Infinity:324:10:324:Infinity":31,"s:327:17:327:Infinity":97,"b:328:6:328:Infinity:undefined:undefined:undefined:undefined":32,"s:328:6:328:Infinity":98,"s:328:15:328:Infinity":99,"s:329:6:329:Infinity":100,"s:330:6:330:Infinity":101,"s:333:17:333:Infinity":102,"s:334:20:334:Infinity":103,"b:335:6:335:Infinity:undefined:undefined:undefined:undefined":33,"s:335:6:335:Infinity":104,"s:335:15:335:Infinity":105,"b:336:6:336:Infinity:undefined:undefined:undefined:undefined":34,"s:336:6:336:Infinity":106,"s:336:18:336:Infinity":107,"s:337:24:337:Infinity":108,"s:338:22:338:Infinity":109,"f:338:32:338:37":20,"s:338:43:338:67":110,"s:339:6:339:Infinity":111,"b:339:36:339:47:339:47:339:Infinity":35,"s:342:6:342:Infinity":112},"fnNames":{}}}
}
