{"/home/dev/repos/club/packages/server/src/auth.ts": {"path":"/home/dev/repos/club/packages/server/src/auth.ts","statementMap":{"0":{"start":{"line":17,"column":27},"end":{"line":36,"column":null}},"1":{"start":{"line":18,"column":14},"end":{"line":18,"column":null}},"2":{"start":{"line":19,"column":2},"end":{"line":27,"column":null}},"3":{"start":{"line":22,"column":23},"end":{"line":22,"column":null}},"4":{"start":{"line":23,"column":4},"end":{"line":25,"column":null}},"5":{"start":{"line":24,"column":6},"end":{"line":24,"column":null}},"6":{"start":{"line":26,"column":4},"end":{"line":26,"column":null}},"7":{"start":{"line":28,"column":14},"end":{"line":28,"column":null}},"8":{"start":{"line":29,"column":2},"end":{"line":29,"column":null}},"9":{"start":{"line":29,"column":12},"end":{"line":29,"column":null}},"10":{"start":{"line":30,"column":2},"end":{"line":34,"column":null}},"11":{"start":{"line":35,"column":2},"end":{"line":35,"column":null}}},"fnMap":{"0":{"name":"(anonymous_0)","decl":{"start":{"line":17,"column":44},"end":{"line":17,"column":51}},"loc":{"start":{"line":17,"column":63},"end":{"line":36,"column":1}},"line":17}},"branchMap":{"0":{"loc":{"start":{"line":19,"column":2},"end":{"line":27,"column":null}},"type":"if","locations":[{"start":{"line":19,"column":2},"end":{"line":27,"column":null}},{"start":{},"end":{}}],"line":19},"1":{"loc":{"start":{"line":23,"column":4},"end":{"line":25,"column":null}},"type":"if","locations":[{"start":{"line":23,"column":4},"end":{"line":25,"column":null}},{"start":{},"end":{}}],"line":23},"2":{"loc":{"start":{"line":23,"column":8},"end":{"line":23,"column":49}},"type":"binary-expr","locations":[{"start":{"line":23,"column":8},"end":{"line":23,"column":23}},{"start":{"line":23,"column":23},"end":{"line":23,"column":49}}],"line":23},"3":{"loc":{"start":{"line":29,"column":2},"end":{"line":29,"column":null}},"type":"if","locations":[{"start":{"line":29,"column":2},"end":{"line":29,"column":null}},{"start":{},"end":{}}],"line":29}},"s":{"0":10,"1":182,"2":182,"3":5,"4":5,"5":5,"6":0,"7":177,"8":177,"9":1,"10":176,"11":176},"f":{"0":182},"b":{"0":[5,177],"1":[5,0],"2":[5,0],"3":[1,176]},"meta":{"lastBranch":4,"lastFunction":1,"lastStatement":12,"seen":{"s:17:27:36:Infinity":0,"f:17:44:17:51":0,"s:18:14:18:Infinity":1,"b:19:2:27:Infinity:undefined:undefined:undefined:undefined":0,"s:19:2:27:Infinity":2,"s:22:23:22:Infinity":3,"b:23:4:25:Infinity:undefined:undefined:undefined:undefined":1,"s:23:4:25:Infinity":4,"b:23:8:23:23:23:23:23:49":2,"s:24:6:24:Infinity":5,"s:26:4:26:Infinity":6,"s:28:14:28:Infinity":7,"b:29:2:29:Infinity:undefined:undefined:undefined:undefined":3,"s:29:2:29:Infinity":8,"s:29:12:29:Infinity":9,"s:30:2:34:Infinity":10,"s:35:2:35:Infinity":11},"fnNames":{}}}
,"/home/dev/repos/club/packages/server/src/crypto.ts": {"path":"/home/dev/repos/club/packages/server/src/crypto.ts","statementMap":{"0":{"start":{"line":4,"column":2},"end":{"line":4,"column":null}}},"fnMap":{"0":{"name":"hashKey","decl":{"start":{"line":3,"column":16},"end":{"line":3,"column":24}},"loc":{"start":{"line":3,"column":51},"end":{"line":5,"column":null}},"line":3}},"branchMap":{},"s":{"0":404},"f":{"0":404},"b":{},"meta":{"lastBranch":0,"lastFunction":1,"lastStatement":1,"seen":{"f:3:16:3:24":0,"s:4:2:4:Infinity":0},"fnNames":{}}}
,"/home/dev/repos/club/packages/server/src/db.ts": {"path":"/home/dev/repos/club/packages/server/src/db.ts","statementMap":{"0":{"start":{"line":6,"column":15},"end":{"line":6,"column":null}},"1":{"start":{"line":9,"column":0},"end":{"line":9,"column":null}},"2":{"start":{"line":9,"column":34},"end":{"line":9,"column":null}},"3":{"start":{"line":11,"column":37},"end":{"line":11,"column":null}},"4":{"start":{"line":12,"column":0},"end":{"line":12,"column":null}},"5":{"start":{"line":19,"column":0},"end":{"line":19,"column":null}},"6":{"start":{"line":27,"column":31},"end":{"line":27,"column":null}},"7":{"start":{"line":43,"column":0},"end":{"line":43,"column":null}},"8":{"start":{"line":56,"column":32},"end":{"line":175,"column":null}},"9":{"start":{"line":177,"column":0},"end":{"line":181,"column":null}},"10":{"start":{"line":192,"column":2},"end":{"line":221,"column":null}},"11":{"start":{"line":193,"column":4},"end":{"line":197,"column":null}},"12":{"start":{"line":199,"column":4},"end":{"line":201,"column":null}},"13":{"start":{"line":203,"column":10},"end":{"line":207,"column":null}},"14":{"start":{"line":209,"column":4},"end":{"line":217,"column":null}},"15":{"start":{"line":210,"column":6},"end":{"line":210,"column":null}},"16":{"start":{"line":210,"column":34},"end":{"line":210,"column":null}},"17":{"start":{"line":211,"column":6},"end":{"line":211,"column":null}},"18":{"start":{"line":211,"column":39},"end":{"line":211,"column":null}},"19":{"start":{"line":212,"column":17},"end":{"line":215,"column":null}},"20":{"start":{"line":213,"column":8},"end":{"line":213,"column":null}},"21":{"start":{"line":214,"column":8},"end":{"line":214,"column":null}},"22":{"start":{"line":216,"column":6},"end":{"line":216,"column":null}},"23":{"start":{"line":219,"column":16},"end":{"line":219,"column":null}},"24":{"start":{"line":220,"column":4},"end":{"line":220,"column":null}},"25":{"start":{"line":224,"column":0},"end":{"line":224,"column":null}},"26":{"start":{"line":251,"column":2},"end":{"line":254,"column":null}},"27":{"start":{"line":258,"column":2},"end":{"line":262,"column":null}},"28":{"start":{"line":265,"column":18},"end":{"line":269,"column":null}},"29":{"start":{"line":271,"column":19},"end":{"line":275,"column":null}},"30":{"start":{"line":277,"column":18},"end":{"line":279,"column":null}},"31":{"start":{"line":281,"column":26},"end":{"line":285,"column":null}},"32":{"start":{"line":288,"column":2},"end":{"line":288,"column":null}},"33":{"start":{"line":292,"column":2},"end":{"line":292,"column":null}},"34":{"start":{"line":296,"column":14},"end":{"line":296,"column":null}},"35":{"start":{"line":297,"column":2},"end":{"line":297,"column":null}},"36":{"start":{"line":297,"column":12},"end":{"line":297,"column":null}},"37":{"start":{"line":298,"column":2},"end":{"line":298,"column":null}},"38":{"start":{"line":301,"column":19},"end":{"line":305,"column":null}},"39":{"start":{"line":313,"column":14},"end":{"line":313,"column":null}},"40":{"start":{"line":314,"column":2},"end":{"line":314,"column":null}},"41":{"start":{"line":314,"column":12},"end":{"line":314,"column":null}},"42":{"start":{"line":315,"column":2},"end":{"line":315,"column":null}},"43":{"start":{"line":318,"column":22},"end":{"line":322,"column":null}},"44":{"start":{"line":324,"column":23},"end":{"line":328,"column":null}},"45":{"start":{"line":334,"column":2},"end":{"line":336,"column":null}},"46":{"start":{"line":342,"column":24},"end":{"line":344,"column":null}},"47":{"start":{"line":346,"column":2},"end":{"line":346,"column":null}},"48":{"start":{"line":349,"column":19},"end":{"line":351,"column":null}},"49":{"start":{"line":357,"column":2},"end":{"line":357,"column":null}},"50":{"start":{"line":360,"column":27},"end":{"line":362,"column":null}},"51":{"start":{"line":363,"column":24},"end":{"line":365,"column":null}},"52":{"start":{"line":366,"column":28},"end":{"line":368,"column":null}},"53":{"start":{"line":372,"column":15},"end":{"line":372,"column":null}},"54":{"start":{"line":373,"column":17},"end":{"line":373,"column":null}},"55":{"start":{"line":374,"column":2},"end":{"line":374,"column":null}},"56":{"start":{"line":374,"column":24},"end":{"line":374,"column":null}},"57":{"start":{"line":375,"column":2},"end":{"line":375,"column":null}},"58":{"start":{"line":375,"column":56},"end":{"line":375,"column":73}},"59":{"start":{"line":383,"column":2},"end":{"line":383,"column":null}},"60":{"start":{"line":383,"column":31},"end":{"line":383,"column":null}},"61":{"start":{"line":384,"column":23},"end":{"line":384,"column":null}},"62":{"start":{"line":384,"column":44},"end":{"line":384,"column":47}},"63":{"start":{"line":385,"column":15},"end":{"line":387,"column":null}},"64":{"start":{"line":388,"column":15},"end":{"line":388,"column":null}},"65":{"start":{"line":389,"column":16},"end":{"line":389,"column":null}},"66":{"start":{"line":390,"column":2},"end":{"line":397,"column":null}},"67":{"start":{"line":391,"column":17},"end":{"line":391,"column":null}},"68":{"start":{"line":392,"column":4},"end":{"line":395,"column":null}},"69":{"start":{"line":393,"column":6},"end":{"line":393,"column":null}},"70":{"start":{"line":394,"column":6},"end":{"line":394,"column":null}},"71":{"start":{"line":396,"column":4},"end":{"line":396,"column":null}},"72":{"start":{"line":398,"column":14},"end":{"line":398,"column":null}},"73":{"start":{"line":399,"column":2},"end":{"line":401,"column":null}},"74":{"start":{"line":400,"column":4},"end":{"line":400,"column":null}},"75":{"start":{"line":400,"column":66},"end":{"line":400,"column":83}},"76":{"start":{"line":402,"column":2},"end":{"line":402,"column":null}},"77":{"start":{"line":408,"column":18},"end":{"line":408,"column":null}},"78":{"start":{"line":409,"column":2},"end":{"line":409,"column":null}},"79":{"start":{"line":409,"column":16},"end":{"line":409,"column":null}},"80":{"start":{"line":410,"column":2},"end":{"line":410,"column":null}},"81":{"start":{"line":414,"column":2},"end":{"line":418,"column":null}},"82":{"start":{"line":422,"column":2},"end":{"line":426,"column":null}},"83":{"start":{"line":436,"column":2},"end":{"line":439,"column":null}},"84":{"start":{"line":457,"column":37},"end":{"line":460,"column":null}},"85":{"start":{"line":465,"column":2},"end":{"line":465,"column":null}},"86":{"start":{"line":468,"column":33},"end":{"line":470,"column":null}},"87":{"start":{"line":474,"column":2},"end":{"line":474,"column":null}},"88":{"start":{"line":477,"column":37},"end":{"line":479,"column":null}},"89":{"start":{"line":484,"column":2},"end":{"line":484,"column":null}},"90":{"start":{"line":501,"column":28},"end":{"line":504,"column":null}},"91":{"start":{"line":508,"column":2},"end":{"line":508,"column":null}},"92":{"start":{"line":508,"column":47},"end":{"line":508,"column":74}},"93":{"start":{"line":511,"column":26},"end":{"line":515,"column":null}},"94":{"start":{"line":531,"column":2},"end":{"line":532,"column":null}},"95":{"start":{"line":535,"column":27},"end":{"line":545,"column":null}},"96":{"start":{"line":549,"column":2},"end":{"line":549,"column":null}},"97":{"start":{"line":552,"column":24},"end":{"line":555,"column":null}},"98":{"start":{"line":559,"column":2},"end":{"line":559,"column":null}},"99":{"start":{"line":562,"column":24},"end":{"line":571,"column":null}},"100":{"start":{"line":575,"column":2},"end":{"line":575,"column":null}},"101":{"start":{"line":578,"column":21},"end":{"line":580,"column":null}},"102":{"start":{"line":588,"column":2},"end":{"line":588,"column":null}},"103":{"start":{"line":607,"column":23},"end":{"line":610,"column":null}},"104":{"start":{"line":613,"column":2},"end":{"line":622,"column":null}},"105":{"start":{"line":625,"column":21},"end":{"line":628,"column":null}},"106":{"start":{"line":631,"column":2},"end":{"line":631,"column":null}},"107":{"start":{"line":642,"column":2},"end":{"line":642,"column":null}},"108":{"start":{"line":642,"column":24},"end":{"line":642,"column":null}},"109":{"start":{"line":643,"column":2},"end":{"line":647,"column":null}},"110":{"start":{"line":646,"column":4},"end":{"line":646,"column":null}},"111":{"start":{"line":648,"column":23},"end":{"line":648,"column":null}},"112":{"start":{"line":648,"column":37},"end":{"line":648,"column":40}},"113":{"start":{"line":649,"column":15},"end":{"line":652,"column":null}},"114":{"start":{"line":653,"column":15},"end":{"line":653,"column":null}},"115":{"start":{"line":654,"column":2},"end":{"line":656,"column":null}},"116":{"start":{"line":655,"column":4},"end":{"line":655,"column":null}},"117":{"start":{"line":657,"column":2},"end":{"line":657,"column":null}},"118":{"start":{"line":657,"column":25},"end":{"line":657,"column":37}},"119":{"start":{"line":657,"column":67},"end":{"line":657,"column":82}},"120":{"start":{"line":683,"column":22},"end":{"line":690,"column":null}},"121":{"start":{"line":692,"column":2},"end":{"line":692,"column":null}},"122":{"start":{"line":695,"column":23},"end":{"line":698,"column":null}},"123":{"start":{"line":700,"column":23},"end":{"line":702,"column":null}},"124":{"start":{"line":712,"column":19},"end":{"line":712,"column":null}},"125":{"start":{"line":713,"column":2},"end":{"line":713,"column":null}},"126":{"start":{"line":713,"column":16},"end":{"line":713,"column":null}},"127":{"start":{"line":714,"column":13},"end":{"line":714,"column":18}},"128":{"start":{"line":715,"column":2},"end":{"line":715,"column":null}},"129":{"start":{"line":716,"column":2},"end":{"line":716,"column":null}}},"fnMap":{"0":{"name":"runMigrations","decl":{"start":{"line":188,"column":16},"end":{"line":188,"column":null}},"loc":{"start":{"line":191,"column":8},"end":{"line":222,"column":null}},"line":191},"1":{"name":"(anonymous_1)","decl":{"start":{"line":212,"column":26},"end":{"line":212,"column":44}},"loc":{"start":{"line":212,"column":44},"end":{"line":215,"column":7}},"line":212},"2":{"name":"insertMessage","decl":{"start":{"line":242,"column":16},"end":{"line":242,"column":null}},"loc":{"start":{"line":250,"column":8},"end":{"line":255,"column":null}},"line":250},"3":{"name":"getAllParticipants","decl":{"start":{"line":257,"column":16},"end":{"line":257,"column":37}},"loc":{"start":{"line":257,"column":37},"end":{"line":263,"column":null}},"line":257},"4":{"name":"getMessagesAfter","decl":{"start":{"line":287,"column":16},"end":{"line":287,"column":33}},"loc":{"start":{"line":287,"column":91},"end":{"line":289,"column":null}},"line":287},"5":{"name":"getRecentMessages","decl":{"start":{"line":291,"column":16},"end":{"line":291,"column":34}},"loc":{"start":{"line":291,"column":77},"end":{"line":293,"column":null}},"line":291},"6":{"name":"getMessagesSince","decl":{"start":{"line":295,"column":16},"end":{"line":295,"column":33}},"loc":{"start":{"line":295,"column":79},"end":{"line":299,"column":null}},"line":295},"7":{"name":"getMessagesBeforeId","decl":{"start":{"line":312,"column":16},"end":{"line":312,"column":36}},"loc":{"start":{"line":312,"column":97},"end":{"line":316,"column":null}},"line":312},"8":{"name":"searchMessages","decl":{"start":{"line":333,"column":16},"end":{"line":333,"column":31}},"loc":{"start":{"line":333,"column":92},"end":{"line":337,"column":null}},"line":333},"9":{"name":"getMessageRoom","decl":{"start":{"line":345,"column":16},"end":{"line":345,"column":31}},"loc":{"start":{"line":345,"column":63},"end":{"line":347,"column":null}},"line":345},"10":{"name":"deleteMessage","decl":{"start":{"line":356,"column":16},"end":{"line":356,"column":30}},"loc":{"start":{"line":356,"column":74},"end":{"line":358,"column":null}},"line":356},"11":{"name":"getReactionsForMessage","decl":{"start":{"line":371,"column":16},"end":{"line":371,"column":39}},"loc":{"start":{"line":371,"column":94},"end":{"line":376,"column":null}},"line":371},"12":{"name":"(anonymous_12)","decl":{"start":{"line":375,"column":31},"end":{"line":375,"column":36}},"loc":{"start":{"line":375,"column":56},"end":{"line":375,"column":73}},"line":375},"13":{"name":"getReactionsForMessages","decl":{"start":{"line":380,"column":16},"end":{"line":380,"column":null}},"loc":{"start":{"line":382,"column":51},"end":{"line":403,"column":null}},"line":382},"14":{"name":"(anonymous_14)","decl":{"start":{"line":384,"column":34},"end":{"line":384,"column":44}},"loc":{"start":{"line":384,"column":44},"end":{"line":384,"column":47}},"line":384},"15":{"name":"(anonymous_15)","decl":{"start":{"line":400,"column":41},"end":{"line":400,"column":46}},"loc":{"start":{"line":400,"column":66},"end":{"line":400,"column":83}},"line":400},"16":{"name":"toggleReaction","decl":{"start":{"line":407,"column":16},"end":{"line":407,"column":31}},"loc":{"start":{"line":407,"column":124},"end":{"line":411,"column":null}},"line":407},"17":{"name":"getParticipantByKeyHash","decl":{"start":{"line":413,"column":16},"end":{"line":413,"column":40}},"loc":{"start":{"line":413,"column":54},"end":{"line":419,"column":null}},"line":413},"18":{"name":"getParticipantByName","decl":{"start":{"line":421,"column":16},"end":{"line":421,"column":37}},"loc":{"start":{"line":421,"column":51},"end":{"line":427,"column":null}},"line":421},"19":{"name":"insertParticipant","decl":{"start":{"line":429,"column":16},"end":{"line":429,"column":null}},"loc":{"start":{"line":435,"column":8},"end":{"line":440,"column":null}},"line":435},"20":{"name":"getParticipantForRecover","decl":{"start":{"line":464,"column":16},"end":{"line":464,"column":41}},"loc":{"start":{"line":464,"column":90},"end":{"line":466,"column":null}},"line":464},"21":{"name":"updateParticipantKey","decl":{"start":{"line":473,"column":16},"end":{"line":473,"column":37}},"loc":{"start":{"line":473,"column":75},"end":{"line":475,"column":null}},"line":473},"22":{"name":"updateParticipantRecover","decl":{"start":{"line":483,"column":16},"end":{"line":483,"column":41}},"loc":{"start":{"line":483,"column":83},"end":{"line":485,"column":null}},"line":483},"23":{"name":"getAllParticipantNames","decl":{"start":{"line":507,"column":16},"end":{"line":507,"column":73}},"loc":{"start":{"line":507,"column":73},"end":{"line":509,"column":null}},"line":507},"24":{"name":"(anonymous_24)","decl":{"start":{"line":508,"column":35},"end":{"line":508,"column":40}},"loc":{"start":{"line":508,"column":47},"end":{"line":508,"column":74}},"line":508},"25":{"name":"insertMention","decl":{"start":{"line":523,"column":16},"end":{"line":523,"column":null}},"loc":{"start":{"line":530,"column":11},"end":{"line":533,"column":null}},"line":530},"26":{"name":"getUnreadMentions","decl":{"start":{"line":548,"column":16},"end":{"line":548,"column":34}},"loc":{"start":{"line":548,"column":84},"end":{"line":550,"column":null}},"line":548},"27":{"name":"getMentionById","decl":{"start":{"line":558,"column":16},"end":{"line":558,"column":31}},"loc":{"start":{"line":558,"column":43},"end":{"line":560,"column":null}},"line":558},"28":{"name":"getMentionFull","decl":{"start":{"line":574,"column":16},"end":{"line":574,"column":31}},"loc":{"start":{"line":574,"column":67},"end":{"line":576,"column":null}},"line":574},"29":{"name":"markMentionRead","decl":{"start":{"line":587,"column":16},"end":{"line":587,"column":32}},"loc":{"start":{"line":587,"column":69},"end":{"line":589,"column":null}},"line":587},"30":{"name":"insertFile","decl":{"start":{"line":612,"column":16},"end":{"line":612,"column":27}},"loc":{"start":{"line":612,"column":45},"end":{"line":623,"column":null}},"line":612},"31":{"name":"getFile","decl":{"start":{"line":630,"column":16},"end":{"line":630,"column":24}},"loc":{"start":{"line":630,"column":57},"end":{"line":632,"column":null}},"line":630},"32":{"name":"getFilesByIds","decl":{"start":{"line":641,"column":16},"end":{"line":641,"column":30}},"loc":{"start":{"line":641,"column":56},"end":{"line":658,"column":null}},"line":641},"33":{"name":"(anonymous_33)","decl":{"start":{"line":648,"column":27},"end":{"line":648,"column":37}},"loc":{"start":{"line":648,"column":37},"end":{"line":648,"column":40}},"line":648},"34":{"name":"(anonymous_34)","decl":{"start":{"line":657,"column":13},"end":{"line":657,"column":18}},"loc":{"start":{"line":657,"column":25},"end":{"line":657,"column":37}},"line":657},"35":{"name":"(anonymous_35)","decl":{"start":{"line":657,"column":39},"end":{"line":657,"column":47}},"loc":{"start":{"line":657,"column":67},"end":{"line":657,"column":82}},"line":657},"36":{"name":"listRooms","decl":{"start":{"line":691,"column":16},"end":{"line":691,"column":39}},"loc":{"start":{"line":691,"column":39},"end":{"line":693,"column":null}},"line":691},"37":{"name":"ensureRoom","decl":{"start":{"line":708,"column":16},"end":{"line":708,"column":null}},"loc":{"start":{"line":711,"column":70},"end":{"line":717,"column":null}},"line":711}},"branchMap":{"0":{"loc":{"start":{"line":6,"column":15},"end":{"line":6,"column":null}},"type":"binary-expr","locations":[{"start":{"line":6,"column":15},"end":{"line":6,"column":38}},{"start":{"line":6,"column":38},"end":{"line":6,"column":null}}],"line":6},"1":{"loc":{"start":{"line":9,"column":0},"end":{"line":9,"column":null}},"type":"if","locations":[{"start":{"line":9,"column":0},"end":{"line":9,"column":null}},{"start":{},"end":{}}],"line":9},"2":{"loc":{"start":{"line":190,"column":2},"end":{"line":190,"column":null}},"type":"default-arg","locations":[{"start":{"line":190,"column":15},"end":{"line":190,"column":null}}],"line":190},"3":{"loc":{"start":{"line":204,"column":6},"end":{"line":206,"column":32}},"type":"binary-expr","locations":[{"start":{"line":204,"column":6},"end":{"line":206,"column":18}},{"start":{"line":206,"column":18},"end":{"line":206,"column":32}}],"line":204},"4":{"loc":{"start":{"line":210,"column":6},"end":{"line":210,"column":null}},"type":"if","locations":[{"start":{"line":210,"column":6},"end":{"line":210,"column":null}},{"start":{},"end":{}}],"line":210},"5":{"loc":{"start":{"line":211,"column":6},"end":{"line":211,"column":null}},"type":"if","locations":[{"start":{"line":211,"column":6},"end":{"line":211,"column":null}},{"start":{},"end":{}}],"line":211},"6":{"loc":{"start":{"line":219,"column":16},"end":{"line":219,"column":null}},"type":"cond-expr","locations":[{"start":{"line":219,"column":39},"end":{"line":219,"column":53}},{"start":{"line":219,"column":53},"end":{"line":219,"column":null}}],"line":219},"7":{"loc":{"start":{"line":297,"column":2},"end":{"line":297,"column":null}},"type":"if","locations":[{"start":{"line":297,"column":2},"end":{"line":297,"column":null}},{"start":{},"end":{}}],"line":297},"8":{"loc":{"start":{"line":314,"column":2},"end":{"line":314,"column":null}},"type":"if","locations":[{"start":{"line":314,"column":2},"end":{"line":314,"column":null}},{"start":{},"end":{}}],"line":314},"9":{"loc":{"start":{"line":334,"column":9},"end":{"line":336,"column":null}},"type":"cond-expr","locations":[{"start":{"line":335,"column":6},"end":{"line":335,"column":null}},{"start":{"line":336,"column":6},"end":{"line":336,"column":null}}],"line":334},"10":{"loc":{"start":{"line":374,"column":45},"end":{"line":374,"column":73}},"type":"binary-expr","locations":[{"start":{"line":374,"column":45},"end":{"line":374,"column":68}},{"start":{"line":374,"column":68},"end":{"line":374,"column":73}}],"line":374},"11":{"loc":{"start":{"line":383,"column":2},"end":{"line":383,"column":null}},"type":"if","locations":[{"start":{"line":383,"column":2},"end":{"line":383,"column":null}},{"start":{},"end":{}}],"line":383},"12":{"loc":{"start":{"line":392,"column":4},"end":{"line":395,"column":null}},"type":"if","locations":[{"start":{"line":392,"column":4},"end":{"line":395,"column":null}},{"start":{},"end":{}}],"line":392},"13":{"loc":{"start":{"line":396,"column":25},"end":{"line":396,"column":53}},"type":"binary-expr","locations":[{"start":{"line":396,"column":25},"end":{"line":396,"column":48}},{"start":{"line":396,"column":48},"end":{"line":396,"column":53}}],"line":396},"14":{"loc":{"start":{"line":409,"column":2},"end":{"line":409,"column":null}},"type":"if","locations":[{"start":{"line":409,"column":2},"end":{"line":409,"column":null}},{"start":{},"end":{}}],"line":409},"15":{"loc":{"start":{"line":548,"column":57},"end":{"line":548,"column":84}},"type":"default-arg","locations":[{"start":{"line":548,"column":65},"end":{"line":548,"column":84}}],"line":548},"16":{"loc":{"start":{"line":642,"column":2},"end":{"line":642,"column":null}},"type":"if","locations":[{"start":{"line":642,"column":2},"end":{"line":642,"column":null}},{"start":{},"end":{}}],"line":642},"17":{"loc":{"start":{"line":643,"column":2},"end":{"line":647,"column":null}},"type":"if","locations":[{"start":{"line":643,"column":2},"end":{"line":647,"column":null}},{"start":{},"end":{}}],"line":643},"18":{"loc":{"start":{"line":713,"column":2},"end":{"line":713,"column":null}},"type":"if","locations":[{"start":{"line":713,"column":2},"end":{"line":713,"column":null}},{"start":{},"end":{}}],"line":713}},"s":{"0":11,"1":11,"2":0,"3":11,"4":11,"5":11,"6":11,"7":11,"8":11,"9":11,"10":19,"11":19,"12":19,"13":19,"14":19,"15":169,"16":1,"17":168,"18":24,"19":144,"20":144,"21":144,"22":144,"23":0,"24":0,"25":11,"26":49,"27":2,"28":11,"29":11,"30":11,"31":11,"32":0,"33":11,"34":0,"35":0,"36":0,"37":0,"38":11,"39":3,"40":3,"41":1,"42":2,"43":11,"44":11,"45":0,"46":11,"47":1,"48":11,"49":1,"50":11,"51":11,"52":11,"53":35,"54":35,"55":35,"56":0,"57":35,"58":0,"59":14,"60":1,"61":13,"62":35,"63":13,"64":13,"65":13,"66":13,"67":0,"68":0,"69":0,"70":0,"71":0,"72":13,"73":13,"74":0,"75":0,"76":13,"77":0,"78":0,"79":0,"80":0,"81":178,"82":102,"83":102,"84":11,"85":9,"86":11,"87":3,"88":11,"89":3,"90":11,"91":49,"92":305,"93":11,"94":12,"95":11,"96":15,"97":11,"98":5,"99":11,"100":2,"101":11,"102":2,"103":11,"104":46,"105":11,"106":9,"107":13,"108":0,"109":13,"110":0,"111":13,"112":23,"113":13,"114":13,"115":13,"116":21,"117":13,"118":23,"119":23,"120":11,"121":4,"122":11,"123":11,"124":56,"125":56,"126":45,"127":11,"128":11,"129":11},"f":{"0":19,"1":144,"2":49,"3":2,"4":0,"5":11,"6":0,"7":3,"8":0,"9":1,"10":1,"11":35,"12":0,"13":14,"14":35,"15":0,"16":0,"17":178,"18":102,"19":102,"20":9,"21":3,"22":3,"23":49,"24":305,"25":12,"26":15,"27":5,"28":2,"29":2,"30":46,"31":9,"32":13,"33":23,"34":23,"35":23,"36":4,"37":56},"b":{"0":[11,0],"1":[0,11],"2":[19],"3":[19,0],"4":[1,168],"5":[24,144],"6":[0,0],"7":[0,0],"8":[1,2],"9":[0,0],"10":[0,0],"11":[1,13],"12":[0,0],"13":[0,0],"14":[0,0],"15":[15],"16":[0,13],"17":[0,13],"18":[45,11]},"meta":{"lastBranch":19,"lastFunction":38,"lastStatement":130,"seen":{"s:6:15:6:Infinity":0,"b:6:15:6:38:6:38:6:Infinity":0,"b:9:0:9:Infinity:undefined:undefined:undefined:undefined":1,"s:9:0:9:Infinity":1,"s:9:34:9:Infinity":2,"s:11:37:11:Infinity":3,"s:12:0:12:Infinity":4,"s:19:0:19:Infinity":5,"s:27:31:27:Infinity":6,"s:43:0:43:Infinity":7,"s:56:32:175:Infinity":8,"s:177:0:181:Infinity":9,"f:188:16:188:Infinity":0,"b:190:15:190:Infinity":2,"s:192:2:221:Infinity":10,"s:193:4:197:Infinity":11,"s:199:4:201:Infinity":12,"s:203:10:207:Infinity":13,"b:204:6:206:18:206:18:206:32":3,"s:209:4:217:Infinity":14,"b:210:6:210:Infinity:undefined:undefined:undefined:undefined":4,"s:210:6:210:Infinity":15,"s:210:34:210:Infinity":16,"b:211:6:211:Infinity:undefined:undefined:undefined:undefined":5,"s:211:6:211:Infinity":17,"s:211:39:211:Infinity":18,"s:212:17:215:Infinity":19,"f:212:26:212:44":1,"s:213:8:213:Infinity":20,"s:214:8:214:Infinity":21,"s:216:6:216:Infinity":22,"s:219:16:219:Infinity":23,"b:219:39:219:53:219:53:219:Infinity":6,"s:220:4:220:Infinity":24,"s:224:0:224:Infinity":25,"f:242:16:242:Infinity":2,"s:251:2:254:Infinity":26,"f:257:16:257:37":3,"s:258:2:262:Infinity":27,"s:265:18:269:Infinity":28,"s:271:19:275:Infinity":29,"s:277:18:279:Infinity":30,"s:281:26:285:Infinity":31,"f:287:16:287:33":4,"s:288:2:288:Infinity":32,"f:291:16:291:34":5,"s:292:2:292:Infinity":33,"f:295:16:295:33":6,"s:296:14:296:Infinity":34,"b:297:2:297:Infinity:undefined:undefined:undefined:undefined":7,"s:297:2:297:Infinity":35,"s:297:12:297:Infinity":36,"s:298:2:298:Infinity":37,"s:301:19:305:Infinity":38,"f:312:16:312:36":7,"s:313:14:313:Infinity":39,"b:314:2:314:Infinity:undefined:undefined:undefined:undefined":8,"s:314:2:314:Infinity":40,"s:314:12:314:Infinity":41,"s:315:2:315:Infinity":42,"s:318:22:322:Infinity":43,"s:324:23:328:Infinity":44,"f:333:16:333:31":8,"s:334:2:336:Infinity":45,"b:335:6:335:Infinity:336:6:336:Infinity":9,"s:342:24:344:Infinity":46,"f:345:16:345:31":9,"s:346:2:346:Infinity":47,"s:349:19:351:Infinity":48,"f:356:16:356:30":10,"s:357:2:357:Infinity":49,"s:360:27:362:Infinity":50,"s:363:24:365:Infinity":51,"s:366:28:368:Infinity":52,"f:371:16:371:39":11,"s:372:15:372:Infinity":53,"s:373:17:373:Infinity":54,"s:374:2:374:Infinity":55,"s:374:24:374:Infinity":56,"b:374:45:374:68:374:68:374:73":10,"s:375:2:375:Infinity":57,"f:375:31:375:36":12,"s:375:56:375:73":58,"f:380:16:380:Infinity":13,"b:383:2:383:Infinity:undefined:undefined:undefined:undefined":11,"s:383:2:383:Infinity":59,"s:383:31:383:Infinity":60,"s:384:23:384:Infinity":61,"f:384:34:384:44":14,"s:384:44:384:47":62,"s:385:15:387:Infinity":63,"s:388:15:388:Infinity":64,"s:389:16:389:Infinity":65,"s:390:2:397:Infinity":66,"s:391:17:391:Infinity":67,"b:392:4:395:Infinity:undefined:undefined:undefined:undefined":12,"s:392:4:395:Infinity":68,"s:393:6:393:Infinity":69,"s:394:6:394:Infinity":70,"s:396:4:396:Infinity":71,"b:396:25:396:48:396:48:396:53":13,"s:398:14:398:Infinity":72,"s:399:2:401:Infinity":73,"s:400:4:400:Infinity":74,"f:400:41:400:46":15,"s:400:66:400:83":75,"s:402:2:402:Infinity":76,"f:407:16:407:31":16,"s:408:18:408:Infinity":77,"b:409:2:409:Infinity:undefined:undefined:undefined:undefined":14,"s:409:2:409:Infinity":78,"s:409:16:409:Infinity":79,"s:410:2:410:Infinity":80,"f:413:16:413:40":17,"s:414:2:418:Infinity":81,"f:421:16:421:37":18,"s:422:2:426:Infinity":82,"f:429:16:429:Infinity":19,"s:436:2:439:Infinity":83,"s:457:37:460:Infinity":84,"f:464:16:464:41":20,"s:465:2:465:Infinity":85,"s:468:33:470:Infinity":86,"f:473:16:473:37":21,"s:474:2:474:Infinity":87,"s:477:37:479:Infinity":88,"f:483:16:483:41":22,"s:484:2:484:Infinity":89,"s:501:28:504:Infinity":90,"f:507:16:507:73":23,"s:508:2:508:Infinity":91,"f:508:35:508:40":24,"s:508:47:508:74":92,"s:511:26:515:Infinity":93,"f:523:16:523:Infinity":25,"s:531:2:532:Infinity":94,"s:535:27:545:Infinity":95,"f:548:16:548:34":26,"b:548:65:548:84":15,"s:549:2:549:Infinity":96,"s:552:24:555:Infinity":97,"f:558:16:558:31":27,"s:559:2:559:Infinity":98,"s:562:24:571:Infinity":99,"f:574:16:574:31":28,"s:575:2:575:Infinity":100,"s:578:21:580:Infinity":101,"f:587:16:587:32":29,"s:588:2:588:Infinity":102,"s:607:23:610:Infinity":103,"f:612:16:612:27":30,"s:613:2:622:Infinity":104,"s:625:21:628:Infinity":105,"f:630:16:630:24":31,"s:631:2:631:Infinity":106,"f:641:16:641:30":32,"b:642:2:642:Infinity:undefined:undefined:undefined:undefined":16,"s:642:2:642:Infinity":107,"s:642:24:642:Infinity":108,"b:643:2:647:Infinity:undefined:undefined:undefined:undefined":17,"s:643:2:647:Infinity":109,"s:646:4:646:Infinity":110,"s:648:23:648:Infinity":111,"f:648:27:648:37":33,"s:648:37:648:40":112,"s:649:15:652:Infinity":113,"s:653:15:653:Infinity":114,"s:654:2:656:Infinity":115,"s:655:4:655:Infinity":116,"s:657:2:657:Infinity":117,"f:657:13:657:18":34,"s:657:25:657:37":118,"f:657:39:657:47":35,"s:657:67:657:82":119,"s:683:22:690:Infinity":120,"f:691:16:691:39":36,"s:692:2:692:Infinity":121,"s:695:23:698:Infinity":122,"s:700:23:702:Infinity":123,"f:708:16:708:Infinity":37,"s:712:19:712:Infinity":124,"b:713:2:713:Infinity:undefined:undefined:undefined:undefined":18,"s:713:2:713:Infinity":125,"s:713:16:713:Infinity":126,"s:714:13:714:18":127,"s:715:2:715:Infinity":128,"s:716:2:716:Infinity":129},"fnNames":{}}}
,"/home/dev/repos/club/packages/server/src/files-dir.ts": {"path":"/home/dev/repos/club/packages/server/src/files-dir.ts","statementMap":{"0":{"start":{"line":12,"column":2},"end":{"line":12,"column":null}},"1":{"start":{"line":17,"column":2},"end":{"line":17,"column":null}}},"fnMap":{"0":{"name":"filesDir","decl":{"start":{"line":11,"column":16},"end":{"line":11,"column":35}},"loc":{"start":{"line":11,"column":35},"end":{"line":13,"column":null}},"line":11},"1":{"name":"filePath","decl":{"start":{"line":16,"column":16},"end":{"line":16,"column":25}},"loc":{"start":{"line":16,"column":45},"end":{"line":18,"column":null}},"line":16}},"branchMap":{"0":{"loc":{"start":{"line":12,"column":9},"end":{"line":12,"column":null}},"type":"binary-expr","locations":[{"start":{"line":12,"column":9},"end":{"line":12,"column":35}},{"start":{"line":12,"column":35},"end":{"line":12,"column":null}}],"line":12}},"s":{"0":99,"1":53},"f":{"0":99,"1":53},"b":{"0":[99,0]},"meta":{"lastBranch":1,"lastFunction":2,"lastStatement":2,"seen":{"f:11:16:11:35":0,"s:12:2:12:Infinity":0,"b:12:9:12:35:12:35:12:Infinity":0,"f:16:16:16:25":1,"s:17:2:17:Infinity":1},"fnNames":{}}}
,"/home/dev/repos/club/packages/server/src/lib.ts": {"path":"/home/dev/repos/club/packages/server/src/lib.ts","statementMap":{"0":{"start":{"line":11,"column":12},"end":{"line":11,"column":null}},"1":{"start":{"line":12,"column":2},"end":{"line":12,"column":null}},"2":{"start":{"line":12,"column":37},"end":{"line":12,"column":null}},"3":{"start":{"line":13,"column":2},"end":{"line":13,"column":null}}},"fnMap":{"0":{"name":"parseLimit","decl":{"start":{"line":10,"column":16},"end":{"line":10,"column":27}},"loc":{"start":{"line":10,"column":85},"end":{"line":14,"column":null}},"line":10}},"branchMap":{"0":{"loc":{"start":{"line":10,"column":61},"end":{"line":10,"column":85}},"type":"default-arg","locations":[{"start":{"line":10,"column":72},"end":{"line":10,"column":85}}],"line":10},"1":{"loc":{"start":{"line":11,"column":12},"end":{"line":11,"column":null}},"type":"cond-expr","locations":[{"start":{"line":11,"column":38},"end":{"line":11,"column":44}},{"start":{"line":11,"column":44},"end":{"line":11,"column":null}}],"line":11},"2":{"loc":{"start":{"line":12,"column":2},"end":{"line":12,"column":null}},"type":"if","locations":[{"start":{"line":12,"column":2},"end":{"line":12,"column":null}},{"start":{},"end":{}}],"line":12},"3":{"loc":{"start":{"line":12,"column":6},"end":{"line":12,"column":37}},"type":"binary-expr","locations":[{"start":{"line":12,"column":6},"end":{"line":12,"column":29}},{"start":{"line":12,"column":29},"end":{"line":12,"column":37}}],"line":12}},"s":{"0":33,"1":33,"2":19,"3":14},"f":{"0":33},"b":{"0":[33],"1":[7,26],"2":[19,14],"3":[33,19]},"meta":{"lastBranch":4,"lastFunction":1,"lastStatement":4,"seen":{"f:10:16:10:27":0,"b:10:72:10:85":0,"s:11:12:11:Infinity":0,"b:11:38:11:44:11:44:11:Infinity":1,"b:12:2:12:Infinity:undefined:undefined:undefined:undefined":2,"s:12:2:12:Infinity":1,"b:12:6:12:29:12:29:12:37":3,"s:12:37:12:Infinity":2,"s:13:2:13:Infinity":3},"fnNames":{}}}
,"/home/dev/repos/club/packages/server/src/mention.ts": {"path":"/home/dev/repos/club/packages/server/src/mention.ts","statementMap":{"0":{"start":{"line":38,"column":15},"end":{"line":38,"column":null}},"1":{"start":{"line":39,"column":34},"end":{"line":39,"column":null}},"2":{"start":{"line":40,"column":2},"end":{"line":47,"column":null}},"3":{"start":{"line":41,"column":4},"end":{"line":41,"column":null}},"4":{"start":{"line":41,"column":17},"end":{"line":41,"column":null}},"5":{"start":{"line":42,"column":4},"end":{"line":42,"column":null}},"6":{"start":{"line":42,"column":24},"end":{"line":42,"column":null}},"7":{"start":{"line":43,"column":4},"end":{"line":46,"column":null}},"8":{"start":{"line":44,"column":6},"end":{"line":44,"column":null}},"9":{"start":{"line":45,"column":6},"end":{"line":45,"column":null}},"10":{"start":{"line":48,"column":2},"end":{"line":48,"column":null}}},"fnMap":{"0":{"name":"extractMentionedParticipants","decl":{"start":{"line":34,"column":16},"end":{"line":34,"column":null}},"loc":{"start":{"line":37,"column":22},"end":{"line":49,"column":null}},"line":37}},"branchMap":{"0":{"loc":{"start":{"line":41,"column":4},"end":{"line":41,"column":null}},"type":"if","locations":[{"start":{"line":41,"column":4},"end":{"line":41,"column":null}},{"start":{},"end":{}}],"line":41},"1":{"loc":{"start":{"line":42,"column":4},"end":{"line":42,"column":null}},"type":"if","locations":[{"start":{"line":42,"column":4},"end":{"line":42,"column":null}},{"start":{},"end":{}}],"line":42},"2":{"loc":{"start":{"line":43,"column":4},"end":{"line":46,"column":null}},"type":"if","locations":[{"start":{"line":43,"column":4},"end":{"line":46,"column":null}},{"start":{},"end":{}}],"line":43}},"s":{"0":66,"1":66,"2":66,"3":328,"4":1,"5":327,"6":1,"7":326,"8":24,"9":24,"10":66},"f":{"0":66},"b":{"0":[1,327],"1":[1,326],"2":[24,302]},"meta":{"lastBranch":3,"lastFunction":1,"lastStatement":11,"seen":{"f:34:16:34:Infinity":0,"s:38:15:38:Infinity":0,"s:39:34:39:Infinity":1,"s:40:2:47:Infinity":2,"b:41:4:41:Infinity:undefined:undefined:undefined:undefined":0,"s:41:4:41:Infinity":3,"s:41:17:41:Infinity":4,"b:42:4:42:Infinity:undefined:undefined:undefined:undefined":1,"s:42:4:42:Infinity":5,"s:42:24:42:Infinity":6,"b:43:4:46:Infinity:undefined:undefined:undefined:undefined":2,"s:43:4:46:Infinity":7,"s:44:6:44:Infinity":8,"s:45:6:45:Infinity":9,"s:48:2:48:Infinity":10},"fnNames":{}}}
,"/home/dev/repos/club/packages/server/src/rate-limit.ts": {"path":"/home/dev/repos/club/packages/server/src/rate-limit.ts","statementMap":{"0":{"start":{"line":11,"column":16},"end":{"line":11,"column":null}},"1":{"start":{"line":14,"column":0},"end":{"line":19,"column":null}},"2":{"start":{"line":15,"column":14},"end":{"line":15,"column":null}},"3":{"start":{"line":16,"column":2},"end":{"line":18,"column":null}},"4":{"start":{"line":17,"column":4},"end":{"line":17,"column":null}},"5":{"start":{"line":17,"column":43},"end":{"line":17,"column":null}},"6":{"start":{"line":26,"column":33},"end":{"line":26,"column":null}},"7":{"start":{"line":28,"column":2},"end":{"line":46,"column":null}},"8":{"start":{"line":29,"column":23},"end":{"line":29,"column":null}},"9":{"start":{"line":31,"column":16},"end":{"line":31,"column":null}},"10":{"start":{"line":32,"column":17},"end":{"line":32,"column":null}},"11":{"start":{"line":33,"column":4},"end":{"line":36,"column":null}},"12":{"start":{"line":34,"column":6},"end":{"line":34,"column":null}},"13":{"start":{"line":35,"column":6},"end":{"line":35,"column":null}},"14":{"start":{"line":38,"column":4},"end":{"line":42,"column":null}},"15":{"start":{"line":39,"column":24},"end":{"line":39,"column":null}},"16":{"start":{"line":40,"column":6},"end":{"line":40,"column":null}},"17":{"start":{"line":41,"column":6},"end":{"line":41,"column":null}},"18":{"start":{"line":44,"column":4},"end":{"line":44,"column":null}},"19":{"start":{"line":45,"column":4},"end":{"line":45,"column":null}}},"fnMap":{"0":{"name":"(anonymous_0)","decl":{"start":{"line":14,"column":0},"end":{"line":14,"column":18}},"loc":{"start":{"line":14,"column":18},"end":{"line":19,"column":3}},"line":14},"1":{"name":"rateLimit","decl":{"start":{"line":21,"column":16},"end":{"line":21,"column":26}},"loc":{"start":{"line":25,"column":37},"end":{"line":47,"column":null}},"line":25},"2":{"name":"(anonymous_2)","decl":{"start":{"line":28,"column":9},"end":{"line":28,"column":16}},"loc":{"start":{"line":28,"column":28},"end":{"line":46,"column":null}},"line":28}},"branchMap":{"0":{"loc":{"start":{"line":17,"column":4},"end":{"line":17,"column":null}},"type":"if","locations":[{"start":{"line":17,"column":4},"end":{"line":17,"column":null}},{"start":{},"end":{}}],"line":17},"1":{"loc":{"start":{"line":29,"column":23},"end":{"line":29,"column":null}},"type":"cond-expr","locations":[{"start":{"line":29,"column":29},"end":{"line":29,"column":38}},{"start":{"line":29,"column":38},"end":{"line":29,"column":null}}],"line":29},"2":{"loc":{"start":{"line":29,"column":38},"end":{"line":29,"column":null}},"type":"binary-expr","locations":[{"start":{"line":29,"column":38},"end":{"line":29,"column":73}},{"start":{"line":29,"column":73},"end":{"line":29,"column":111}},{"start":{"line":29,"column":111},"end":{"line":29,"column":null}}],"line":29},"3":{"loc":{"start":{"line":33,"column":4},"end":{"line":36,"column":null}},"type":"if","locations":[{"start":{"line":33,"column":4},"end":{"line":36,"column":null}},{"start":{},"end":{}}],"line":33},"4":{"loc":{"start":{"line":33,"column":8},"end":{"line":33,"column":55}},"type":"binary-expr","locations":[{"start":{"line":33,"column":8},"end":{"line":33,"column":19}},{"start":{"line":33,"column":19},"end":{"line":33,"column":55}}],"line":33},"5":{"loc":{"start":{"line":38,"column":4},"end":{"line":42,"column":null}},"type":"if","locations":[{"start":{"line":38,"column":4},"end":{"line":42,"column":null}},{"start":{},"end":{}}],"line":38}},"s":{"0":10,"1":10,"2":0,"3":0,"4":0,"5":0,"6":0,"7":0,"8":0,"9":0,"10":0,"11":0,"12":0,"13":0,"14":0,"15":0,"16":0,"17":0,"18":0,"19":0},"f":{"0":0,"1":0,"2":0},"b":{"0":[0,0],"1":[0,0],"2":[0,0,0],"3":[0,0],"4":[0,0],"5":[0,0]},"meta":{"lastBranch":6,"lastFunction":3,"lastStatement":20,"seen":{"s:11:16:11:Infinity":0,"s:14:0:19:Infinity":1,"f:14:0:14:18":0,"s:15:14:15:Infinity":2,"s:16:2:18:Infinity":3,"b:17:4:17:Infinity:undefined:undefined:undefined:undefined":0,"s:17:4:17:Infinity":4,"s:17:43:17:Infinity":5,"f:21:16:21:26":1,"s:26:33:26:Infinity":6,"s:28:2:46:Infinity":7,"f:28:9:28:16":2,"s:29:23:29:Infinity":8,"b:29:29:29:38:29:38:29:Infinity":1,"b:29:38:29:73:29:73:29:111:29:111:29:Infinity":2,"s:31:16:31:Infinity":9,"s:32:17:32:Infinity":10,"b:33:4:36:Infinity:undefined:undefined:undefined:undefined":3,"s:33:4:36:Infinity":11,"b:33:8:33:19:33:19:33:55":4,"s:34:6:34:Infinity":12,"s:35:6:35:Infinity":13,"b:38:4:42:Infinity:undefined:undefined:undefined:undefined":5,"s:38:4:42:Infinity":14,"s:39:24:39:Infinity":15,"s:40:6:40:Infinity":16,"s:41:6:41:Infinity":17,"s:44:4:44:Infinity":18,"s:45:4:45:Infinity":19},"fnNames":{}}}
,"/home/dev/repos/club/packages/server/src/stream.ts": {"path":"/home/dev/repos/club/packages/server/src/stream.ts","statementMap":{"0":{"start":{"line":9,"column":20},"end":{"line":14,"column":null}},"1":{"start":{"line":20,"column":2},"end":{"line":20,"column":null}},"2":{"start":{"line":20,"column":21},"end":{"line":20,"column":null}},"3":{"start":{"line":21,"column":2},"end":{"line":21,"column":null}},"4":{"start":{"line":21,"column":26},"end":{"line":21,"column":null}},"5":{"start":{"line":22,"column":2},"end":{"line":22,"column":null}},"6":{"start":{"line":36,"column":16},"end":{"line":36,"column":null}},"7":{"start":{"line":37,"column":2},"end":{"line":37,"column":null}},"8":{"start":{"line":38,"column":8},"end":{"line":42,"column":null}},"9":{"start":{"line":38,"column":64},"end":{"line":42,"column":null}},"10":{"start":{"line":43,"column":2},"end":{"line":43,"column":null}},"11":{"start":{"line":44,"column":2},"end":{"line":49,"column":null}},"12":{"start":{"line":45,"column":4},"end":{"line":45,"column":null}},"13":{"start":{"line":45,"column":35},"end":{"line":45,"column":null}},"14":{"start":{"line":46,"column":4},"end":{"line":48,"column":null}},"15":{"start":{"line":50,"column":2},"end":{"line":54,"column":null}},"16":{"start":{"line":51,"column":4},"end":{"line":51,"column":null}},"17":{"start":{"line":52,"column":4},"end":{"line":52,"column":null}},"18":{"start":{"line":53,"column":4},"end":{"line":53,"column":null}},"19":{"start":{"line":60,"column":2},"end":{"line":60,"column":null}},"20":{"start":{"line":66,"column":2},"end":{"line":66,"column":null}},"21":{"start":{"line":71,"column":2},"end":{"line":71,"column":null}},"22":{"start":{"line":77,"column":18},"end":{"line":77,"column":null}},"23":{"start":{"line":78,"column":2},"end":{"line":78,"column":null}},"24":{"start":{"line":86,"column":2},"end":{"line":86,"column":null}},"25":{"start":{"line":92,"column":2},"end":{"line":92,"column":null}},"26":{"start":{"line":105,"column":2},"end":{"line":115,"column":null}},"27":{"start":{"line":106,"column":4},"end":{"line":106,"column":null}},"28":{"start":{"line":106,"column":18},"end":{"line":106,"column":null}},"29":{"start":{"line":107,"column":4},"end":{"line":107,"column":null}},"30":{"start":{"line":107,"column":31},"end":{"line":107,"column":null}},"31":{"start":{"line":109,"column":4},"end":{"line":114,"column":null}},"32":{"start":{"line":112,"column":8},"end":{"line":112,"column":null}},"33":{"start":{"line":113,"column":8},"end":{"line":113,"column":null}},"34":{"start":{"line":139,"column":24},"end":{"line":139,"column":null}},"35":{"start":{"line":154,"column":17},"end":{"line":154,"column":null}},"36":{"start":{"line":166,"column":16},"end":{"line":166,"column":null}},"37":{"start":{"line":167,"column":2},"end":{"line":172,"column":null}},"38":{"start":{"line":173,"column":2},"end":{"line":173,"column":null}},"39":{"start":{"line":180,"column":16},"end":{"line":180,"column":null}},"40":{"start":{"line":181,"column":2},"end":{"line":181,"column":null}},"41":{"start":{"line":181,"column":14},"end":{"line":181,"column":null}},"42":{"start":{"line":182,"column":2},"end":{"line":182,"column":null}},"43":{"start":{"line":183,"column":2},"end":{"line":183,"column":null}},"44":{"start":{"line":188,"column":2},"end":{"line":188,"column":null}},"45":{"start":{"line":196,"column":14},"end":{"line":196,"column":null}},"46":{"start":{"line":197,"column":2},"end":{"line":205,"column":null}},"47":{"start":{"line":198,"column":4},"end":{"line":204,"column":null}},"48":{"start":{"line":199,"column":6},"end":{"line":199,"column":null}},"49":{"start":{"line":200,"column":6},"end":{"line":203,"column":null}},"50":{"start":{"line":210,"column":33},"end":{"line":224,"column":null}},"51":{"start":{"line":211,"column":2},"end":{"line":222,"column":null}},"52":{"start":{"line":212,"column":4},"end":{"line":215,"column":null}},"53":{"start":{"line":213,"column":6},"end":{"line":213,"column":null}},"54":{"start":{"line":214,"column":6},"end":{"line":214,"column":null}},"55":{"start":{"line":216,"column":4},"end":{"line":221,"column":null}},"56":{"start":{"line":219,"column":8},"end":{"line":219,"column":null}},"57":{"start":{"line":220,"column":8},"end":{"line":220,"column":null}},"58":{"start":{"line":223,"column":2},"end":{"line":223,"column":null}}},"fnMap":{"0":{"name":"wantsRoom","decl":{"start":{"line":19,"column":9},"end":{"line":19,"column":19}},"loc":{"start":{"line":19,"column":85},"end":{"line":23,"column":null}},"line":19},"1":{"name":"addSubscriber","decl":{"start":{"line":31,"column":16},"end":{"line":31,"column":null}},"loc":{"start":{"line":35,"column":14},"end":{"line":55,"column":null}},"line":35},"2":{"name":"(anonymous_2)","decl":{"start":{"line":38,"column":8},"end":{"line":38,"column":20}},"loc":{"start":{"line":38,"column":64},"end":{"line":42,"column":null}},"line":38},"3":{"name":"(anonymous_3)","decl":{"start":{"line":48,"column":7},"end":{"line":48,"column":19}},"loc":{"start":{"line":48,"column":19},"end":{"line":48,"column":21}},"line":48},"4":{"name":"(anonymous_4)","decl":{"start":{"line":50,"column":2},"end":{"line":50,"column":15}},"loc":{"start":{"line":50,"column":15},"end":{"line":54,"column":null}},"line":50},"5":{"name":"broadcastPresence","decl":{"start":{"line":59,"column":16},"end":{"line":59,"column":34}},"loc":{"start":{"line":59,"column":58},"end":{"line":61,"column":null}},"line":59},"6":{"name":"broadcastDeleted","decl":{"start":{"line":65,"column":16},"end":{"line":65,"column":33}},"loc":{"start":{"line":65,"column":63},"end":{"line":67,"column":null}},"line":65},"7":{"name":"broadcastReaction","decl":{"start":{"line":70,"column":16},"end":{"line":70,"column":34}},"loc":{"start":{"line":70,"column":65},"end":{"line":72,"column":null}},"line":70},"8":{"name":"broadcast","decl":{"start":{"line":76,"column":16},"end":{"line":76,"column":26}},"loc":{"start":{"line":76,"column":46},"end":{"line":79,"column":null}},"line":76},"9":{"name":"broadcastAgentThinking","decl":{"start":{"line":85,"column":16},"end":{"line":85,"column":39}},"loc":{"start":{"line":85,"column":68},"end":{"line":87,"column":null}},"line":85},"10":{"name":"broadcastAgentIdle","decl":{"start":{"line":91,"column":16},"end":{"line":91,"column":35}},"loc":{"start":{"line":91,"column":60},"end":{"line":93,"column":null}},"line":91},"11":{"name":"writeAll","decl":{"start":{"line":98,"column":9},"end":{"line":98,"column":null}},"loc":{"start":{"line":104,"column":8},"end":{"line":116,"column":null}},"line":104},"12":{"name":"(anonymous_12)","decl":{"start":{"line":111,"column":7},"end":{"line":111,"column":19}},"loc":{"start":{"line":111,"column":19},"end":{"line":114,"column":7}},"line":111},"13":{"name":"markThinking","decl":{"start":{"line":161,"column":16},"end":{"line":161,"column":null}},"loc":{"start":{"line":165,"column":11},"end":{"line":174,"column":null}},"line":165},"14":{"name":"markThinkingIdle","decl":{"start":{"line":179,"column":16},"end":{"line":179,"column":33}},"loc":{"start":{"line":179,"column":78},"end":{"line":184,"column":null}},"line":179},"15":{"name":"isThinking","decl":{"start":{"line":187,"column":16},"end":{"line":187,"column":27}},"loc":{"start":{"line":187,"column":59},"end":{"line":189,"column":null}},"line":187},"16":{"name":"reapExpiredThinking","decl":{"start":{"line":195,"column":9},"end":{"line":195,"column":37}},"loc":{"start":{"line":195,"column":37},"end":{"line":206,"column":null}},"line":195},"17":{"name":"(anonymous_17)","decl":{"start":{"line":210,"column":33},"end":{"line":210,"column":51}},"loc":{"start":{"line":210,"column":51},"end":{"line":224,"column":3}},"line":210},"18":{"name":"(anonymous_18)","decl":{"start":{"line":218,"column":7},"end":{"line":218,"column":19}},"loc":{"start":{"line":218,"column":19},"end":{"line":221,"column":7}},"line":218}},"branchMap":{"0":{"loc":{"start":{"line":20,"column":2},"end":{"line":20,"column":null}},"type":"if","locations":[{"start":{"line":20,"column":2},"end":{"line":20,"column":null}},{"start":{},"end":{}}],"line":20},"1":{"loc":{"start":{"line":21,"column":2},"end":{"line":21,"column":null}},"type":"if","locations":[{"start":{"line":21,"column":2},"end":{"line":21,"column":null}},{"start":{},"end":{}}],"line":21},"2":{"loc":{"start":{"line":45,"column":4},"end":{"line":45,"column":null}},"type":"if","locations":[{"start":{"line":45,"column":4},"end":{"line":45,"column":null}},{"start":{},"end":{}}],"line":45},"3":{"loc":{"start":{"line":45,"column":8},"end":{"line":45,"column":35}},"type":"binary-expr","locations":[{"start":{"line":45,"column":8},"end":{"line":45,"column":25}},{"start":{"line":45,"column":25},"end":{"line":45,"column":35}}],"line":45},"4":{"loc":{"start":{"line":86,"column":65},"end":{"line":86,"column":79}},"type":"binary-expr","locations":[{"start":{"line":86,"column":65},"end":{"line":86,"column":75}},{"start":{"line":86,"column":75},"end":{"line":86,"column":79}}],"line":86},"5":{"loc":{"start":{"line":92,"column":61},"end":{"line":92,"column":75}},"type":"binary-expr","locations":[{"start":{"line":92,"column":61},"end":{"line":92,"column":71}},{"start":{"line":92,"column":71},"end":{"line":92,"column":75}}],"line":92},"6":{"loc":{"start":{"line":106,"column":4},"end":{"line":106,"column":null}},"type":"if","locations":[{"start":{"line":106,"column":4},"end":{"line":106,"column":null}},{"start":{},"end":{}}],"line":106},"7":{"loc":{"start":{"line":107,"column":4},"end":{"line":107,"column":null}},"type":"if","locations":[{"start":{"line":107,"column":4},"end":{"line":107,"column":null}},{"start":{},"end":{}}],"line":107},"8":{"loc":{"start":{"line":164,"column":2},"end":{"line":164,"column":null}},"type":"default-arg","locations":[{"start":{"line":164,"column":24},"end":{"line":164,"column":null}}],"line":164},"9":{"loc":{"start":{"line":181,"column":2},"end":{"line":181,"column":null}},"type":"if","locations":[{"start":{"line":181,"column":2},"end":{"line":181,"column":null}},{"start":{},"end":{}}],"line":181},"10":{"loc":{"start":{"line":198,"column":4},"end":{"line":204,"column":null}},"type":"if","locations":[{"start":{"line":198,"column":4},"end":{"line":204,"column":null}},{"start":{},"end":{}}],"line":198},"11":{"loc":{"start":{"line":202,"column":12},"end":{"line":202,"column":null}},"type":"cond-expr","locations":[{"start":{"line":202,"column":25},"end":{"line":202,"column":48}},{"start":{"line":202,"column":48},"end":{"line":202,"column":null}}],"line":202},"12":{"loc":{"start":{"line":212,"column":4},"end":{"line":215,"column":null}},"type":"if","locations":[{"start":{"line":212,"column":4},"end":{"line":215,"column":null}},{"start":{},"end":{}}],"line":212}},"s":{"0":8,"1":19,"2":8,"3":11,"4":3,"5":8,"6":6,"7":6,"8":6,"9":13,"10":6,"11":6,"12":7,"13":6,"14":1,"15":6,"16":6,"17":6,"18":6,"19":12,"20":3,"21":2,"22":53,"23":53,"24":1,"25":0,"26":71,"27":19,"28":0,"29":19,"30":4,"31":15,"32":0,"33":0,"34":8,"35":8,"36":12,"37":12,"38":12,"39":55,"40":55,"41":50,"42":5,"43":5,"44":5,"45":0,"46":0,"47":0,"48":0,"49":0,"50":8,"51":0,"52":0,"53":0,"54":0,"55":0,"56":0,"57":0,"58":0},"f":{"0":19,"1":6,"2":13,"3":0,"4":6,"5":12,"6":3,"7":2,"8":53,"9":1,"10":0,"11":71,"12":0,"13":12,"14":55,"15":5,"16":0,"17":0,"18":0},"b":{"0":[8,11],"1":[3,8],"2":[6,1],"3":[7,1],"4":[1,0],"5":[0,0],"6":[0,19],"7":[4,15],"8":[12],"9":[50,5],"10":[0,0],"11":[0,0],"12":[0,0]},"meta":{"lastBranch":13,"lastFunction":19,"lastStatement":59,"seen":{"s:9:20:14:Infinity":0,"f:19:9:19:19":0,"b:20:2:20:Infinity:undefined:undefined:undefined:undefined":0,"s:20:2:20:Infinity":1,"s:20:21:20:Infinity":2,"b:21:2:21:Infinity:undefined:undefined:undefined:undefined":1,"s:21:2:21:Infinity":3,"s:21:26:21:Infinity":4,"s:22:2:22:Infinity":5,"f:31:16:31:Infinity":1,"s:36:16:36:Infinity":6,"s:37:2:37:Infinity":7,"s:38:8:42:Infinity":8,"f:38:8:38:20":2,"s:38:64:42:Infinity":9,"s:43:2:43:Infinity":10,"s:44:2:49:Infinity":11,"b:45:4:45:Infinity:undefined:undefined:undefined:undefined":2,"s:45:4:45:Infinity":12,"b:45:8:45:25:45:25:45:35":3,"s:45:35:45:Infinity":13,"s:46:4:48:Infinity":14,"f:48:7:48:19":3,"s:50:2:54:Infinity":15,"f:50:2:50:15":4,"s:51:4:51:Infinity":16,"s:52:4:52:Infinity":17,"s:53:4:53:Infinity":18,"f:59:16:59:34":5,"s:60:2:60:Infinity":19,"f:65:16:65:33":6,"s:66:2:66:Infinity":20,"f:70:16:70:34":7,"s:71:2:71:Infinity":21,"f:76:16:76:26":8,"s:77:18:77:Infinity":22,"s:78:2:78:Infinity":23,"f:85:16:85:39":9,"s:86:2:86:Infinity":24,"b:86:65:86:75:86:75:86:79":4,"f:91:16:91:35":10,"s:92:2:92:Infinity":25,"b:92:61:92:71:92:71:92:75":5,"f:98:9:98:Infinity":11,"s:105:2:115:Infinity":26,"b:106:4:106:Infinity:undefined:undefined:undefined:undefined":6,"s:106:4:106:Infinity":27,"s:106:18:106:Infinity":28,"b:107:4:107:Infinity:undefined:undefined:undefined:undefined":7,"s:107:4:107:Infinity":29,"s:107:31:107:Infinity":30,"s:109:4:114:Infinity":31,"f:111:7:111:19":12,"s:112:8:112:Infinity":32,"s:113:8:113:Infinity":33,"s:139:24:139:Infinity":34,"s:154:17:154:Infinity":35,"f:161:16:161:Infinity":13,"b:164:24:164:Infinity":8,"s:166:16:166:Infinity":36,"s:167:2:172:Infinity":37,"s:173:2:173:Infinity":38,"f:179:16:179:33":14,"s:180:16:180:Infinity":39,"b:181:2:181:Infinity:undefined:undefined:undefined:undefined":9,"s:181:2:181:Infinity":40,"s:181:14:181:Infinity":41,"s:182:2:182:Infinity":42,"s:183:2:183:Infinity":43,"f:187:16:187:27":15,"s:188:2:188:Infinity":44,"f:195:9:195:37":16,"s:196:14:196:Infinity":45,"s:197:2:205:Infinity":46,"b:198:4:204:Infinity:undefined:undefined:undefined:undefined":10,"s:198:4:204:Infinity":47,"s:199:6:199:Infinity":48,"s:200:6:203:Infinity":49,"b:202:25:202:48:202:48:202:Infinity":11,"s:210:33:224:Infinity":50,"f:210:33:210:51":17,"s:211:2:222:Infinity":51,"b:212:4:215:Infinity:undefined:undefined:undefined:undefined":12,"s:212:4:215:Infinity":52,"s:213:6:213:Infinity":53,"s:214:6:214:Infinity":54,"s:216:4:221:Infinity":55,"f:218:7:218:19":18,"s:219:8:219:Infinity":56,"s:220:8:220:Infinity":57,"s:223:2:223:Infinity":58},"fnNames":{}}}
,"/home/dev/repos/club/packages/server/src/routes/agents.ts": {"path":"/home/dev/repos/club/packages/server/src/routes/agents.ts","statementMap":{"0":{"start":{"line":24,"column":22},"end":{"line":24,"column":null}},"1":{"start":{"line":25,"column":0},"end":{"line":25,"column":null}},"2":{"start":{"line":28,"column":20},"end":{"line":34,"column":null}},"3":{"start":{"line":29,"column":13},"end":{"line":29,"column":null}},"4":{"start":{"line":30,"column":2},"end":{"line":32,"column":null}},"5":{"start":{"line":31,"column":4},"end":{"line":31,"column":null}},"6":{"start":{"line":33,"column":2},"end":{"line":33,"column":null}},"7":{"start":{"line":51,"column":0},"end":{"line":70,"column":null}},"8":{"start":{"line":52,"column":13},"end":{"line":52,"column":null}},"9":{"start":{"line":54,"column":15},"end":{"line":54,"column":null}},"10":{"start":{"line":54,"column":47},"end":{"line":54,"column":50}},"11":{"start":{"line":55,"column":17},"end":{"line":55,"column":null}},"12":{"start":{"line":56,"column":2},"end":{"line":58,"column":null}},"13":{"start":{"line":57,"column":4},"end":{"line":57,"column":null}},"14":{"start":{"line":60,"column":15},"end":{"line":60,"column":null}},"15":{"start":{"line":61,"column":16},"end":{"line":61,"column":null}},"16":{"start":{"line":62,"column":2},"end":{"line":68,"column":null}},"17":{"start":{"line":63,"column":4},"end":{"line":67,"column":null}},"18":{"start":{"line":69,"column":2},"end":{"line":69,"column":null}},"19":{"start":{"line":87,"column":0},"end":{"line":104,"column":null}},"20":{"start":{"line":88,"column":13},"end":{"line":88,"column":null}},"21":{"start":{"line":90,"column":15},"end":{"line":90,"column":null}},"22":{"start":{"line":90,"column":47},"end":{"line":90,"column":50}},"23":{"start":{"line":91,"column":17},"end":{"line":91,"column":null}},"24":{"start":{"line":92,"column":2},"end":{"line":94,"column":null}},"25":{"start":{"line":93,"column":4},"end":{"line":93,"column":null}},"26":{"start":{"line":96,"column":16},"end":{"line":96,"column":null}},"27":{"start":{"line":97,"column":2},"end":{"line":102,"column":null}},"28":{"start":{"line":98,"column":4},"end":{"line":101,"column":null}},"29":{"start":{"line":103,"column":2},"end":{"line":103,"column":null}}},"fnMap":{"0":{"name":"(anonymous_0)","decl":{"start":{"line":28,"column":37},"end":{"line":28,"column":44}},"loc":{"start":{"line":28,"column":56},"end":{"line":34,"column":1}},"line":28},"1":{"name":"(anonymous_1)","decl":{"start":{"line":51,"column":38},"end":{"line":51,"column":45}},"loc":{"start":{"line":51,"column":51},"end":{"line":70,"column":1}},"line":51},"2":{"name":"(anonymous_2)","decl":{"start":{"line":54,"column":34},"end":{"line":54,"column":47}},"loc":{"start":{"line":54,"column":47},"end":{"line":54,"column":50}},"line":54},"3":{"name":"(anonymous_3)","decl":{"start":{"line":87,"column":34},"end":{"line":87,"column":41}},"loc":{"start":{"line":87,"column":47},"end":{"line":104,"column":1}},"line":87},"4":{"name":"(anonymous_4)","decl":{"start":{"line":90,"column":34},"end":{"line":90,"column":47}},"loc":{"start":{"line":90,"column":47},"end":{"line":90,"column":50}},"line":90}},"branchMap":{"0":{"loc":{"start":{"line":30,"column":2},"end":{"line":32,"column":null}},"type":"if","locations":[{"start":{"line":30,"column":2},"end":{"line":32,"column":null}},{"start":{},"end":{}}],"line":30},"1":{"loc":{"start":{"line":30,"column":6},"end":{"line":30,"column":62}},"type":"binary-expr","locations":[{"start":{"line":30,"column":6},"end":{"line":30,"column":12}},{"start":{"line":30,"column":12},"end":{"line":30,"column":62}}],"line":30},"2":{"loc":{"start":{"line":56,"column":2},"end":{"line":58,"column":null}},"type":"if","locations":[{"start":{"line":56,"column":2},"end":{"line":58,"column":null}},{"start":{},"end":{}}],"line":56},"3":{"loc":{"start":{"line":57,"column":27},"end":{"line":57,"column":76}},"type":"binary-expr","locations":[{"start":{"line":57,"column":27},"end":{"line":57,"column":62}},{"start":{"line":57,"column":62},"end":{"line":57,"column":76}}],"line":57},"4":{"loc":{"start":{"line":60,"column":15},"end":{"line":60,"column":null}},"type":"binary-expr","locations":[{"start":{"line":60,"column":15},"end":{"line":60,"column":35}},{"start":{"line":60,"column":35},"end":{"line":60,"column":null}}],"line":60},"5":{"loc":{"start":{"line":62,"column":2},"end":{"line":68,"column":null}},"type":"if","locations":[{"start":{"line":62,"column":2},"end":{"line":68,"column":null}},{"start":{},"end":{}}],"line":62},"6":{"loc":{"start":{"line":66,"column":10},"end":{"line":66,"column":null}},"type":"cond-expr","locations":[{"start":{"line":66,"column":17},"end":{"line":66,"column":28}},{"start":{"line":66,"column":28},"end":{"line":66,"column":null}}],"line":66},"7":{"loc":{"start":{"line":92,"column":2},"end":{"line":94,"column":null}},"type":"if","locations":[{"start":{"line":92,"column":2},"end":{"line":94,"column":null}},{"start":{},"end":{}}],"line":92},"8":{"loc":{"start":{"line":93,"column":27},"end":{"line":93,"column":76}},"type":"binary-expr","locations":[{"start":{"line":93,"column":27},"end":{"line":93,"column":62}},{"start":{"line":93,"column":62},"end":{"line":93,"column":76}}],"line":93},"9":{"loc":{"start":{"line":97,"column":2},"end":{"line":102,"column":null}},"type":"if","locations":[{"start":{"line":97,"column":2},"end":{"line":102,"column":null}},{"start":{},"end":{}}],"line":97},"10":{"loc":{"start":{"line":100,"column":10},"end":{"line":100,"column":null}},"type":"cond-expr","locations":[{"start":{"line":100,"column":23},"end":{"line":100,"column":46}},{"start":{"line":100,"column":46},"end":{"line":100,"column":null}}],"line":100}},"s":{"0":1,"1":1,"2":1,"3":9,"4":9,"5":0,"6":9,"7":1,"8":7,"9":7,"10":0,"11":7,"12":7,"13":1,"14":6,"15":7,"16":7,"17":5,"18":6,"19":1,"20":2,"21":2,"22":0,"23":2,"24":2,"25":0,"26":2,"27":2,"28":1,"29":2},"f":{"0":9,"1":7,"2":0,"3":2,"4":0},"b":{"0":[0,9],"1":[9,9],"2":[1,6],"3":[1,0],"4":[6,6],"5":[5,2],"6":[0,5],"7":[0,2],"8":[0,0],"9":[1,1],"10":[0,1]},"meta":{"lastBranch":11,"lastFunction":5,"lastStatement":30,"seen":{"s:24:22:24:Infinity":0,"s:25:0:25:Infinity":1,"s:28:20:34:Infinity":2,"f:28:37:28:44":0,"s:29:13:29:Infinity":3,"b:30:2:32:Infinity:undefined:undefined:undefined:undefined":0,"s:30:2:32:Infinity":4,"b:30:6:30:12:30:12:30:62":1,"s:31:4:31:Infinity":5,"s:33:2:33:Infinity":6,"s:51:0:70:Infinity":7,"f:51:38:51:45":1,"s:52:13:52:Infinity":8,"s:54:15:54:Infinity":9,"f:54:34:54:47":2,"s:54:47:54:50":10,"s:55:17:55:Infinity":11,"b:56:2:58:Infinity:undefined:undefined:undefined:undefined":2,"s:56:2:58:Infinity":12,"s:57:4:57:Infinity":13,"b:57:27:57:62:57:62:57:76":3,"s:60:15:60:Infinity":14,"b:60:15:60:35:60:35:60:Infinity":4,"s:61:16:61:Infinity":15,"b:62:2:68:Infinity:undefined:undefined:undefined:undefined":5,"s:62:2:68:Infinity":16,"s:63:4:67:Infinity":17,"b:66:17:66:28:66:28:66:Infinity":6,"s:69:2:69:Infinity":18,"s:87:0:104:Infinity":19,"f:87:34:87:41":3,"s:88:13:88:Infinity":20,"s:90:15:90:Infinity":21,"f:90:34:90:47":4,"s:90:47:90:50":22,"s:91:17:91:Infinity":23,"b:92:2:94:Infinity:undefined:undefined:undefined:undefined":7,"s:92:2:94:Infinity":24,"s:93:4:93:Infinity":25,"b:93:27:93:62:93:62:93:76":8,"s:96:16:96:Infinity":26,"b:97:2:102:Infinity:undefined:undefined:undefined:undefined":9,"s:97:2:102:Infinity":27,"s:98:4:101:Infinity":28,"b:100:23:100:46:100:46:100:Infinity":10,"s:103:2:103:Infinity":29},"fnNames":{}}}
,"/home/dev/repos/club/packages/server/src/routes/files.ts": {"path":"/home/dev/repos/club/packages/server/src/routes/files.ts","statementMap":{"0":{"start":{"line":18,"column":21},"end":{"line":18,"column":null}},"1":{"start":{"line":23,"column":0},"end":{"line":128,"column":null}},"2":{"start":{"line":25,"column":2},"end":{"line":29,"column":null}},"3":{"start":{"line":26,"column":4},"end":{"line":26,"column":null}},"4":{"start":{"line":28,"column":4},"end":{"line":28,"column":null}},"5":{"start":{"line":31,"column":15},"end":{"line":31,"column":null}},"6":{"start":{"line":32,"column":2},"end":{"line":34,"column":null}},"7":{"start":{"line":33,"column":4},"end":{"line":33,"column":null}},"8":{"start":{"line":36,"column":15},"end":{"line":36,"column":null}},"9":{"start":{"line":37,"column":2},"end":{"line":39,"column":null}},"10":{"start":{"line":38,"column":4},"end":{"line":38,"column":null}},"11":{"start":{"line":41,"column":13},"end":{"line":41,"column":null}},"12":{"start":{"line":47,"column":17},"end":{"line":47,"column":null}},"13":{"start":{"line":48,"column":2},"end":{"line":50,"column":null}},"14":{"start":{"line":49,"column":4},"end":{"line":49,"column":null}},"15":{"start":{"line":51,"column":15},"end":{"line":51,"column":null}},"16":{"start":{"line":52,"column":18},"end":{"line":52,"column":null}},"17":{"start":{"line":53,"column":18},"end":{"line":53,"column":null}},"18":{"start":{"line":55,"column":21},"end":{"line":55,"column":null}},"19":{"start":{"line":56,"column":19},"end":{"line":60,"column":null}},"20":{"start":{"line":62,"column":2},"end":{"line":68,"column":null}},"21":{"start":{"line":63,"column":17},"end":{"line":63,"column":null}},"22":{"start":{"line":64,"column":4},"end":{"line":67,"column":null}},"23":{"start":{"line":73,"column":4},"end":{"line":75,"column":null}},"24":{"start":{"line":80,"column":14},"end":{"line":80,"column":null}},"25":{"start":{"line":87,"column":2},"end":{"line":97,"column":null}},"26":{"start":{"line":88,"column":4},"end":{"line":96,"column":null}},"27":{"start":{"line":89,"column":18},"end":{"line":89,"column":null}},"28":{"start":{"line":90,"column":6},"end":{"line":90,"column":null}},"29":{"start":{"line":91,"column":6},"end":{"line":91,"column":null}},"30":{"start":{"line":95,"column":6},"end":{"line":95,"column":null}},"31":{"start":{"line":101,"column":13},"end":{"line":101,"column":null}},"32":{"start":{"line":102,"column":14},"end":{"line":102,"column":23}},"33":{"start":{"line":103,"column":2},"end":{"line":103,"column":null}},"34":{"start":{"line":103,"column":24},"end":{"line":103,"column":null}},"35":{"start":{"line":104,"column":2},"end":{"line":104,"column":null}},"36":{"start":{"line":106,"column":20},"end":{"line":106,"column":null}},"37":{"start":{"line":107,"column":2},"end":{"line":116,"column":null}},"38":{"start":{"line":118,"column":40},"end":{"line":126,"column":null}},"39":{"start":{"line":127,"column":2},"end":{"line":127,"column":null}},"40":{"start":{"line":134,"column":0},"end":{"line":198,"column":null}},"41":{"start":{"line":135,"column":13},"end":{"line":135,"column":null}},"42":{"start":{"line":136,"column":14},"end":{"line":136,"column":null}},"43":{"start":{"line":137,"column":2},"end":{"line":137,"column":null}},"44":{"start":{"line":137,"column":12},"end":{"line":137,"column":null}},"45":{"start":{"line":139,"column":15},"end":{"line":139,"column":null}},"46":{"start":{"line":140,"column":2},"end":{"line":140,"column":null}},"47":{"start":{"line":140,"column":25},"end":{"line":140,"column":null}},"48":{"start":{"line":142,"column":15},"end":{"line":142,"column":null}},"49":{"start":{"line":143,"column":16},"end":{"line":143,"column":null}},"50":{"start":{"line":144,"column":2},"end":{"line":144,"column":null}},"51":{"start":{"line":145,"column":2},"end":{"line":145,"column":null}},"52":{"start":{"line":146,"column":2},"end":{"line":146,"column":null}},"53":{"start":{"line":148,"column":16},"end":{"line":148,"column":null}},"54":{"start":{"line":149,"column":2},"end":{"line":187,"column":null}},"55":{"start":{"line":153,"column":14},"end":{"line":153,"column":null}},"56":{"start":{"line":154,"column":4},"end":{"line":186,"column":null}},"57":{"start":{"line":155,"column":23},"end":{"line":155,"column":null}},"58":{"start":{"line":158,"column":6},"end":{"line":166,"column":null}},"59":{"start":{"line":160,"column":23},"end":{"line":160,"column":null}},"60":{"start":{"line":161,"column":8},"end":{"line":161,"column":null}},"61":{"start":{"line":162,"column":8},"end":{"line":162,"column":null}},"62":{"start":{"line":164,"column":8},"end":{"line":164,"column":null}},"63":{"start":{"line":165,"column":8},"end":{"line":165,"column":null}},"64":{"start":{"line":167,"column":6},"end":{"line":176,"column":null}},"65":{"start":{"line":174,"column":8},"end":{"line":174,"column":null}},"66":{"start":{"line":175,"column":8},"end":{"line":175,"column":null}},"67":{"start":{"line":177,"column":21},"end":{"line":177,"column":null}},"68":{"start":{"line":178,"column":6},"end":{"line":178,"column":null}},"69":{"start":{"line":179,"column":6},"end":{"line":179,"column":null}},"70":{"start":{"line":181,"column":27},"end":{"line":181,"column":null}},"71":{"start":{"line":182,"column":6},"end":{"line":185,"column":null}},"72":{"start":{"line":192,"column":2},"end":{"line":192,"column":null}},"73":{"start":{"line":193,"column":21},"end":{"line":193,"column":null}},"74":{"start":{"line":194,"column":2},"end":{"line":197,"column":null}}},"fnMap":{"0":{"name":"(anonymous_0)","decl":{"start":{"line":23,"column":29},"end":{"line":23,"column":36}},"loc":{"start":{"line":23,"column":42},"end":{"line":128,"column":1}},"line":23},"1":{"name":"(anonymous_1)","decl":{"start":{"line":134,"column":10},"end":{"line":134,"column":19}},"loc":{"start":{"line":134,"column":25},"end":{"line":198,"column":1}},"line":134}},"branchMap":{"0":{"loc":{"start":{"line":32,"column":2},"end":{"line":34,"column":null}},"type":"if","locations":[{"start":{"line":32,"column":2},"end":{"line":34,"column":null}},{"start":{},"end":{}}],"line":32},"1":{"loc":{"start":{"line":37,"column":2},"end":{"line":39,"column":null}},"type":"if","locations":[{"start":{"line":37,"column":2},"end":{"line":39,"column":null}},{"start":{},"end":{}}],"line":37},"2":{"loc":{"start":{"line":48,"column":2},"end":{"line":50,"column":null}},"type":"if","locations":[{"start":{"line":48,"column":2},"end":{"line":50,"column":null}},{"start":{},"end":{}}],"line":48},"3":{"loc":{"start":{"line":55,"column":21},"end":{"line":55,"column":null}},"type":"binary-expr","locations":[{"start":{"line":55,"column":21},"end":{"line":55,"column":33}},{"start":{"line":55,"column":33},"end":{"line":55,"column":null}}],"line":55},"4":{"loc":{"start":{"line":56,"column":19},"end":{"line":60,"column":null}},"type":"cond-expr","locations":[{"start":{"line":57,"column":6},"end":{"line":57,"column":null}},{"start":{"line":58,"column":6},"end":{"line":60,"column":null}}],"line":56},"5":{"loc":{"start":{"line":58,"column":6},"end":{"line":60,"column":null}},"type":"cond-expr","locations":[{"start":{"line":59,"column":8},"end":{"line":59,"column":null}},{"start":{"line":60,"column":8},"end":{"line":60,"column":null}}],"line":58},"6":{"loc":{"start":{"line":62,"column":2},"end":{"line":68,"column":null}},"type":"if","locations":[{"start":{"line":62,"column":2},"end":{"line":68,"column":null}},{"start":{},"end":{}}],"line":62},"7":{"loc":{"start":{"line":63,"column":17},"end":{"line":63,"column":null}},"type":"cond-expr","locations":[{"start":{"line":63,"column":27},"end":{"line":63,"column":37}},{"start":{"line":63,"column":37},"end":{"line":63,"column":null}}],"line":63},"8":{"loc":{"start":{"line":63,"column":37},"end":{"line":63,"column":null}},"type":"cond-expr","locations":[{"start":{"line":63,"column":50},"end":{"line":63,"column":63}},{"start":{"line":63,"column":63},"end":{"line":63,"column":null}}],"line":63},"9":{"loc":{"start":{"line":73,"column":4},"end":{"line":75,"column":null}},"type":"cond-expr","locations":[{"start":{"line":73,"column":63},"end":{"line":74,"column":null}},{"start":{"line":75,"column":8},"end":{"line":75,"column":null}}],"line":73},"10":{"loc":{"start":{"line":73,"column":4},"end":{"line":73,"column":null}},"type":"binary-expr","locations":[{"start":{"line":73,"column":4},"end":{"line":73,"column":37}},{"start":{"line":73,"column":37},"end":{"line":73,"column":null}}],"line":73},"11":{"loc":{"start":{"line":74,"column":9},"end":{"line":74,"column":52}},"type":"binary-expr","locations":[{"start":{"line":74,"column":9},"end":{"line":74,"column":43}},{"start":{"line":74,"column":43},"end":{"line":74,"column":52}}],"line":74},"12":{"loc":{"start":{"line":87,"column":2},"end":{"line":97,"column":null}},"type":"if","locations":[{"start":{"line":87,"column":2},"end":{"line":97,"column":null}},{"start":{},"end":{}}],"line":87},"13":{"loc":{"start":{"line":90,"column":14},"end":{"line":90,"column":null}},"type":"cond-expr","locations":[{"start":{"line":90,"column":46},"end":{"line":90,"column":58}},{"start":{"line":90,"column":58},"end":{"line":90,"column":null}}],"line":90},"14":{"loc":{"start":{"line":91,"column":15},"end":{"line":91,"column":null}},"type":"cond-expr","locations":[{"start":{"line":91,"column":48},"end":{"line":91,"column":61}},{"start":{"line":91,"column":61},"end":{"line":91,"column":null}}],"line":91},"15":{"loc":{"start":{"line":103,"column":2},"end":{"line":103,"column":null}},"type":"if","locations":[{"start":{"line":103,"column":2},"end":{"line":103,"column":null}},{"start":{},"end":{}}],"line":103},"16":{"loc":{"start":{"line":111,"column":11},"end":{"line":111,"column":null}},"type":"binary-expr","locations":[{"start":{"line":111,"column":11},"end":{"line":111,"column":20}},{"start":{"line":111,"column":20},"end":{"line":111,"column":null}}],"line":111},"17":{"loc":{"start":{"line":112,"column":12},"end":{"line":112,"column":null}},"type":"binary-expr","locations":[{"start":{"line":112,"column":12},"end":{"line":112,"column":22}},{"start":{"line":112,"column":22},"end":{"line":112,"column":null}}],"line":112},"18":{"loc":{"start":{"line":122,"column":8},"end":{"line":122,"column":null}},"type":"cond-expr","locations":[{"start":{"line":122,"column":30},"end":{"line":122,"column":42}},{"start":{"line":122,"column":42},"end":{"line":122,"column":null}}],"line":122},"19":{"loc":{"start":{"line":123,"column":8},"end":{"line":123,"column":null}},"type":"cond-expr","locations":[{"start":{"line":123,"column":31},"end":{"line":123,"column":44}},{"start":{"line":123,"column":44},"end":{"line":123,"column":null}}],"line":123},"20":{"loc":{"start":{"line":125,"column":8},"end":{"line":125,"column":null}},"type":"cond-expr","locations":[{"start":{"line":125,"column":19},"end":{"line":125,"column":34}},{"start":{"line":125,"column":34},"end":{"line":125,"column":null}}],"line":125},"21":{"loc":{"start":{"line":137,"column":2},"end":{"line":137,"column":null}},"type":"if","locations":[{"start":{"line":137,"column":2},"end":{"line":137,"column":null}},{"start":{},"end":{}}],"line":137},"22":{"loc":{"start":{"line":140,"column":2},"end":{"line":140,"column":null}},"type":"if","locations":[{"start":{"line":140,"column":2},"end":{"line":140,"column":null}},{"start":{},"end":{}}],"line":140},"23":{"loc":{"start":{"line":149,"column":2},"end":{"line":187,"column":null}},"type":"if","locations":[{"start":{"line":149,"column":2},"end":{"line":187,"column":null}},{"start":{},"end":{}}],"line":149},"24":{"loc":{"start":{"line":154,"column":4},"end":{"line":186,"column":null}},"type":"if","locations":[{"start":{"line":154,"column":4},"end":{"line":186,"column":null}},{"start":{},"end":{}}],"line":154},"25":{"loc":{"start":{"line":158,"column":6},"end":{"line":166,"column":null}},"type":"if","locations":[{"start":{"line":158,"column":6},"end":{"line":166,"column":null}},{"start":{"line":163,"column":13},"end":{"line":166,"column":null}}],"line":158},"26":{"loc":{"start":{"line":160,"column":23},"end":{"line":160,"column":null}},"type":"cond-expr","locations":[{"start":{"line":160,"column":37},"end":{"line":160,"column":45}},{"start":{"line":160,"column":45},"end":{"line":160,"column":null}}],"line":160},"27":{"loc":{"start":{"line":165,"column":14},"end":{"line":165,"column":null}},"type":"cond-expr","locations":[{"start":{"line":165,"column":28},"end":{"line":165,"column":39}},{"start":{"line":165,"column":39},"end":{"line":165,"column":null}}],"line":165},"28":{"loc":{"start":{"line":167,"column":6},"end":{"line":176,"column":null}},"type":"if","locations":[{"start":{"line":167,"column":6},"end":{"line":176,"column":null}},{"start":{},"end":{}}],"line":167},"29":{"loc":{"start":{"line":168,"column":8},"end":{"line":171,"column":null}},"type":"binary-expr","locations":[{"start":{"line":168,"column":8},"end":{"line":168,"column":null}},{"start":{"line":169,"column":8},"end":{"line":169,"column":null}},{"start":{"line":170,"column":8},"end":{"line":170,"column":null}},{"start":{"line":171,"column":8},"end":{"line":171,"column":null}}],"line":168}},"s":{"0":4,"1":4,"2":55,"3":55,"4":0,"5":55,"6":55,"7":1,"8":54,"9":54,"10":1,"11":53,"12":53,"13":53,"14":5,"15":48,"16":48,"17":48,"18":48,"19":55,"20":55,"21":2,"22":2,"23":46,"24":55,"25":46,"26":34,"27":34,"28":34,"29":34,"30":0,"31":46,"32":46,"33":46,"34":4,"35":46,"36":46,"37":46,"38":55,"39":55,"40":4,"41":9,"42":9,"43":9,"44":2,"45":7,"46":7,"47":0,"48":7,"49":7,"50":7,"51":7,"52":7,"53":7,"54":7,"55":4,"56":4,"57":4,"58":4,"59":1,"60":1,"61":1,"62":3,"63":3,"64":4,"65":1,"66":1,"67":3,"68":3,"69":3,"70":3,"71":3,"72":3,"73":3,"74":3},"f":{"0":55,"1":9},"b":{"0":[1,54],"1":[1,53],"2":[5,48],"3":[48,13],"4":[8,40],"5":[5,35],"6":[2,53],"7":[1,1],"8":[0,1],"9":[46,0],"10":[46,46],"11":[46,0],"12":[34,12],"13":[34,0],"14":[34,0],"15":[4,42],"16":[46,12],"17":[55,12],"18":[34,12],"19":[34,12],"20":[46,0],"21":[2,7],"22":[0,7],"23":[4,3],"24":[4,0],"25":[1,3],"26":[0,1],"27":[2,1],"28":[1,3],"29":[4,4,4,3]},"meta":{"lastBranch":30,"lastFunction":2,"lastStatement":75,"seen":{"s:18:21:18:Infinity":0,"s:23:0:128:Infinity":1,"f:23:29:23:36":0,"s:25:2:29:Infinity":2,"s:26:4:26:Infinity":3,"s:28:4:28:Infinity":4,"s:31:15:31:Infinity":5,"b:32:2:34:Infinity:undefined:undefined:undefined:undefined":0,"s:32:2:34:Infinity":6,"s:33:4:33:Infinity":7,"s:36:15:36:Infinity":8,"b:37:2:39:Infinity:undefined:undefined:undefined:undefined":1,"s:37:2:39:Infinity":9,"s:38:4:38:Infinity":10,"s:41:13:41:Infinity":11,"s:47:17:47:Infinity":12,"b:48:2:50:Infinity:undefined:undefined:undefined:undefined":2,"s:48:2:50:Infinity":13,"s:49:4:49:Infinity":14,"s:51:15:51:Infinity":15,"s:52:18:52:Infinity":16,"s:53:18:53:Infinity":17,"s:55:21:55:Infinity":18,"b:55:21:55:33:55:33:55:Infinity":3,"s:56:19:60:Infinity":19,"b:57:6:57:Infinity:58:6:60:Infinity":4,"b:59:8:59:Infinity:60:8:60:Infinity":5,"b:62:2:68:Infinity:undefined:undefined:undefined:undefined":6,"s:62:2:68:Infinity":20,"s:63:17:63:Infinity":21,"b:63:27:63:37:63:37:63:Infinity":7,"b:63:50:63:63:63:63:63:Infinity":8,"s:64:4:67:Infinity":22,"s:73:4:75:Infinity":23,"b:73:63:74:Infinity:75:8:75:Infinity":9,"b:73:4:73:37:73:37:73:Infinity":10,"b:74:9:74:43:74:43:74:52":11,"s:80:14:80:Infinity":24,"b:87:2:97:Infinity:undefined:undefined:undefined:undefined":12,"s:87:2:97:Infinity":25,"s:88:4:96:Infinity":26,"s:89:18:89:Infinity":27,"s:90:6:90:Infinity":28,"b:90:46:90:58:90:58:90:Infinity":13,"s:91:6:91:Infinity":29,"b:91:48:91:61:91:61:91:Infinity":14,"s:95:6:95:Infinity":30,"s:101:13:101:Infinity":31,"s:102:14:102:23":32,"b:103:2:103:Infinity:undefined:undefined:undefined:undefined":15,"s:103:2:103:Infinity":33,"s:103:24:103:Infinity":34,"s:104:2:104:Infinity":35,"s:106:20:106:Infinity":36,"s:107:2:116:Infinity":37,"b:111:11:111:20:111:20:111:Infinity":16,"b:112:12:112:22:112:22:112:Infinity":17,"s:118:40:126:Infinity":38,"b:122:30:122:42:122:42:122:Infinity":18,"b:123:31:123:44:123:44:123:Infinity":19,"b:125:19:125:34:125:34:125:Infinity":20,"s:127:2:127:Infinity":39,"s:134:0:198:Infinity":40,"f:134:10:134:19":1,"s:135:13:135:Infinity":41,"s:136:14:136:Infinity":42,"b:137:2:137:Infinity:undefined:undefined:undefined:undefined":21,"s:137:2:137:Infinity":43,"s:137:12:137:Infinity":44,"s:139:15:139:Infinity":45,"b:140:2:140:Infinity:undefined:undefined:undefined:undefined":22,"s:140:2:140:Infinity":46,"s:140:25:140:Infinity":47,"s:142:15:142:Infinity":48,"s:143:16:143:Infinity":49,"s:144:2:144:Infinity":50,"s:145:2:145:Infinity":51,"s:146:2:146:Infinity":52,"s:148:16:148:Infinity":53,"b:149:2:187:Infinity:undefined:undefined:undefined:undefined":23,"s:149:2:187:Infinity":54,"s:153:14:153:Infinity":55,"b:154:4:186:Infinity:undefined:undefined:undefined:undefined":24,"s:154:4:186:Infinity":56,"s:155:23:155:Infinity":57,"b:158:6:166:Infinity:163:13:166:Infinity":25,"s:158:6:166:Infinity":58,"s:160:23:160:Infinity":59,"b:160:37:160:45:160:45:160:Infinity":26,"s:161:8:161:Infinity":60,"s:162:8:162:Infinity":61,"s:164:8:164:Infinity":62,"s:165:8:165:Infinity":63,"b:165:28:165:39:165:39:165:Infinity":27,"b:167:6:176:Infinity:undefined:undefined:undefined:undefined":28,"s:167:6:176:Infinity":64,"b:168:8:168:Infinity:169:8:169:Infinity:170:8:170:Infinity:171:8:171:Infinit
[...]
ne":99,"column":4},"end":{"line":101,"column":null}},"36":{"start":{"line":100,"column":6},"end":{"line":100,"column":null}},"37":{"start":{"line":102,"column":21},"end":{"line":102,"column":null}},"38":{"start":{"line":103,"column":4},"end":{"line":105,"column":null}},"39":{"start":{"line":104,"column":6},"end":{"line":104,"column":null}},"40":{"start":{"line":106,"column":15},"end":{"line":106,"column":20}},"41":{"start":{"line":107,"column":22},"end":{"line":107,"column":null}},"42":{"start":{"line":108,"column":24},"end":{"line":108,"column":null}},"43":{"start":{"line":109,"column":4},"end":{"line":109,"column":null}},"44":{"start":{"line":110,"column":37},"end":{"line":114,"column":null}},"45":{"start":{"line":115,"column":4},"end":{"line":115,"column":null}},"46":{"start":{"line":127,"column":0},"end":{"line":203,"column":null}},"47":{"start":{"line":128,"column":2},"end":{"line":164,"column":null}},"48":{"start":{"line":129,"column":19},"end":{"line":131,"column":null}},"49":{"start":{"line":130,"column":38},"end":{"line":130,"column":41}},"50":{"start":{"line":132,"column":4},"end":{"line":136,"column":null}},"51":{"start":{"line":135,"column":6},"end":{"line":135,"column":null}},"52":{"start":{"line":137,"column":34},"end":{"line":137,"column":null}},"53":{"start":{"line":138,"column":16},"end":{"line":138,"column":null}},"54":{"start":{"line":145,"column":6},"end":{"line":147,"column":null}},"55":{"start":{"line":148,"column":4},"end":{"line":150,"column":null}},"56":{"start":{"line":149,"column":6},"end":{"line":149,"column":null}},"57":{"start":{"line":153,"column":24},"end":{"line":153,"column":null}},"58":{"start":{"line":154,"column":20},"end":{"line":154,"column":null}},"59":{"start":{"line":155,"column":4},"end":{"line":155,"column":null}},"60":{"start":{"line":156,"column":4},"end":{"line":156,"column":null}},"61":{"start":{"line":158,"column":37},"end":{"line":162,"column":null}},"62":{"start":{"line":163,"column":4},"end":{"line":163,"column":null}},"63":{"start":{"line":166,"column":2},"end":{"line":202,"column":null}},"64":{"start":{"line":167,"column":19},"end":{"line":169,"column":null}},"65":{"start":{"line":168,"column":38},"end":{"line":168,"column":41}},"66":{"start":{"line":170,"column":4},"end":{"line":174,"column":null}},"67":{"start":{"line":173,"column":6},"end":{"line":173,"column":null}},"68":{"start":{"line":175,"column":34},"end":{"line":175,"column":null}},"69":{"start":{"line":176,"column":16},"end":{"line":176,"column":null}},"70":{"start":{"line":183,"column":6},"end":{"line":185,"column":null}},"71":{"start":{"line":186,"column":4},"end":{"line":188,"column":null}},"72":{"start":{"line":187,"column":6},"end":{"line":187,"column":null}},"73":{"start":{"line":191,"column":24},"end":{"line":191,"column":null}},"74":{"start":{"line":192,"column":20},"end":{"line":192,"column":null}},"75":{"start":{"line":193,"column":4},"end":{"line":193,"column":null}},"76":{"start":{"line":194,"column":4},"end":{"line":194,"column":null}},"77":{"start":{"line":196,"column":37},"end":{"line":200,"column":null}},"78":{"start":{"line":201,"column":4},"end":{"line":201,"column":null}}},"fnMap":{"0":{"name":"(anonymous_0)","decl":{"start":{"line":38,"column":37},"end":{"line":38,"column":44}},"loc":{"start":{"line":38,"column":56},"end":{"line":44,"column":1}},"line":38},"1":{"name":"newKey","decl":{"start":{"line":51,"column":9},"end":{"line":51,"column":26}},"loc":{"start":{"line":51,"column":26},"end":{"line":54,"column":null}},"line":51},"2":{"name":"newRecoverCode","decl":{"start":{"line":58,"column":9},"end":{"line":58,"column":34}},"loc":{"start":{"line":58,"column":34},"end":{"line":61,"column":null}},"line":58},"3":{"name":"safeEqualHex","decl":{"start":{"line":67,"column":9},"end":{"line":67,"column":22}},"loc":{"start":{"line":67,"column":53},"end":{"line":72,"column":null}},"line":67},"4":{"name":"(anonymous_4)","decl":{"start":{"line":76,"column":38},"end":{"line":76,"column":45}},"loc":{"start":{"line":76,"column":51},"end":{"line":95,"column":3}},"line":76},"5":{"name":"(anonymous_5)","decl":{"start":{"line":77,"column":73},"end":{"line":77,"column":86}},"loc":{"start":{"line":77,"column":86},"end":{"line":77,"column":89}},"line":77},"6":{"name":"(anonymous_6)","decl":{"start":{"line":97,"column":52},"end":{"line":97,"column":59}},"loc":{"start":{"line":97,"column":65},"end":{"line":116,"column":3}},"line":97},"7":{"name":"(anonymous_7)","decl":{"start":{"line":98,"column":73},"end":{"line":98,"column":86}},"loc":{"start":{"line":98,"column":86},"end":{"line":98,"column":89}},"line":98},"8":{"name":"(anonymous_8)","decl":{"start":{"line":128,"column":45},"end":{"line":128,"column":52}},"loc":{"start":{"line":128,"column":58},"end":{"line":164,"column":3}},"line":128},"9":{"name":"(anonymous_9)","decl":{"start":{"line":130,"column":25},"end":{"line":130,"column":38}},"loc":{"start":{"line":130,"column":38},"end":{"line":130,"column":41}},"line":130},"10":{"name":"(anonymous_10)","decl":{"start":{"line":166,"column":59},"end":{"line":166,"column":66}},"loc":{"start":{"line":166,"column":72},"end":{"line":202,"column":3}},"line":166},"11":{"name":"(anonymous_11)","decl":{"start":{"line":168,"column":25},"end":{"line":168,"column":38}},"loc":{"start":{"line":168,"column":38},"end":{"line":168,"column":41}},"line":168}},"branchMap":{"0":{"loc":{"start":{"line":30,"column":20},"end":{"line":32,"column":null}},"type":"cond-expr","locations":[{"start":{"line":31,"column":4},"end":{"line":31,"column":null}},{"start":{"line":32,"column":4},"end":{"line":32,"column":null}}],"line":30},"1":{"loc":{"start":{"line":40,"column":2},"end":{"line":42,"column":null}},"type":"if","locations":[{"start":{"line":40,"column":2},"end":{"line":42,"column":null}},{"start":{},"end":{}}],"line":40},"2":{"loc":{"start":{"line":40,"column":6},"end":{"line":40,"column":62}},"type":"binary-expr","locations":[{"start":{"line":40,"column":6},"end":{"line":40,"column":12}},{"start":{"line":40,"column":12},"end":{"line":40,"column":62}}],"line":40},"3":{"loc":{"start":{"line":70,"column":2},"end":{"line":70,"column":null}},"type":"if","locations":[{"start":{"line":70,"column":2},"end":{"line":70,"column":null}},{"start":{},"end":{}}],"line":70},"4":{"loc":{"start":{"line":70,"column":6},"end":{"line":70,"column":50}},"type":"binary-expr","locations":[{"start":{"line":70,"column":6},"end":{"line":70,"column":33}},{"start":{"line":70,"column":33},"end":{"line":70,"column":50}}],"line":70},"5":{"loc":{"start":{"line":75,"column":0},"end":{"line":117,"column":null}},"type":"if","locations":[{"start":{"line":75,"column":0},"end":{"line":117,"column":null}},{"start":{"line":96,"column":7},"end":{"line":117,"column":null}}],"line":75},"6":{"loc":{"start":{"line":78,"column":4},"end":{"line":80,"column":null}},"type":"if","locations":[{"start":{"line":78,"column":4},"end":{"line":80,"column":null}},{"start":{},"end":{}}],"line":78},"7":{"loc":{"start":{"line":79,"column":29},"end":{"line":79,"column":78}},"type":"binary-expr","locations":[{"start":{"line":79,"column":29},"end":{"line":79,"column":64}},{"start":{"line":79,"column":64},"end":{"line":79,"column":78}}],"line":79},"8":{"loc":{"start":{"line":82,"column":4},"end":{"line":84,"column":null}},"type":"if","locations":[{"start":{"line":82,"column":4},"end":{"line":84,"column":null}},{"start":{},"end":{}}],"line":82},"9":{"loc":{"start":{"line":99,"column":4},"end":{"line":101,"column":null}},"type":"if","locations":[{"start":{"line":99,"column":4},"end":{"line":101,"column":null}},{"start":{},"end":{}}],"line":99},"10":{"loc":{"start":{"line":100,"column":29},"end":{"line":100,"column":78}},"type":"binary-expr","locations":[{"start":{"line":100,"column":29},"end":{"line":100,"column":64}},{"start":{"line":100,"column":64},"end":{"line":100,"column":78}}],"line":100},"11":{"loc":{"start":{"line":103,"column":4},"end":{"line":105,"column":null}},"type":"if","locations":[{"start":{"line":103,"column":4},"end":{"line":105,"column":null}},{"start":{},"end":{}}],"line":103},"12":{"loc":{"start":{"line":127,"column":0},"end":{"line":203,"column":null}},"type":"if","locations":[{"start":{"line":127,"column":0},"end":{"line":203,"column":null}},{"start":{"line":165,"column":7},"end":{"line":203,"column":null}}],"line":127},"13":{"loc":{"start":{"line":132,"column":4},"end":{"line":136,"column":null}},"type":"if","locations":[{"start":{"line":132,"column":4},"end":{"line":136,"column":null}},{"start":{},"end":{}}],"line":132},"14":{"loc":{"start":{"line":135,"column":29},"end":{"line":135,"column":78}},"type":"binary-expr","locations":[{"start":{"line":135,"column":29},"end":{"line":135,"column":64}},{"start":{"line":135,"column":64},"end":{"line":135,"column":78}}],"line":135},"15":{"loc":{"start":{"line":145,"column":6},"end":{"line":147,"column":null}},"type":"binary-expr","locations":[{"start":{"line":145,"column":6},"end":{"line":145,"column":null}},{"start":{"line":146,"column":6},"end":{"line":146,"column":null}},{"start":{"line":147,"column":6},"end":{"line":147,"column":null}}],"line":145},"16":{"loc":{"start":{"line":148,"column":4},"end":{"line":150,"column":null}},"type":"if","locations":[{"start":{"line":148,"column":4},"end":{"line":150,"column":null}},{"start":{},"end":{}}],"line":148},"17":{"loc":{"start":{"line":170,"column":4},"end":{"line":174,"column":null}},"type":"if","locations":[{"start":{"line":170,"column":4},"end":{"line":174,"column":null}},{"start":{},"end":{}}],"line":170},"18":{"loc":{"start":{"line":173,"column":29},"end":{"line":173,"column":78}},"type":"binary-expr","locations":[{"start":{"line":173,"column":29},"end":{"line":173,"column":64}},{"start":{"line":173,"column":64},"end":{"line":173,"column":78}}],"line":173},"19":{"loc":{"start":{"line":183,"column":6},"end":{"line":185,"column":null}},"type":"binary-expr","locations":[{"start":{"line":183,"column":6},"end":{"line":183,"column":null}},{"start":{"line":184,"column":6},"end":{"line":184,"column":null}},{"start":{"line":185,"column":6},"end":{"line":185,"column":null}}],"line":183},"20":{"loc":{"start":{"line":186,"column":4},"end":{"line":188,"column":null}},"type":"if","locations":[{"start":{"line":186,"column":4},"end":{"line":188,"column":null}},{"start":{},"end":{}}],"line":186}},"s":{"0":10,"1":10,"2":10,"3":10,"4":110,"5":110,"6":0,"7":110,"8":105,"9":105,"10":105,"11":105,"12":5,"13":5,"14":5,"15":0,"16":5,"17":10,"18":10,"19":102,"20":0,"21":102,"22":0,"23":102,"24":102,"25":0,"26":102,"27":102,"28":102,"29":102,"30":102,"31":102,"32":0,"33":0,"34":0,"35":0,"36":0,"37":0,"38":0,"39":0,"40":0,"41":0,"42":0,"43":0,"44":0,"45":0,"46":10,"47":10,"48":8,"49":0,"50":8,"51":1,"52":7,"53":7,"54":7,"55":8,"56":4,"57":3,"58":3,"59":3,"60":3,"61":3,"62":3,"63":0,"64":0,"65":0,"66":0,"67":0,"68":0,"69":0,"70":0,"71":0,"72":0,"73":0,"74":0,"75":0,"76":0,"77":0,"78":0},"f":{"0":110,"1":105,"2":105,"3":5,"4":102,"5":0,"6":0,"7":0,"8":8,"9":0,"10":0,"11":0},"b":{"0":[10,0],"1":[0,110],"2":[110,110],"3":[0,5],"4":[5,5],"5":[10,0],"6":[0,102],"7":[0,0],"8":[0,102],"9":[0,0],"10":[0,0],"11":[0,0],"12":[10,0],"13":[1,7],"14":[1,0],"15":[7,6,5],"16":[4,4],"17":[0,0],"18":[0,0],"19":[0,0,0],"20":[0,0]},"meta":{"lastBranch":21,"lastFunction":12,"lastStatement":79,"seen":{"s:20:28:20:Infinity":0,"s:29:6:29:Infinity":1,"s:30:20:32:Infinity":2,"b:31:4:31:Infinity:32:4:32:Infinity":0,"s:38:20:44:Infinity":3,"f:38:37:38:44":0,"s:39:13:39:Infinity":4,"b:40:2:42:Infinity:undefined:undefined:undefined:undefined":1,"s:40:2:42:Infinity":5,"b:40:6:40:12:40:12:40:62":2,"s:41:4:41:Infinity":6,"s:43:2:43:Infinity":7,"f:51:9:51:26":1,"s:52:16:52:Infinity":8,"s:53:2:53:Infinity":9,"f:58:9:58:34":2,"s:59:16:59:Infinity":10,"s:60:2:60:Infinity":11,"f:67:9:67:22":3,"s:68:13:68:Infinity":12,"s:69:13:69:Infinity":13,"b:70:2:70:Infinity:undefined:undefined:undefined:undefined":3,"s:70:2:70:Infinity":14,"b:70:6:70:33:70:33:70:50":4,"s:70:50:70:Infinity":15,"s:71:2:71:Infinity":16,"b:75:0:117:Infinity:96:7:117:Infinity":5,"s:75:0:117:Infinity":17,"s:76:2:95:Infinity":18,"f:76:38:76:45":4,"s:77:19:77:Infinity":19,"f:77:73:77:86":5,"s:77:86:77:89":20,"b:78:4:80:Infinity:undefined:undefined:undefined:undefined":6,"s:78:4:80:Infinity":21,"s:79:6:79:Infinity":22,"b:79:29:79:64:79:64:79:78":7,"s:81:21:81:Infinity":23,"b:82:4:84:Infinity:undefined:undefined:undefined:undefined":8,"s:82:4:84:Infinity":24,"s:83:6:83:Infinity":25,"s:85:15:85:20":26,"s:86:22:86:Infinity":27,"s:87:24:87:Infinity":28,"s:88:4:88:Infinity":29,"s:89:37:93:Infinity":30,"s:94:4:94:Infinity":31,"s:97:2:116:Infinity":32,"f:97:52:97:59":6,"s:98:19:98:Infinity":33,"f:98:73:98:86":7,"s:98:86:98:89":34,"b:99:4:101:Infinity:undefined:undefined:undefined:undefined":9,"s:99:4:101:Infinity":35,"s:100:6:100:Infinity":36,"b:100:29:100:64:100:64:100:78":10,"s:102:21:102:Infinity":37,"b:103:4:105:Infinity:undefined:undefined:undefined:undefined":11,"s:103:4:105:Infinity":38,"s:104:6:104:Infinity":39,"s:106:15:106:20":40,"s:107:22:107:Infinity":41,"s:108:24:108:Infinity":42,"s:109:4:109:Infinity":43,"s:110:37:114:Infinity":44,"s:115:4:115:Infinity":45,"b:127:0:203:Infinity:165:7:203:Infinity":12,"s:127:0:203:Infinity":46,"s:128:2:164:Infinity":47,"f:128:45:128:52":8,"s:129:19:131:Infinity":48,"f:130:25:130:38":9,"s:130:38:130:41":49,"b:132:4:136:Infinity:undefined:undefined:undefined:undefined":13,"s:132:4:136:Infinity":50,"s:135:6:135:Infinity":51,"b:135:29:135:64:135:64:135:78":14,"s:137:34:137:Infinity":52,"s:138:16:138:Infinity":53,"s:145:6:147:Infinity":54,"b:145:6:145:Infinity:146:6:146:Infinity:147:6:147:Infinity":15,"b:148:4:150:Infinity:undefined:undefined:undefined:undefined":16,"s:148:4:150:Infinity":55,"s:149:6:149:Infinity":56,"s:153:24:153:Infinity":57,"s:154:20:154:Infinity":58,"s:155:4:155:Infinity":59,"s:156:4:156:Infinity":60,"s:158:37:162:Infinity":61,"s:163:4:163:Infinity":62,"s:166:2:202:Infinity":63,"f:166:59:166:66":10,"s:167:19:169:Infinity":64,"f:168:25:168:38":11,"s:168:38:168:41":65,"b:170:4:174:Infinity:undefined:undefined:undefined:undefined":17,"s:170:4:174:Infinity":66,"s:173:6:173:Infinity":67,"b:173:29:173:64:173:64:173:78":18,"s:175:34:175:Infinity":68,"s:176:16:176:Infinity":69,"s:183:6:185:Infinity":70,"b:183:6:183:Infinity:184:6:184:Infinity:185:6:185:Infinity":19,"b:186:4:188:Infinity:undefined:undefined:undefined:undefined":20,"s:186:4:188:Infinity":71,"s:187:6:187:Infinity":72,"s:191:24:191:Infinity":73,"s:192:20:192:Infinity":74,"s:193:4:193:Infinity":75,"s:194:4:194:Infinity":76,"s:196:37:200:Infinity":77,"s:201:4:201:Infinity":78},"fnNames":{}}}
,"/home/dev/repos/club/packages/server/src/routes/rooms.ts": {"path":"/home/dev/repos/club/packages/server/src/routes/rooms.ts","statementMap":{"0":{"start":{"line":15,"column":21},"end":{"line":15,"column":null}},"1":{"start":{"line":16,"column":0},"end":{"line":16,"column":null}},"2":{"start":{"line":19,"column":20},"end":{"line":25,"column":null}},"3":{"start":{"line":20,"column":13},"end":{"line":20,"column":null}},"4":{"start":{"line":21,"column":2},"end":{"line":23,"column":null}},"5":{"start":{"line":22,"column":4},"end":{"line":22,"column":null}},"6":{"start":{"line":24,"column":2},"end":{"line":24,"column":null}},"7":{"start":{"line":30,"column":2},"end":{"line":35,"column":null}},"8":{"start":{"line":42,"column":0},"end":{"line":45,"column":null}},"9":{"start":{"line":43,"column":15},"end":{"line":43,"column":25}},"10":{"start":{"line":44,"column":2},"end":{"line":44,"column":null}},"11":{"start":{"line":51,"column":0},"end":{"line":67,"column":null}},"12":{"start":{"line":52,"column":15},"end":{"line":52,"column":null}},"13":{"start":{"line":52,"column":47},"end":{"line":52,"column":50}},"14":{"start":{"line":53,"column":17},"end":{"line":53,"column":null}},"15":{"start":{"line":54,"column":2},"end":{"line":56,"column":null}},"16":{"start":{"line":55,"column":4},"end":{"line":55,"column":null}},"17":{"start":{"line":57,"column":15},"end":{"line":57,"column":null}},"18":{"start":{"line":58,"column":15},"end":{"line":58,"column":null}},"19":{"start":{"line":59,"column":2},"end":{"line":62,"column":null}},"20":{"start":{"line":60,"column":20},"end":{"line":60,"column":null}},"21":{"start":{"line":61,"column":4},"end":{"line":61,"column":null}},"22":{"start":{"line":65,"column":15},"end":{"line":65,"column":null}},"23":{"start":{"line":65,"column":39},"end":{"line":65,"column":54}},"24":{"start":{"line":66,"column":2},"end":{"line":66,"column":null}}},"fnMap":{"0":{"name":"(anonymous_0)","decl":{"start":{"line":19,"column":37},"end":{"line":19,"column":44}},"loc":{"start":{"line":19,"column":56},"end":{"line":25,"column":1}},"line":19},"1":{"name":"toRoom","decl":{"start":{"line":29,"column":9},"end":{"line":29,"column":16}},"loc":{"start":{"line":29,"column":34},"end":{"line":36,"column":null}},"line":29},"2":{"name":"(anonymous_2)","decl":{"start":{"line":42,"column":10},"end":{"line":42,"column":16}},"loc":{"start":{"line":42,"column":22},"end":{"line":45,"column":1}},"line":42},"3":{"name":"(anonymous_3)","decl":{"start":{"line":51,"column":29},"end":{"line":51,"column":36}},"loc":{"start":{"line":51,"column":42},"end":{"line":67,"column":1}},"line":51},"4":{"name":"(anonymous_4)","decl":{"start":{"line":52,"column":34},"end":{"line":52,"column":47}},"loc":{"start":{"line":52,"column":47},"end":{"line":52,"column":50}},"line":52},"5":{"name":"(anonymous_5)","decl":{"start":{"line":65,"column":27},"end":{"line":65,"column":33}},"loc":{"start":{"line":65,"column":39},"end":{"line":65,"column":54}},"line":65}},"branchMap":{"0":{"loc":{"start":{"line":21,"column":2},"end":{"line":23,"column":null}},"type":"if","locations":[{"start":{"line":21,"column":2},"end":{"line":23,"column":null}},{"start":{},"end":{}}],"line":21},"1":{"loc":{"start":{"line":21,"column":6},"end":{"line":21,"column":62}},"type":"binary-expr","locations":[{"start":{"line":21,"column":6},"end":{"line":21,"column":12}},{"start":{"line":21,"column":12},"end":{"line":21,"column":62}}],"line":21},"2":{"loc":{"start":{"line":54,"column":2},"end":{"line":56,"column":null}},"type":"if","locations":[{"start":{"line":54,"column":2},"end":{"line":56,"column":null}},{"start":{},"end":{}}],"line":54},"3":{"loc":{"start":{"line":55,"column":27},"end":{"line":55,"column":76}},"type":"binary-expr","locations":[{"start":{"line":55,"column":27},"end":{"line":55,"column":62}},{"start":{"line":55,"column":62},"end":{"line":55,"column":76}}],"line":55},"4":{"loc":{"start":{"line":59,"column":2},"end":{"line":62,"column":null}},"type":"if","locations":[{"start":{"line":59,"column":2},"end":{"line":62,"column":null}},{"start":{},"end":{}}],"line":59}},"s":{"0":1,"1":1,"2":1,"3":13,"4":13,"5":0,"6":13,"7":18,"8":1,"9":2,"10":2,"11":1,"12":13,"13":0,"14":13,"15":13,"16":6,"17":7,"18":7,"19":7,"20":5,"21":5,"22":2,"23":9,"24":2},"f":{"0":13,"1":18,"2":2,"3":13,"4":0,"5":9},"b":{"0":[0,13],"1":[13,13],"2":[6,7],"3":[6,0],"4":[5,2]},"meta":{"lastBranch":5,"lastFunction":6,"lastStatement":25,"seen":{"s:15:21:15:Infinity":0,"s:16:0:16:Infinity":1,"s:19:20:25:Infinity":2,"f:19:37:19:44":0,"s:20:13:20:Infinity":3,"b:21:2:23:Infinity:undefined:undefined:undefined:undefined":0,"s:21:2:23:Infinity":4,"b:21:6:21:12:21:12:21:62":1,"s:22:4:22:Infinity":5,"s:24:2:24:Infinity":6,"f:29:9:29:16":1,"s:30:2:35:Infinity":7,"s:42:0:45:Infinity":8,"f:42:10:42:16":2,"s:43:15:43:25":9,"s:44:2:44:Infinity":10,"s:51:0:67:Infinity":11,"f:51:29:51:36":3,"s:52:15:52:Infinity":12,"f:52:34:52:47":4,"s:52:47:52:50":13,"s:53:17:53:Infinity":14,"b:54:2:56:Infinity:undefined:undefined:undefined:undefined":2,"s:54:2:56:Infinity":15,"s:55:4:55:Infinity":16,"b:55:27:55:62:55:62:55:76":3,"s:57:15:57:Infinity":17,"s:58:15:58:Infinity":18,"b:59:2:62:Infinity:undefined:undefined:undefined:undefined":4,"s:59:2:62:Infinity":19,"s:60:20:60:Infinity":20,"s:61:4:61:Infinity":21,"s:65:15:65:Infinity":22,"f:65:27:65:33":5,"s:65:39:65:54":23,"s:66:2:66:Infinity":24},"fnNames":{}}}
}
