{"/home/dev/repos/club/packages/cli/package.json": {"path":"/home/dev/repos/club/packages/cli/package.json","statementMap":{"0":{"start":{"line":1,"column":20},"end":{"line":1,"column":30}},"1":{"start":{"line":2,"column":23},"end":{"line":2,"column":30}},"2":{"start":{"line":3,"column":22},"end":{"line":3,"column":28}},"3":{"start":{"line":4,"column":20},"end":{"line":4,"column":28}},"4":{"start":{"line":5,"column":19},"end":{"line":5,"column":41}},"5":{"start":{"line":6,"column":21},"end":{"line":6,"column":35}},"6":{"start":{"line":7,"column":23},"end":{"line":7,"column":38}},"7":{"start":{"line":8,"column":23},"end":{"line":8,"column":139}},"8":{"start":{"line":9,"column":28},"end":{"line":9,"column":100}},"9":{"start":{"line":10,"column":31},"end":{"line":10,"column":165}}},"fnMap":{},"branchMap":{},"s":{"0":1,"1":1,"2":1,"3":1,"4":1,"5":1,"6":1,"7":1,"8":1,"9":1},"f":{},"b":{},"meta":{"lastBranch":0,"lastFunction":0,"lastStatement":10,"seen":{"s:1:20:1:30":0,"s:2:23:2:30":1,"s:3:22:3:28":2,"s:4:20:4:28":3,"s:5:19:5:41":4,"s:6:21:6:35":5,"s:7:23:7:38":6,"s:8:23:8:139":7,"s:9:28:9:100":8,"s:10:31:10:165":9},"fnNames":{}}}
,"/home/dev/repos/club/packages/cli/src/config.ts": {"path":"/home/dev/repos/club/packages/cli/src/config.ts","statementMap":{"0":{"start":{"line":14,"column":28},"end":{"line":14,"column":null}},"1":{"start":{"line":17,"column":21},"end":{"line":21,"column":null}},"2":{"start":{"line":28,"column":12},"end":{"line":28,"column":null}},"3":{"start":{"line":29,"column":2},"end":{"line":29,"column":null}},"4":{"start":{"line":34,"column":2},"end":{"line":34,"column":null}},"5":{"start":{"line":34,"column":31},"end":{"line":34,"column":null}},"6":{"start":{"line":35,"column":2},"end":{"line":35,"column":null}},"7":{"start":{"line":43,"column":2},"end":{"line":47,"column":null}},"8":{"start":{"line":44,"column":4},"end":{"line":44,"column":null}},"9":{"start":{"line":46,"column":4},"end":{"line":46,"column":null}},"10":{"start":{"line":48,"column":17},"end":{"line":48,"column":null}},"11":{"start":{"line":49,"column":2},"end":{"line":49,"column":null}},"12":{"start":{"line":53,"column":12},"end":{"line":53,"column":null}},"13":{"start":{"line":54,"column":2},"end":{"line":54,"column":null}},"14":{"start":{"line":54,"column":22},"end":{"line":54,"column":null}},"15":{"start":{"line":55,"column":2},"end":{"line":55,"column":null}},"16":{"start":{"line":59,"column":12},"end":{"line":59,"column":null}},"17":{"start":{"line":60,"column":2},"end":{"line":60,"column":null}},"18":{"start":{"line":60,"column":31},"end":{"line":60,"column":null}},"19":{"start":{"line":61,"column":2},"end":{"line":61,"column":null}},"20":{"start":{"line":67,"column":4},"end":{"line":67,"column":null}},"21":{"start":{"line":68,"column":4},"end":{"line":68,"column":null}},"22":{"start":{"line":73,"column":14},"end":{"line":73,"column":null}},"23":{"start":{"line":74,"column":2},"end":{"line":74,"column":null}},"24":{"start":{"line":74,"column":12},"end":{"line":74,"column":null}},"25":{"start":{"line":75,"column":2},"end":{"line":75,"column":null}}},"fnMap":{"0":{"name":"defaultRoom","decl":{"start":{"line":27,"column":16},"end":{"line":27,"column":28}},"loc":{"start":{"line":27,"column":67},"end":{"line":30,"column":null}},"line":27},"1":{"name":"configPath","decl":{"start":{"line":33,"column":16},"end":{"line":33,"column":37}},"loc":{"start":{"line":33,"column":37},"end":{"line":36,"column":null}},"line":33},"2":{"name":"parseConfig","decl":{"start":{"line":41,"column":16},"end":{"line":41,"column":28}},"loc":{"start":{"line":41,"column":60},"end":{"line":50,"column":null}},"line":41},"3":{"name":"loadConfig","decl":{"start":{"line":52,"column":16},"end":{"line":52,"column":48}},"loc":{"start":{"line":52,"column":48},"end":{"line":56,"column":null}},"line":52},"4":{"name":"saveConfig","decl":{"start":{"line":58,"column":16},"end":{"line":58,"column":27}},"loc":{"start":{"line":58,"column":50},"end":{"line":62,"column":null}},"line":58},"5":{"name":"constructor","decl":{"start":{"line":66,"column":2},"end":{"line":66,"column":14}},"loc":{"start":{"line":66,"column":27},"end":{"line":69,"column":null}},"line":66},"6":{"name":"requireConfig","decl":{"start":{"line":72,"column":16},"end":{"line":72,"column":44}},"loc":{"start":{"line":72,"column":44},"end":{"line":76,"column":null}},"line":72}},"branchMap":{"0":{"loc":{"start":{"line":29,"column":9},"end":{"line":29,"column":null}},"type":"cond-expr","locations":[{"start":{"line":29,"column":13},"end":{"line":29,"column":17}},{"start":{"line":29,"column":17},"end":{"line":29,"column":null}}],"line":29},"1":{"loc":{"start":{"line":34,"column":2},"end":{"line":34,"column":null}},"type":"if","locations":[{"start":{"line":34,"column":2},"end":{"line":34,"column":null}},{"start":{},"end":{}}],"line":34},"2":{"loc":{"start":{"line":49,"column":9},"end":{"line":49,"column":null}},"type":"cond-expr","locations":[{"start":{"line":49,"column":26},"end":{"line":49,"column":40}},{"start":{"line":49,"column":40},"end":{"line":49,"column":null}}],"line":49},"3":{"loc":{"start":{"line":54,"column":2},"end":{"line":54,"column":null}},"type":"if","locations":[{"start":{"line":54,"column":2},"end":{"line":54,"column":null}},{"start":{},"end":{}}],"line":54},"4":{"loc":{"start":{"line":60,"column":2},"end":{"line":60,"column":null}},"type":"if","locations":[{"start":{"line":60,"column":2},"end":{"line":60,"column":null}},{"start":{},"end":{}}],"line":60},"5":{"loc":{"start":{"line":74,"column":2},"end":{"line":74,"column":null}},"type":"if","locations":[{"start":{"line":74,"column":2},"end":{"line":74,"column":null}},{"start":{},"end":{}}],"line":74}},"s":{"0":5,"1":5,"2":5,"3":5,"4":32,"5":31,"6":1,"7":19,"8":19,"9":2,"10":17,"11":17,"12":4,"13":4,"14":1,"15":3,"16":4,"17":4,"18":0,"19":4,"20":0,"21":0,"22":0,"23":0,"24":0,"25":0},"f":{"0":5,"1":32,"2":19,"3":4,"4":4,"5":0,"6":0},"b":{"0":[1,4],"1":[31,1],"2":[6,11],"3":[1,3],"4":[0,4],"5":[0,0]},"meta":{"lastBranch":6,"lastFunction":7,"lastStatement":26,"seen":{"s:14:28:14:Infinity":0,"s:17:21:21:Infinity":1,"f:27:16:27:28":0,"s:28:12:28:Infinity":2,"s:29:2:29:Infinity":3,"b:29:13:29:17:29:17:29:Infinity":0,"f:33:16:33:37":1,"b:34:2:34:Infinity:undefined:undefined:undefined:undefined":1,"s:34:2:34:Infinity":4,"s:34:31:34:Infinity":5,"s:35:2:35:Infinity":6,"f:41:16:41:28":2,"s:43:2:47:Infinity":7,"s:44:4:44:Infinity":8,"s:46:4:46:Infinity":9,"s:48:17:48:Infinity":10,"s:49:2:49:Infinity":11,"b:49:26:49:40:49:40:49:Infinity":2,"f:52:16:52:48":3,"s:53:12:53:Infinity":12,"b:54:2:54:Infinity:undefined:undefined:undefined:undefined":3,"s:54:2:54:Infinity":13,"s:54:22:54:Infinity":14,"s:55:2:55:Infinity":15,"f:58:16:58:27":4,"s:59:12:59:Infinity":16,"b:60:2:60:Infinity:undefined:undefined:undefined:undefined":4,"s:60:2:60:Infinity":17,"s:60:31:60:Infinity":18,"s:61:2:61:Infinity":19,"f:66:2:66:14":5,"s:67:4:67:Infinity":20,"s:68:4:68:Infinity":21,"f:72:16:72:44":6,"s:73:14:73:Infinity":22,"b:74:2:74:Infinity:undefined:undefined:undefined:undefined":5,"s:74:2:74:Infinity":23,"s:74:12:74:Infinity":24,"s:75:2:75:Infinity":25},"fnNames":{}}}
,"/home/dev/repos/club/packages/cli/src/limit.ts": {"path":"/home/dev/repos/club/packages/cli/src/limit.ts","statementMap":{"0":{"start":{"line":14,"column":2},"end":{"line":14,"column":null}},"1":{"start":{"line":14,"column":46},"end":{"line":14,"column":null}},"2":{"start":{"line":15,"column":12},"end":{"line":15,"column":null}},"3":{"start":{"line":16,"column":2},"end":{"line":16,"column":null}},"4":{"start":{"line":16,"column":27},"end":{"line":16,"column":null}},"5":{"start":{"line":17,"column":2},"end":{"line":17,"column":null}}},"fnMap":{"0":{"name":"parseLimit","decl":{"start":{"line":13,"column":16},"end":{"line":13,"column":27}},"loc":{"start":{"line":13,"column":60},"end":{"line":18,"column":null}},"line":13}},"branchMap":{"0":{"loc":{"start":{"line":14,"column":2},"end":{"line":14,"column":null}},"type":"if","locations":[{"start":{"line":14,"column":2},"end":{"line":14,"column":null}},{"start":{},"end":{}}],"line":14},"1":{"loc":{"start":{"line":14,"column":6},"end":{"line":14,"column":46}},"type":"binary-expr","locations":[{"start":{"line":14,"column":6},"end":{"line":14,"column":27}},{"start":{"line":14,"column":27},"end":{"line":14,"column":46}}],"line":14},"2":{"loc":{"start":{"line":16,"column":2},"end":{"line":16,"column":null}},"type":"if","locations":[{"start":{"line":16,"column":2},"end":{"line":16,"column":null}},{"start":{},"end":{}}],"line":16}},"s":{"0":20,"1":3,"2":17,"3":17,"4":3,"5":14},"f":{"0":20},"b":{"0":[3,17],"1":[20,19],"2":[3,14]},"meta":{"lastBranch":3,"lastFunction":1,"lastStatement":6,"seen":{"f:13:16:13:27":0,"b:14:2:14:Infinity:undefined:undefined:undefined:undefined":0,"s:14:2:14:Infinity":0,"b:14:6:14:27:14:27:14:46":1,"s:14:46:14:Infinity":1,"s:15:12:15:Infinity":2,"b:16:2:16:Infinity:undefined:undefined:undefined:undefined":2,"s:16:2:16:Infinity":3,"s:16:27:16:Infinity":4,"s:17:2:17:Infinity":5},"fnNames":{}}}
,"/home/dev/repos/club/packages/cli/src/stdin.ts": {"path":"/home/dev/repos/club/packages/cli/src/stdin.ts","statementMap":{"0":{"start":{"line":21,"column":2},"end":{"line":37,"column":null}},"1":{"start":{"line":22,"column":4},"end":{"line":29,"column":null}},"2":{"start":{"line":23,"column":6},"end":{"line":27,"column":null}},"3":{"start":{"line":28,"column":6},"end":{"line":28,"column":null}},"4":{"start":{"line":30,"column":15},"end":{"line":30,"column":null}},"5":{"start":{"line":31,"column":4},"end":{"line":31,"column":null}},"6":{"start":{"line":32,"column":4},"end":{"line":34,"column":null}},"7":{"start":{"line":33,"column":6},"end":{"line":33,"column":null}},"8":{"start":{"line":35,"column":4},"end":{"line":35,"column":null}},"9":{"start":{"line":35,"column":27},"end":{"line":35,"column":40}},"10":{"start":{"line":36,"column":4},"end":{"line":36,"column":null}},"11":{"start":{"line":36,"column":41},"end":{"line":36,"column":52}}},"fnMap":{"0":{"name":"readStream","decl":{"start":{"line":20,"column":16},"end":{"line":20,"column":27}},"loc":{"start":{"line":20,"column":66},"end":{"line":38,"column":null}},"line":20},"1":{"name":"(anonymous_1)","decl":{"start":{"line":21,"column":13},"end":{"line":21,"column":22}},"loc":{"start":{"line":21,"column":42},"end":{"line":37,"column":3}},"line":21},"2":{"name":"(anonymous_2)","decl":{"start":{"line":32,"column":14},"end":{"line":32,"column":23}},"loc":{"start":{"line":32,"column":42},"end":{"line":34,"column":5}},"line":32},"3":{"name":"(anonymous_3)","decl":{"start":{"line":35,"column":14},"end":{"line":35,"column":27}},"loc":{"start":{"line":35,"column":27},"end":{"line":35,"column":40}},"line":35},"4":{"name":"(anonymous_4)","decl":{"start":{"line":36,"column":14},"end":{"line":36,"column":24}},"loc":{"start":{"line":36,"column":41},"end":{"line":36,"column":52}},"line":36}},"branchMap":{"0":{"loc":{"start":{"line":22,"column":4},"end":{"line":29,"column":null}},"type":"if","locations":[{"start":{"line":22,"column":4},"end":{"line":29,"column":null}},{"start":{},"end":{}}],"line":22}},"s":{"0":4,"1":4,"2":1,"3":1,"4":3,"5":3,"6":3,"7":2,"8":3,"9":2,"10":3,"11":1},"f":{"0":4,"1":4,"2":2,"3":2,"4":1},"b":{"0":[1,3]},"meta":{"lastBranch":1,"lastFunction":5,"lastStatement":12,"seen":{"f:20:16:20:27":0,"s:21:2:37:Infinity":0,"f:21:13:21:22":1,"b:22:4:29:Infinity:undefined:undefined:undefined:undefined":0,"s:22:4:29:Infinity":1,"s:23:6:27:Infinity":2,"s:28:6:28:Infinity":3,"s:30:15:30:Infinity":4,"s:31:4:31:Infinity":5,"s:32:4:34:Infinity":6,"f:32:14:32:23":2,"s:33:6:33:Infinity":7,"s:35:4:35:Infinity":8,"f:35:14:35:27":3,"s:35:27:35:40":9,"s:36:4:36:Infinity":10,"f:36:14:36:24":4,"s:36:41:36:52":11},"fnNames":{}}}
,"/home/dev/repos/club/packages/cli/src/update.ts": {"path":"/home/dev/repos/club/packages/cli/src/update.ts","statementMap":{"0":{"start":{"line":18,"column":21},"end":{"line":18,"column":null}},"1":{"start":{"line":19,"column":25},"end":{"line":19,"column":null}},"2":{"start":{"line":20,"column":15},"end":{"line":20,"column":null}},"3":{"start":{"line":21,"column":27},"end":{"line":21,"column":null}},"4":{"start":{"line":22,"column":19},"end":{"line":22,"column":null}},"5":{"start":{"line":25,"column":39},"end":{"line":25,"column":null}},"6":{"start":{"line":32,"column":2},"end":{"line":32,"column":null}},"7":{"start":{"line":52,"column":8},"end":{"line":59,"column":null}},"8":{"start":{"line":53,"column":4},"end":{"line":59,"column":null}},"9":{"start":{"line":57,"column":18},"end":{"line":57,"column":null}},"10":{"start":{"line":58,"column":8},"end":{"line":58,"column":null}},"11":{"start":{"line":60,"column":13},"end":{"line":60,"column":null}},"12":{"start":{"line":61,"column":13},"end":{"line":61,"column":null}},"13":{"start":{"line":62,"column":14},"end":{"line":62,"column":null}},"14":{"start":{"line":63,"column":2},"end":{"line":67,"column":null}},"15":{"start":{"line":63,"column":15},"end":{"line":63,"column":18}},"16":{"start":{"line":64,"column":15},"end":{"line":64,"column":null}},"17":{"start":{"line":65,"column":15},"end":{"line":65,"column":null}},"18":{"start":{"line":66,"column":4},"end":{"line":66,"column":null}},"19":{"start":{"line":66,"column":19},"end":{"line":66,"column":null}},"20":{"start":{"line":68,"column":2},"end":{"line":68,"column":null}},"21":{"start":{"line":72,"column":2},"end":{"line":72,"column":null}},"22":{"start":{"line":78,"column":2},"end":{"line":84,"column":null}},"23":{"start":{"line":79,"column":16},"end":{"line":79,"column":null}},"24":{"start":{"line":80,"column":16},"end":{"line":80,"column":null}},"25":{"start":{"line":81,"column":4},"end":{"line":81,"column":null}},"26":{"start":{"line":83,"column":4},"end":{"line":83,"column":null}},"27":{"start":{"line":88,"column":2},"end":{"line":94,"column":null}},"28":{"start":{"line":89,"column":14},"end":{"line":89,"column":null}},"29":{"start":{"line":90,"column":4},"end":{"line":90,"column":null}},"30":{"start":{"line":90,"column":33},"end":{"line":90,"column":null}},"31":{"start":{"line":91,"column":4},"end":{"line":91,"column":null}},"32":{"start":{"line":104,"column":15},"end":{"line":104,"column":null}},"33":{"start":{"line":105,"column":16},"end":{"line":105,"column":null}},"34":{"start":{"line":105,"column":33},"end":{"line":105,"column":47}},"35":{"start":{"line":106,"column":2},"end":{"line":116,"column":null}},"36":{"start":{"line":107,"column":16},"end":{"line":107,"column":null}},"37":{"start":{"line":108,"column":4},"end":{"line":108,"column":null}},"38":{"start":{"line":108,"column":17},"end":{"line":108,"column":null}},"39":{"start":{"line":109,"column":18},"end":{"line":109,"column":null}},"40":{"start":{"line":110,"column":14},"end":{"line":110,"column":null}},"41":{"start":{"line":111,"column":4},"end":{"line":111,"column":null}},"42":{"start":{"line":113,"column":4},"end":{"line":113,"column":null}},"43":{"start":{"line":115,"column":4},"end":{"line":115,"column":null}},"44":{"start":{"line":130,"column":16},"end":{"line":130,"column":null}},"45":{"start":{"line":131,"column":14},"end":{"line":131,"column":null}},"46":{"start":{"line":133,"column":2},"end":{"line":135,"column":null}},"47":{"start":{"line":134,"column":4},"end":{"line":134,"column":null}},"48":{"start":{"line":137,"column":16},"end":{"line":137,"column":null}},"49":{"start":{"line":140,"column":2},"end":{"line":147,"column":null}},"50":{"start":{"line":142,"column":4},"end":{"line":142,"column":null}},"51":{"start":{"line":144,"column":4},"end":{"line":144,"column":null}},"52":{"start":{"line":146,"column":4},"end":{"line":146,"column":null}},"53":{"start":{"line":149,"column":2},"end":{"line":149,"column":null}},"54":{"start":{"line":149,"column":15},"end":{"line":149,"column":null}},"55":{"start":{"line":150,"column":2},"end":{"line":150,"column":null}},"56":{"start":{"line":162,"column":2},"end":{"line":173,"column":null}},"57":{"start":{"line":163,"column":18},"end":{"line":167,"column":null}},"58":{"start":{"line":168,"column":4},"end":{"line":168,"column":null}},"59":{"start":{"line":169,"column":4},"end":{"line":172,"column":null}},"60":{"start":{"line":170,"column":6},"end":{"line":171,"column":null}},"61":{"start":{"line":170,"column":22},"end":{"line":170,"column":null}},"62":{"start":{"line":171,"column":11},"end":{"line":171,"column":null}},"63":{"start":{"line":185,"column":2},"end":{"line":194,"column":null}},"64":{"start":{"line":186,"column":18},"end":{"line":189,"column":null}},"65":{"start":{"line":190,"column":4},"end":{"line":190,"column":null}},"66":{"start":{"line":191,"column":4},"end":{"line":193,"column":null}},"67":{"start":{"line":192,"column":6},"end":{"line":192,"column":null}},"68":{"start":{"line":204,"column":2},"end":{"line":204,"column":null}},"69":{"start":{"line":205,"column":2},"end":{"line":214,"column":null}},"70":{"start":{"line":206,"column":4},"end":{"line":206,"column":null}},"71":{"start":{"line":207,"column":4},"end":{"line":207,"column":null}},"72":{"start":{"line":209,"column":18},"end":{"line":209,"column":null}},"73":{"start":{"line":210,"column":4},"end":{"line":210,"column":null}},"74":{"start":{"line":211,"column":4},"end":{"line":213,"column":null}},"75":{"start":{"line":222,"column":13},"end":{"line":222,"column":null}},"76":{"start":{"line":223,"column":2},"end":{"line":223,"column":null}}},"fnMap":{"0":{"name":"updateCachePath","decl":{"start":{"line":31,"column":16},"end":{"line":31,"column":42}},"loc":{"start":{"line":31,"column":42},"end":{"line":33,"column":null}},"line":31},"1":{"name":"compareVersions","decl":{"start":{"line":51,"column":16},"end":{"line":51,"column":32}},"loc":{"start":{"line":51,"column":62},"end":{"line":69,"column":null}},"line":51},"2":{"name":"(anonymous_2)","decl":{"start":{"line":52,"column":8},"end":{"line":52,"column":17}},"loc":{"start":{"line":53,"column":4},"end":{"line":59,"column":null}},"line":53},"3":{"name":"(anonymous_3)","decl":{"start":{"line":56,"column":7},"end":{"line":56,"column":12}},"loc":{"start":{"line":56,"column":18},"end":{"line":59,"column":7}},"line":56},"4":{"name":"isNewer","decl":{"start":{"line":71,"column":16},"end":{"line":71,"column":24}},"loc":{"start":{"line":71,"column":66},"end":{"line":73,"column":null}},"line":71},"5":{"name":"readCache","decl":{"start":{"line":77,"column":9},"end":{"line":77,"column":34}},"loc":{"start":{"line":77,"column":34},"end":{"line":85,"column":null}},"line":77},"6":{"name":"writeCache","decl":{"start":{"line":87,"column":9},"end":{"line":87,"column":20}},"loc":{"start":{"line":87,"column":42},"end":{"line":95,"column":null}},"line":87},"7":{"name":"fetchLatestVersion","decl":{"start":{"line":103,"column":22},"end":{"line":103,"column":67}},"loc":{"start":{"line":103,"column":67},"end":{"line":117,"column":null}},"line":103},"8":{"name":"(anonymous_8)","decl":{"start":{"line":105,"column":16},"end":{"line":105,"column":33}},"loc":{"start":{"line":105,"column":33},"end":{"line":105,"column":47}},"line":105},"9":{"name":"checkForUpdate","decl":{"start":{"line":129,"column":22},"end":{"line":129,"column":92}},"loc":{"start":{"line":129,"column":92},"end":{"line":151,"column":null}},"line":129},"10":{"name":"runSelfUpdate","decl":{"start":{"line":161,"column":16},"end":{"line":161,"column":47}},"loc":{"start":{"line":161,"column":47},"end":{"line":174,"column":null}},"line":161},"11":{"name":"(anonymous_11)","decl":{"start":{"line":162,"column":13},"end":{"line":162,"column":28}},"loc":{"start":{"line":162,"column":48},"end":{"line":173,"column":3}},"line":162},"12":{"name":"(anonymous_12)","decl":{"start":{"line":169,"column":13},"end":{"line":169,"column":22}},"loc":{"start":{"line":169,"column":31},"end":{"line":172,"column":5}},"line":169},"13":{"name":"relaunchWithSameArgs","decl":{"start":{"line":184,"column":16},"end":{"line":184,"column":55}},"loc":{"start":{"line":184,"column":55},"end":{"line":195,"column":null}},"line":184},"14":{"name":"(anonymous_14)","decl":{"start":{"line":185,"column":13},"end":{"line":185,"column":29}},"loc":{"start":{"line":185,"column":50},"end":{"line":194,"column":3}},"line":185},"15":{"name":"(anonymous_15)","decl":{"start":{"line":191,"column":13},"end":{"line":191,"column":22}},"loc":{"start":{"line":191,"column":39},"end":{"line":193,"column":5}},"line":191},"16":{"name":"autoUpdateAndRelaunch","decl":{"start":{"line":203,"column":22},"end":{"line":203,"column":44}},"loc":{"start":{"line":203,"column":75},"end":{"line":215,"column":null}},"line":203},"17":{"name":"isDevRun","decl":{"start":{"line":221,"column":16},"end":{"line":221,"column":36}},"loc":{"start":{"line":221,"column":36},"end":{"line":224,"column":null}},"line":221}},"branchMap":{"0":{"loc":{"start":{"line":58,"column":15},"end":{"line":58,"column":null}},"type":"cond-expr","locations":[{"start":{"line":58,"column":36},"end":{"line":58,"column":40}},{"start":{"line":58,"column":40},"end":{"line":58,"column":null}}],"line":58},"1":{"loc":{"start":{"line":64,"column":15},"end":{"line":64,"column":null}},"type":"binary-expr","locations":[{"start":{"line":64,"column":15},"end":{"line":64,"column":24}},{"start":{"line":64,"column":24},"end":{"line":64,"column":null}}],"line":64},"2":{"loc":{"start":{"line":65,"column":15},"end":{"line":65,"column":null}},"type":"binary-expr","locations":[{"start":{"line":65,"column":15},"end":{"line":65,"column":24}},{"start":{"line":65,"column":24},"end":{"line":65,"column":null}}],"line":65},"3":{"loc":{"start":{"line":66,"column":4},"end":{"line":66,"column":null}},"type":"if","locations":[{"start":{"line":66,"column":4},"end":{"line":66,"column":null}},{"start":{},"end":{}}],"line":66},"4":{"loc":{"start":{"line":66,"column":26},"end":{"line":66,"column":null}},"type":"cond-expr","locations":[{"start":{"line":66,"column":36},"end":{"line":66,"column":41}},{"start":{"line":66,"column":41},"end":{"line":66,"column":null}}],"line":66},"5":{"loc":{"start":{"line":81,"column":11},"end":{"line":81,"column":null}},"type":"cond-expr","locations":[{"start":{"line":81,"column":45},"end":{"line":81,"column":67}},{"start":{"line":81,"column":67},"end":{"line":81,"column":null}}],"line":81},"6":{"loc":{"start":{"line":81,"column":11},"end":{"line":81,"column":45}},"type":"binary-expr","locations":[{"start":{"line":81,"column":11},"end":{"line":81,"column":18}},{"start":{"line":81,"column":18},"end":{"line":81,"column":45}}],"line":81},"7":{"loc":{"start":{"line":90,"column":4},"end":{"line":90,"column":null}},"type":"if","locations":[{"start":{"line":90,"column":4},"end":{"line":90,"column":null}},{"start":{},"end":{}}],"line":90},"8":{"loc":{"start":{"line":108,"column":4},"end":{"line":108,"column":null}},"type":"if","locations":[{"start":{"line":108,"column":4},"end":{"line":108,"column":null}},{"start":{},"end":{}}],"line":108},"9":{"loc":{"start":{"line":111,"column":11},"end":{"line":111,"column":null}},"type":"cond-expr","locations":[{"start":{"line":111,"column":57},"end":{"line":111,"column":61}},{"start":{"line":111,"column":61},"end":{"line":111,"column":null}}],"line":111},"10":{"loc":{"start":{"line":111,"column":11},"end":{"line":111,"column":57}},"type":"binary-expr","locations":[{"start":{"line":111,"column":11},"end":{"line":111,"column":36}},{"start":{"line":111,"column":36},"end":{"line":111,"column":57}}],"line":111},"11":{"loc":{"start":{"line":133,"column":2},"end":{"line":135,"column":null}},"type":"if","locations":[{"start":{"line":133,"column":2},"end":{"line":135,"column":null}},{"start":{},"end":{}}],"line":133},"12":{"loc":{"start":{"line":133,"column":6},"end":{"line":133,"column":68}},"type":"binary-expr","locations":[{"start":{"line":133,"column":6},"end":{"line":133,"column":45}},{"start":{"line":133,"column":45},"end":{"line":133,"column":68}}],"line":133},"13":{"loc":{"start":{"line":137,"column":16},"end":{"line":137,"column":null}},"type":"binary-expr","locations":[{"start":{"line":137,"column":16},"end":{"line":137,"column":55}},{"start":{"line":137,"column":55},"end":{"line":137,"column":null}}],"line":137},"14":{"loc":{"start":{"line":140,"column":2},"end":{"line":147,"column":null}},"type":"if","locations":[{"start":{"line":140,"column":2},"end":{"line":147,"column":null}},{"start":{"line":143,"column":9},"end":{"line":147,"column":null}}],"line":140},"15":{"loc":{"start":{"line":142,"column":13},"end":{"line":142,"column":null}},"type":"cond-expr","locations":[{"start":{"line":142,"column":48},"end":{"line":142,"column":63}},{"start":{"line":142,"column":63},"end":{"line":142,"column":null}}],"line":142},"16":{"loc":{"start":{"line":146,"column":31},"end":{"line":146,"column":58}},"type":"cond-expr","locations":[{"start":{"line":146,"column":40},"end":{"line":146,"column":53}},{"start":{"line":146,"column":53},"end":{"line":146,"column":58}}],"line":146},"17":{"loc":{"start":{"line":149,"column":2},"end":{"line":149,"column":null}},"type":"if","locations":[{"start":{"line":149,"column":2},"end":{"line":149,"column":null}},{"start":{},"end":{}}],"line":149},"18":{"loc":{"start":{"line":170,"column":6},"end":{"line":171,"column":null}},"type":"if","locations":[{"start":{"line":170,"column":6},"end":{"line":171,"column":null}},{"start":{"line":171,"column":11},"end":{"line":171,"column":null}}],"line":170},"19":{"loc":{"start":{"line":192,"column":19},"end":{"line":192,"column":45}},"type":"binary-expr","locations":[{"start":{"line":192,"column":19},"end":{"line":192,"column":28}},{"start":{"line":192,"column":28},"end":{"line":192,"column":45}}],"line":192},"20":{"loc":{"start":{"line":192,"column":28},"end":{"line":192,"column":45}},"type":"cond-expr","locations":[{"start":{"line":192,"column":37},"end":{"line":192,"column":43}},{"start":{"line":192,"column":43},"end":{"line":192,"column":45}}],"line":192},"21":{"loc":{"start":{"line":222,"column":13},"end":{"line":222,"column":null}},"type":"binary-expr","locations":[{"start":{"line":222,"column":13},"end":{"line":222,"column":32}},{"start":{"line":222,"column":32},"end":{"line":222,"column":null}}],"line":222}},"s":{"0":1,"1":1,"2":1,"3":1,"4":1,"5":1,"6":21,"7":18,"8":36,"9":107,"10":107,"11":18,"12":18,"13":18,"14":18,"15":18,"16":42,"17":42,"18":42,"19":10,"20":8,"21":8,"22":8,"23":8,"24":8,"25":8,"26":2,"27":4,"28":4,"29":4,"30":0,"31":4,"32":9,"33":9,"34":0,"35":9,"36":9,"37":7,"38":1,"39":6,"40":6,"41":9,"42":2,"43":9,"44":8,"45":8,"46":8,"47":1,"48":7,"49":8,"50":3,"51":4,"52":4,"53":7,"54":2,"55":5,"56":0,"57":0,"58":0,"59":0,"60":0,"61":0,"62":0,"63":0,"64":0,"65":0,"66":0,"67":0,"68":0,"69":0,"70":0,"71":0,"72":0,"73":0,"74":0,"75":0,"76":0},"f":{"0":21,"1":18,"2":36,"3":107,"4":8,"5":8,"6":4,"7":9,"8":0,"9":8,"10":0,"11":0,"12":0,"13":0,"14":0,"15":0,"16":0,"17":0},"b":{"0":[104,3],"1":[42,1],"2":[42,0],"3":[10,32],"4":[2,8],"5":[6,0],"6":[8,6],"7":[0,4],"8":[1,6],"9":[4,2],"10":[9,5],"11":[1,7],"12":[8,2],"13":[7,5],"14":[3,4],"15":[2,1],"16":[3,1],"17":[2,5],"18":[0,0],"19":[0,0],"20":[0,0],"21":[0,0]},"meta":{"lastBranch":22,"lastFunction":18,"lastStatement":77,"seen":{"s:18:21:18:Infinity":0,"s:19:25:19:Infinity":1,"s:20:15:20:Infinity":2,"s:21:27:21:Infinity":3,"s:22:19:22:Infinity":4,"s:25:39:25:Infinity":5,"f:31:16:31:42":0,"s:32:2:32:Infinity":6,"f:51:16:51:32":1,"s:52:8:59:Infinity":7,"f:52:8:52:17":2,"s:53:4:59:Infinity":8,"f:56:7:56:12":3,"s:57:18:57:Infinity":9,"s:58:8:58:Infinity":10,"b:58:36:58:40:58:40:58:Infinity":0,"s:60:13:60:Infinity":11,"s:61:13:61:Infinity":12,"s:62:14:62:Infinity":13,"s:63:2:67:Infinity":14,"s:63:15:63:18":15,"s:64:15:64:Infinity":16,"b:64:15:64:24:64:24:64:Infinity":1,"s:65:15:65:Infinity":17,"b:65:15:65:24:65:24:65:Infinity":2,"b:66:4:66:Infinity:undefined:undefined:undefined:undefined":3,"s:66:4:66:Infinity":18,"s:66:19:66:Infinity":19,"b:66:36:66:41:66:41:66:Infinity":4,"s:68:2:68:Infinity":20,"f:71:16:71:24":4,"s:72:2:72:Infinity":21,"f:77:9:77:34":5,"s:78:2:84:Infinity":22,"s:79:16:79:Infinity":23,"s:80:16:80:Infinity":24,"s:81:4:81:Infinity":25,"b:81:45:81:67:81:67:81:Infinity":5,"b:81:11:81:18:81:18:81:45":6,"s:83:4:83:Infinity":26,"f:87:9:87:20":6,"s:88:2:94:Infinity":27,"s:89:14:89:Infinity":28,"b:90:4:90:Infinity:undefined:undefined:undefined:undefined":7,"s:90:4:90:Infinity":29,"s:90:33:90:Infinity":30,"s:91:4:91:Infinity":31,"f:103:22:103:67":7,"s:104:15:104:Infinity":32,"s:105:16:105:Infinity":33,"f:105:16:105:33":8,"s:105:33:105:47":34,"s:106:2:116:Infinity":35,"s:107:16:107:Infinity":36,"b:108:4:108:Infinity:undefined:undefined:undefined:undefined":8,"s:108:4:108:Infinity":37,"s:108:17:108:Infinity":38,"s:109:18:109:Infinity":39,"s:110:14:110:Infinity":40,"s:111:4:111:Infinity":41,"b:111:57:111:61:111:61:111:Infinity":9,"b:111:11:111:36:111:36:111:57":10,"s:113:4:113:Infinity":42,"s:115:4:115:Infinity":43,"f:129:22:129:92":9,"s:130:16:130:Infinity":44,"s:131:14:131:Infinity":45,"b:133:2:135:Infinity:undefined:undefined:undefined:undefined":11,"s:133:2:135:Infinity":46,"b:133:6:133:45:133:45:133:68":12,"s:134:4:134:Infinity":47,"s:137:16:137:Infinity":48,"b:137:16:137:55:137:55:137:Infinity":13,"b:140:2:147:Infinity:143:9:147:Infinity":14,"s:140:2:147:Infinity":49,"s:142:4:142:Infinity":50,"b:142:48:142:63:142:63:142:Infinity":15,"s:144:4:144:Infinity":51,"s:146:4:146:Infinity":52,"b:146:40:146:53:146:53:146:58":16,"b:149:2:149:Infinity:undefined:undefined:undefined:undefined":17,"s:149:2:149:Infinity":53,"s:149:15:149:Infinity":54,"s:150:2:150:Infinity":55,"f:161:16:161:47":10,"s:162:2:173:Infinity":56,"f:162:13:162:28":11,"s:163:18:167:Infinity":57,"s:168:4:168:Infinity":58,"s:169:4:172:Infinity":59,"f:169:13:169:22":12,"b:170:6:171:Infinity:171:11:171:Infinity":18,"s:170:6:171:Infinity":60,"s:170:22:170:Infinity":61,"s:171:11:171:Infinity":62,"f:184:16:184:55":13,"s:185:2:194:Infinity":63,"f:185:13:185:29":14,"s:186:18:189:Infinity":64,"s:190:4:190:Infinity":65,"s:191:4:193:Infinity":66,"f:191:13:191:22":15,"s:192:6:192:Infinity":67,"b:192:19:192:28:192:28:192:45":19,"b:192:37:192:43:192:43:192:45":20,"f:203:22:203:44":16,"s:204:2:204:Infinity":68,"s:205:2:214:Infinity":69,"s:206:4:206:Infinity":70,"s:207:4:207:Infinity":71,"s:209:18:209:Infinity":72,"s:210:4:210:Infinity":73,"s:211:4:213:Infinity":74,"f:221:16:221:36":17,"s:222:13:222:Infinity":75,"b:222:13:222:32:222:32:222:Infinity":21,"s:223:2:223:Infinity":76},"fnNames":{}}}
,"/home/dev/repos/club/packages/cli/src/commands/enter.ts": {"path":"/home/dev/repos/club/packages/cli/src/commands/enter.ts","statementMap":{"0":{"start":{"line":43,"column":15},"end":{"line":43,"column":null}},"1":{"start":{"line":44,"column":2},"end":{"line":48,"column":null}},"2":{"start":{"line":45,"column":4},"end":{"line":47,"column":null}},"3":{"start":{"line":49,"column":15},"end":{"line":49,"column":null}},"4":{"start":{"line":50,"column":2},"end":{"line":50,"column":null}},"5":{"start":{"line":51,"column":2},"end":{"line":51,"column":null}},"6":{"start":{"line":55,"column":2},"end":{"line":66,"column":null}},"7":{"start":{"line":59,"column":18},"end":{"line":59,"column":32}},"8":{"start":{"line":60,"column":21},"end":{"line":60,"column":null}},"9":{"start":{"line":61,"column":26},"end":{"line":64,"column":null}},"10":{"start":{"line":63,"column":29},"end":{"line":63,"column":51}},"11":{"start":{"line":65,"column":6},"end":{"line":65,"column":null}}},"fnMap":{"0":{"name":"runEnter","decl":{"start":{"line":42,"column":22},"end":{"line":42,"column":31}},"loc":{"start":{"line":42,"column":89},"end":{"line":52,"column":null}},"line":42},"1":{"name":"makeEnterCommand","decl":{"start":{"line":54,"column":16},"end":{"line":54,"column":44}},"loc":{"start":{"line":54,"column":44},"end":{"line":67,"column":null}},"line":54},"2":{"name":"(anonymous_2)","decl":{"start":{"line":58,"column":12},"end":{"line":58,"column":19}},"loc":{"start":{"line":58,"column":36},"end":{"line":66,"column":5}},"line":58},"3":{"name":"(anonymous_3)","decl":{"start":{"line":63,"column":10},"end":{"line":63,"column":23}},"loc":{"start":{"line":63,"column":29},"end":{"line":63,"column":51}},"line":63}},"branchMap":{"0":{"loc":{"start":{"line":44,"column":2},"end":{"line":48,"column":null}},"type":"if","locations":[{"start":{"line":44,"column":2},"end":{"line":48,"column":null}},{"start":{},"end":{}}],"line":44}},"s":{"0":7,"1":7,"2":2,"3":5,"4":5,"5":5,"6":0,"7":0,"8":0,"9":0,"10":0,"11":0},"f":{"0":7,"1":0,"2":0,"3":0},"b":{"0":[2,5]},"meta":{"lastBranch":1,"lastFunction":4,"lastStatement":12,"seen":{"f:42:22:42:31":0,"s:43:15:43:Infinity":0,"b:44:2:48:Infinity:undefined:undefined:undefined:undefined":0,"s:44:2:48:Infinity":1,"s:45:4:47:Infinity":2,"s:49:15:49:Infinity":3,"s:50:2:50:Infinity":4,"s:51:2:51:Infinity":5,"f:54:16:54:44":1,"s:55:2:66:Infinity":6,"f:58:12:58:19":2,"s:59:18:59:32":7,"s:60:21:60:Infinity":8,"s:61:26:64:Infinity":9,"f:63:10:63:23":3,"s:63:29:63:51":10,"s:65:6:65:Infinity":11},"fnNames":{}}}
,"/home/dev/repos/club/packages/cli/src/commands/join.ts": {"path":"/home/dev/repos/club/packages/cli/src/commands/join.ts","statementMap":{"0":{"start":{"line":48,"column":4},"end":{"line":48,"column":null}},"1":{"start":{"line":47,"column":21},"end":{"line":47,"column":35}},"2":{"start":{"line":49,"column":4},"end":{"line":49,"column":null}},"3":{"start":{"line":54,"column":17},"end":{"line":54,"column":null}},"4":{"start":{"line":56,"column":2},"end":{"line":63,"column":null}},"5":{"start":{"line":57,"column":4},"end":{"line":57,"column":null}},"6":{"start":{"line":59,"column":4},"end":{"line":61,"column":null}},"7":{"start":{"line":60,"column":6},"end":{"line":60,"column":null}},"8":{"start":{"line":62,"column":4},"end":{"line":62,"column":null}},"9":{"start":{"line":64,"column":2},"end":{"line":64,"column":null}},"10":{"start":{"line":65,"column":2},"end":{"line":65,"column":null}},"11":{"start":{"line":72,"column":2},"end":{"line":79,"column":null}},"12":{"start":{"line":83,"column":2},"end":{"line":108,"column":null}},"13":{"start":{"line":88,"column":21},"end":{"line":88,"column":null}},"14":{"start":{"line":89,"column":21},"end":{"line":89,"column":null}},"15":{"start":{"line":90,"column":6},"end":{"line":107,"column":null}},"16":{"start":{"line":91,"column":45},"end":{"line":97,"column":null}},"17":{"start":{"line":94,"column":42},"end":{"line":94,"column":null}},"18":{"start":{"line":101,"column":8},"end":{"line":103,"column":null}},"19":{"start":{"line":102,"column":10},"end":{"line":102,"column":null}},"20":{"start":{"line":105,"column":8},"end":{"line":105,"column":null}},"21":{"start":{"line":106,"column":8},"end":{"line":106,"column":null}}},"fnMap":{"0":{"name":"constructor","decl":{"start":{"line":47,"column":2},"end":{"line":47,"column":14}},"loc":{"start":{"line":47,"column":35},"end":{"line":50,"column":null}},"line":47},"1":{"name":"runJoin","decl":{"start":{"line":53,"column":22},"end":{"line":53,"column":30}},"loc":{"start":{"line":53,"column":85},"end":{"line":66,"column":null}},"line":53},"2":{"name":"renderJoinSuccess","decl":{"start":{"line":68,"column":16},"end":{"line":68,"column":34}},"loc":{"start":{"line":71,"column":13},"end":{"line":80,"column":null}},"line":71},"3":{"name":"makeJoinCommand","decl":{"start":{"line":82,"column":16},"end":{"line":82,"column":43}},"loc":{"start":{"line":82,"column":43},"end":{"line":109,"column":null}},"line":82},"4":{"name":"(anonymous_4)","decl":{"start":{"line":87,"column":12},"end":{"line":87,"column":19}},"loc":{"start":{"line":87,"column":62},"end":{"line":108,"column":5}},"line":87},"5":{"name":"(anonymous_5)","decl":{"start":{"line":94,"column":12},"end":{"line":94,"column":32}},"loc":{"start":{"line":94,"column":42},"end":{"line":94,"column":null}},"line":94}},"branchMap":{"0":{"loc":{"start":{"line":59,"column":4},"end":{"line":61,"column":null}},"type":"if","locations":[{"start":{"line":59,"column":4},"end":{"line":61,"column":null}},{"start":{},"end":{}}],"line":59},"1":{"loc":{"start":{"line":59,"column":8},"end":{"line":59,"column":59}},"type":"binary-expr","locations":[{"start":{"line":59,"column":8},"end":{"line":59,"column":39}},{"start":{"line":59,"column":39},"end":{"line":59,"column":59}}],"line":59}},"s":{"0":2,"1":2,"2":2,"3":6,"4":6,"5":6,"6":4,"7":2,"8":2,"9":2,"10":2,"11":3,"12":0,"13":0,"14":0,"15":0,"16":0,"17":0,"18":0,"19":0,"20":0,"21":0},"f":{"0":2,"1":6,"2":3,"3":0,"4":0,"5":0},"b":{"0":[2,2],"1":[4,4]},"meta":{"lastBranch":2,"lastFunction":6,"lastStatement":22,"seen":{"f:47:2:47:14":0,"s:48:4:48:Infinity":0,"s:47:21:47:35":1,"s:49:4:49:Infinity":2,"f:53:22:53:30":1,"s:54:17:54:Infinity":3,"s:56:2:63:Infinity":4,"s:57:4:57:Infinity":5,"b:59:4:61:Infinity:undefined:undefined:undefined:undefined":0,"s:59:4:61:Infinity":6,"b:59:8:59:39:59:39:59:59":1,"s:60:6:60:Infinity":7,"s:62:4:62:Infinity":8,"s:64:2:64:Infinity":9,"s:65:2:65:Infinity":10,"f:68:16:68:34":2,"s:72:2:79:Infinity":11,"f:82:16:82:43":3,"s:83:2:108:Infinity":12,"f:87:12:87:19":4,"s:88:21:88:Infinity":13,"s:89:21:89:Infinity":14,"s:90:6:107:Infinity":15,"s:91:45:97:Infinity":16,"f:94:12:94:32":5,"s:94:42:94:Infinity":17,"s:101:8:103:Infinity":18,"s:102:10:102:Infinity":19,"s:105:8:105:Infinity":20,"s:106:8:106:Infinity":21},"fnNames":{}}}
,"/home/dev/repos/club/packages/cli/src/commands/rooms.ts": {"path":"/home/dev/repos/club/packages/cli/src/commands/rooms.ts","statementMap":{"0":{"start":{"line":21,"column":17},"end":{"line":21,"column":null}},"1":{"start":{"line":22,"column":14},"end":{"line":22,"column":null}},"2":{"start":{"line":23,"column":2},"end":{"line":23,"column":null}},"3":{"start":{"line":27,"column":2},"end":{"line":35,"column":null}},"4":{"start":{"line":30,"column":18},"end":{"line":30,"column":32}},"5":{"start":{"line":31,"column":19},"end":{"line":31,"column":null}},"6":{"start":{"line":32,"column":22},"end":{"line":32,"column":null}},"7":{"start":{"line":33,"column":6},"end":{"line":33,"column":null}},"8":{"start":{"line":33,"column":28},"end":{"line":33,"column":null}},"9":{"start":{"line":34,"column":6},"end":{"line":34,"column":null}},"10":{"start":{"line":34,"column":29},"end":{"line":34,"column":null}}},"fnMap":{"0":{"name":"formatRoomLine","decl":{"start":{"line":20,"column":16},"end":{"line":20,"column":31}},"loc":{"start":{"line":20,"column":68},"end":{"line":24,"column":null}},"line":20},"1":{"name":"makeRoomsCommand","decl":{"start":{"line":26,"column":16},"end":{"line":26,"column":44}},"loc":{"start":{"line":26,"column":44},"end":{"line":36,"column":null}},"line":26},"2":{"name":"(anonymous_2)","decl":{"start":{"line":29,"column":12},"end":{"line":29,"column":24}},"loc":{"start":{"line":29,"column":24},"end":{"line":35,"column":5}},"line":29}},"branchMap":{"0":{"loc":{"start":{"line":21,"column":17},"end":{"line":21,"column":null}},"type":"cond-expr","locations":[{"start":{"line":21,"column":41},"end":{"line":21,"column":48}},{"start":{"line":21,"column":48},"end":{"line":21,"column":null}}],"line":21},"1":{"loc":{"start":{"line":22,"column":14},"end":{"line":22,"column":null}},"type":"cond-expr","locations":[{"start":{"line":22,"column":40},"end":{"line":22,"column":54}},{"start":{"line":22,"column":54},"end":{"line":22,"column":null}}],"line":22},"2":{"loc":{"start":{"line":34,"column":6},"end":{"line":34,"column":null}},"type":"if","locations":[{"start":{"line":34,"column":6},"end":{"line":34,"column":null}},{"start":{},"end":{}}],"line":34}},"s":{"0":6,"1":6,"2":6,"3":0,"4":0,"5":0,"6":0,"7":0,"8":0,"9":0,"10":0},"f":{"0":6,"1":0,"2":0},"b":{"0":[3,3],"1":[2,4],"2":[0,0]},"meta":{"lastBranch":3,"lastFunction":3,"lastStatement":11,"seen":{"f:20:16:20:31":0,"s:21:17:21:Infinity":0,"b:21:41:21:48:21:48:21:Infinity":0,"s:22:14:22:Infinity":1,"b:22:40:22:54:22:54:22:Infinity":1,"s:23:2:23:Infinity":2,"f:26:16:26:44":1,"s:27:2:35:Infinity":3,"f:29:12:29:24":2,"s:30:18:30:32":4,"s:31:19:31:Infinity":5,"s:32:22:32:Infinity":6,"s:33:6:33:Infinity":7,"s:33:28:33:Infinity":8,"b:34:6:34:Infinity:undefined:undefined:undefined:undefined":2,"s:34:6:34:Infinity":9,"s:34:29:34:Infinity":10},"fnNames":{}}}
,"/home/dev/repos/club/packages/cli/src/commands/send-impl.ts": {"path":"/home/dev/repos/club/packages/cli/src/commands/send-impl.ts","statementMap":{"0":{"start":{"line":47,"column":28},"end":{"line":47,"column":null}},"1":{"start":{"line":50,"column":17},"end":{"line":50,"column":null}},"2":{"start":{"line":51,"column":17},"end":{"line":51,"column":null}},"3":{"start":{"line":52,"column":20},"end":{"line":52,"column":null}},"4":{"start":{"line":54,"column":2},"end":{"line":56,"column":null}},"5":{"start":{"line":55,"column":4},"end":{"line":55,"column":null}},"6":{"start":{"line":60,"column":2},"end":{"line":60,"column":null}},"7":{"start":{"line":62,"column":34},"end":{"line":62,"column":null}},"8":{"start":{"line":63,"column":2},"end":{"line":66,"column":null}},"9":{"start":{"line":64,"column":16},"end":{"line":64,"column":null}},"10":{"start":{"line":65,"column":4},"end":{"line":65,"column":null}},"11":{"start":{"line":67,"column":2},"end":{"line":70,"column":null}},"12":{"start":{"line":68,"column":16},"end":{"line":68,"column":null}},"13":{"start":{"line":69,"column":4},"end":{"line":69,"column":null}},"14":{"start":{"line":71,"column":2},"end":{"line":74,"column":null}},"15":{"start":{"line":72,"column":16},"end":{"line":72,"column":null}},"16":{"start":{"line":73,"column":4},"end":{"line":73,"column":null}},"17":{"start":{"line":76,"column":2},"end":{"line":80,"column":null}},"18":{"start":{"line":81,"column":2},"end":{"line":81,"column":null}}},"fnMap":{"0":{"name":"runSend","decl":{"start":{"line":43,"column":22},"end":{"line":43,"column":null}},"loc":{"start":{"line":46,"column":23},"end":{"line":82,"column":null}},"line":46}},"branchMap":{"0":{"loc":{"start":{"line":50,"column":17},"end":{"line":50,"column":null}},"type":"binary-expr","locations":[{"start":{"line":50,"column":17},"end":{"line":50,"column":33}},{"start":{"line":50,"column":33},"end":{"line":50,"column":null}}],"line":50},"1":{"loc":{"start":{"line":51,"column":17},"end":{"line":51,"column":null}},"type":"binary-expr","locations":[{"start":{"line":51,"column":17},"end":{"line":51,"column":33}},{"start":{"line":51,"column":33},"end":{"line":51,"column":null}}],"line":51},"2":{"loc":{"start":{"line":52,"column":20},"end":{"line":52,"column":null}},"type":"binary-expr","locations":[{"start":{"line":52,"column":20},"end":{"line":52,"column":39}},{"start":{"line":52,"column":39},"end":{"line":52,"column":null}}],"line":52},"3":{"loc":{"start":{"line":54,"column":2},"end":{"line":56,"column":null}},"type":"if","locations":[{"start":{"line":54,"column":2},"end":{"line":56,"column":null}},{"start":{},"end":{}}],"line":54},"4":{"loc":{"start":{"line":54,"column":6},"end":{"line":54,"column":88}},"type":"binary-expr","locations":[{"start":{"line":54,"column":6},"end":{"line":54,"column":18}},{"start":{"line":54,"column":18},"end":{"line":54,"column":41}},{"start":{"line":54,"column":41},"end":{"line":54,"column":64}},{"start":{"line":54,"column":64},"end":{"line":54,"column":88}}],"line":54},"5":{"loc":{"start":{"line":78,"column":4},"end":{"line":78,"column":null}},"type":"cond-expr","locations":[{"start":{"line":78,"column":31},"end":{"line":78,"column":47}},{"start":{"line":78,"column":47},"end":{"line":78,"column":null}}],"line":78}},"s":{"0":14,"1":14,"2":14,"3":14,"4":14,"5":1,"6":13,"7":13,"8":13,"9":7,"10":5,"11":10,"12":5,"13":4,"14":9,"15":2,"16":2,"17":9,"18":9},"f":{"0":14},"b":{"0":[14,2],"1":[14,9],"2":[14,13],"3":[1,13],"4":[14,6,3,1],"5":[6,3]},"meta":{"lastBranch":6,"lastFunction":1,"lastStatement":19,"seen":{"f:43:22:43:Infinity":0,"s:47:28:47:Infinity":0,"s:50:17:50:Infinity":1,"b:50:17:50:33:50:33:50:Infinity":0,"s:51:17:51:Infinity":2,"b:51:17:51:33:51:33:51:Infinity":1,"s:52:20:52:Infinity":3,"b:52:20:52:39:52:39:52:Infinity":2,"b:54:2:56:Infinity:undefined:undefined:undefined:undefined":3,"s:54:2:56:Infinity":4,"b:54:6:54:18:54:18:54:41:54:41:54:64:54:64:54:88":4,"s:55:4:55:Infinity":5,"s:60:2:60:Infinity":6,"s:62:34:62:Infinity":7,"s:63:2:66:Infinity":8,"s:64:16:64:Infinity":9,"s:65:4:65:Infinity":10,"s:67:2:70:Infinity":11,"s:68:16:68:Infinity":12,"s:69:4:69:Infinity":13,"s:71:2:74:Infinity":14,"s:72:16:72:Infinity":15,"s:73:4:73:Infinity":16,"s:76:2:80:Infinity":17,"b:78:31:78:47:78:47:78:Infinity":5,"s:81:2:81:Infinity":18},"fnNames":{}}}
}
