{"/home/dev/repos/club/packages/shared/src/mention.ts": {"path":"/home/dev/repos/club/packages/shared/src/mention.ts","statementMap":{"0":{"start":{"line":22,"column":18},"end":{"line":22,"column":null}},"1":{"start":{"line":50,"column":2},"end":{"line":50,"column":null}},"2":{"start":{"line":50,"column":13},"end":{"line":50,"column":null}},"3":{"start":{"line":51,"column":17},"end":{"line":51,"column":null}},"4":{"start":{"line":52,"column":16},"end":{"line":52,"column":null}},"5":{"start":{"line":53,"column":10},"end":{"line":53,"column":null}},"6":{"start":{"line":54,"column":2},"end":{"line":58,"column":null}},"7":{"start":{"line":55,"column":18},"end":{"line":55,"column":null}},"8":{"start":{"line":56,"column":4},"end":{"line":56,"column":null}},"9":{"start":{"line":56,"column":55},"end":{"line":56,"column":null}},"10":{"start":{"line":57,"column":4},"end":{"line":57,"column":null}},"11":{"start":{"line":59,"column":2},"end":{"line":59,"column":null}}},"fnMap":{"0":{"name":"mentionMatches","decl":{"start":{"line":49,"column":16},"end":{"line":49,"column":31}},"loc":{"start":{"line":49,"column":71},"end":{"line":60,"column":null}},"line":49}},"branchMap":{"0":{"loc":{"start":{"line":50,"column":2},"end":{"line":50,"column":null}},"type":"if","locations":[{"start":{"line":50,"column":2},"end":{"line":50,"column":null}},{"start":{},"end":{}}],"line":50},"1":{"loc":{"start":{"line":56,"column":4},"end":{"line":56,"column":null}},"type":"if","locations":[{"start":{"line":56,"column":4},"end":{"line":56,"column":null}},{"start":{},"end":{}}],"line":56},"2":{"loc":{"start":{"line":56,"column":8},"end":{"line":56,"column":55}},"type":"binary-expr","locations":[{"start":{"line":56,"column":8},"end":{"line":56,"column":31}},{"start":{"line":56,"column":31},"end":{"line":56,"column":55}}],"line":56}},"s":{"0":1,"1":21,"2":1,"3":20,"4":20,"5":20,"6":20,"7":16,"8":16,"9":12,"10":4,"11":8},"f":{"0":21},"b":{"0":[1,20],"1":[12,4],"2":[16,10]},"meta":{"lastBranch":3,"lastFunction":1,"lastStatement":12,"seen":{"s:22:18:22:Infinity":0,"f:49:16:49:31":0,"b:50:2:50:Infinity:undefined:undefined:undefined:undefined":0,"s:50:2:50:Infinity":1,"s:50:13:50:Infinity":2,"s:51:17:51:Infinity":3,"s:52:16:52:Infinity":4,"s:53:10:53:Infinity":5,"s:54:2:58:Infinity":6,"s:55:18:55:Infinity":7,"b:56:4:56:Infinity:undefined:undefined:undefined:undefined":1,"s:56:4:56:Infinity":8,"b:56:8:56:31:56:31:56:55":2,"s:56:55:56:Infinity":9,"s:57:4:57:Infinity":10,"s:59:2:59:Infinity":11},"fnNames":{}}}
}
